RESULTS:: 16:15:55: root                                      pydial <train_command>857 :  List of domains: Laptops11
RESULTS:: 16:15:55: root                                         pydial <trainBatch>445 :  *** Training Iteration env-exploration-partial-lap-seed9-00.0->env-exploration-partial-lap-seed9-00.1: iter=0, error-rate=0, num-dialogs=1000 ***
RESULTS:: 16:19:51: root                               EvaluationManager.py <_prstr>179 :  Results for domain: Laptops11 --evaluated by: objective success evaluator
RESULTS:: 16:19:51: root                               EvaluationManager.py <_prstr>179 :  # of dialogues  = 1000
RESULTS:: 16:19:51: root                               EvaluationManager.py <_prstr>179 :  Average reward  = 3.36 +- 0.67
RESULTS:: 16:19:51: root                               EvaluationManager.py <_prstr>179 :  Average success = 57.30 +- 3.07
RESULTS:: 16:19:51: root                               EvaluationManager.py <_prstr>179 :  Average turns   = 8.10 +- 0.22
RESULTS:: 16:19:51: root                                      pydial <setEvalConfig>506 :  *** Evaluating env-exploration-partial-lap-seed9-00.1: error-rate=0 num-dialogs=500 ***
RESULTS:: 16:21:17: root                               EvaluationManager.py <_prstr>179 :  Results for domain: Laptops11 --evaluated by: objective success evaluator
RESULTS:: 16:21:17: root                               EvaluationManager.py <_prstr>179 :  # of dialogues  = 500
RESULTS:: 16:21:17: root                               EvaluationManager.py <_prstr>179 :  Average reward  = 4.77 +- 0.90
RESULTS:: 16:21:17: root                               EvaluationManager.py <_prstr>179 :  Average success = 56.00 +- 4.36
RESULTS:: 16:21:17: root                               EvaluationManager.py <_prstr>179 :  Average turns   = 6.43 +- 0.16
RESULTS:: 16:21:17: root                                      pydial <train_command>857 :  List of domains: Laptops11
RESULTS:: 16:21:17: root                                         pydial <trainBatch>445 :  *** Training Iteration env-exploration-partial-lap-seed9-00.1->env-exploration-partial-lap-seed9-00.2: iter=1, error-rate=0, num-dialogs=1000 ***
RESULTS:: 16:25:15: root                               EvaluationManager.py <_prstr>179 :  Results for domain: Laptops11 --evaluated by: objective success evaluator
RESULTS:: 16:25:15: root                               EvaluationManager.py <_prstr>179 :  # of dialogues  = 1000
RESULTS:: 16:25:15: root                               EvaluationManager.py <_prstr>179 :  Average reward  = 6.22 +- 0.58
RESULTS:: 16:25:15: root                               EvaluationManager.py <_prstr>179 :  Average success = 70.50 +- 2.83
RESULTS:: 16:25:15: root                               EvaluationManager.py <_prstr>179 :  Average turns   = 7.88 +- 0.19
RESULTS:: 16:25:15: root                                      pydial <setEvalConfig>506 :  *** Evaluating env-exploration-partial-lap-seed9-00.2: error-rate=0 num-dialogs=500 ***
RESULTS:: 16:26:50: root                               EvaluationManager.py <_prstr>179 :  Results for domain: Laptops11 --evaluated by: objective success evaluator
RESULTS:: 16:26:50: root                               EvaluationManager.py <_prstr>179 :  # of dialogues  = 500
RESULTS:: 16:26:50: root                               EvaluationManager.py <_prstr>179 :  Average reward  = 6.42 +- 0.88
RESULTS:: 16:26:50: root                               EvaluationManager.py <_prstr>179 :  Average success = 67.20 +- 4.13
RESULTS:: 16:26:50: root                               EvaluationManager.py <_prstr>179 :  Average turns   = 7.02 +- 0.18
RESULTS:: 16:26:50: root                                      pydial <train_command>857 :  List of domains: Laptops11
RESULTS:: 16:26:50: root                                         pydial <trainBatch>445 :  *** Training Iteration env-exploration-partial-lap-seed9-00.2->env-exploration-partial-lap-seed9-00.3: iter=2, error-rate=0, num-dialogs=1000 ***
RESULTS:: 16:30:50: root                               EvaluationManager.py <_prstr>179 :  Results for domain: Laptops11 --evaluated by: objective success evaluator
RESULTS:: 16:30:50: root                               EvaluationManager.py <_prstr>179 :  # of dialogues  = 1000
RESULTS:: 16:30:50: root                               EvaluationManager.py <_prstr>179 :  Average reward  = 6.99 +- 0.57
RESULTS:: 16:30:50: root                               EvaluationManager.py <_prstr>179 :  Average success = 74.00 +- 2.72
RESULTS:: 16:30:50: root                               EvaluationManager.py <_prstr>179 :  Average turns   = 7.81 +- 0.20
RESULTS:: 16:30:50: root                                      pydial <setEvalConfig>506 :  *** Evaluating env-exploration-partial-lap-seed9-00.3: error-rate=0 num-dialogs=500 ***
RESULTS:: 16:32:20: root                               EvaluationManager.py <_prstr>179 :  Results for domain: Laptops11 --evaluated by: objective success evaluator
RESULTS:: 16:32:20: root                               EvaluationManager.py <_prstr>179 :  # of dialogues  = 500
RESULTS:: 16:32:20: root                               EvaluationManager.py <_prstr>179 :  Average reward  = 5.25 +- 0.90
RESULTS:: 16:32:20: root                               EvaluationManager.py <_prstr>179 :  Average success = 58.80 +- 4.32
RESULTS:: 16:32:20: root                               EvaluationManager.py <_prstr>179 :  Average turns   = 6.51 +- 0.16
RESULTS:: 16:32:20: root                                      pydial <train_command>857 :  List of domains: Laptops11
RESULTS:: 16:32:20: root                                         pydial <trainBatch>445 :  *** Training Iteration env-exploration-partial-lap-seed9-00.3->env-exploration-partial-lap-seed9-00.4: iter=3, error-rate=0, num-dialogs=1000 ***
RESULTS:: 16:36:21: root                               EvaluationManager.py <_prstr>179 :  Results for domain: Laptops11 --evaluated by: objective success evaluator
RESULTS:: 16:36:21: root                               EvaluationManager.py <_prstr>179 :  # of dialogues  = 1000
RESULTS:: 16:36:21: root                               EvaluationManager.py <_prstr>179 :  Average reward  = 7.97 +- 0.54
RESULTS:: 16:36:21: root                               EvaluationManager.py <_prstr>179 :  Average success = 79.80 +- 2.49
RESULTS:: 16:36:21: root                               EvaluationManager.py <_prstr>179 :  Average turns   = 7.99 +- 0.20
RESULTS:: 16:36:21: root                                      pydial <train_command>869 :  List of domains: Laptops11
RESULTS:: 16:36:21: root                                      pydial <setEvalConfig>506 :  *** Evaluating env-exploration-partial-lap-seed9-00.4: error-rate=0 num-dialogs=500 ***
RESULTS:: 16:37:55: root                               EvaluationManager.py <_prstr>179 :  Results for domain: Laptops11 --evaluated by: objective success evaluator
RESULTS:: 16:37:55: root                               EvaluationManager.py <_prstr>179 :  # of dialogues  = 500
RESULTS:: 16:37:55: root                               EvaluationManager.py <_prstr>179 :  Average reward  = 5.70 +- 0.89
RESULTS:: 16:37:55: root                               EvaluationManager.py <_prstr>179 :  Average success = 63.60 +- 4.23
RESULTS:: 16:37:55: root                               EvaluationManager.py <_prstr>179 :  Average turns   = 7.02 +- 0.18
RESULTS:: 16:37:55: root                                      pydial <train_command>875 :  *** Training complete. log: env-exploration-partial-lap-seed9-00.1-4.train.log - final policy is env-exploration-partial-lap-00-04
