RESULTS:: 12:56:21: root                                      pydial <train_command>857 :  List of domains: Laptops11
RESULTS:: 12:56:21: root                                         pydial <trainBatch>445 :  *** Training Iteration env-exploration-partial-lap-seed0-00.0->env-exploration-partial-lap-seed0-00.1: iter=0, error-rate=0, num-dialogs=1000 ***
RESULTS:: 13:00:21: root                               EvaluationManager.py <_prstr>179 :  Results for domain: Laptops11 --evaluated by: objective success evaluator
RESULTS:: 13:00:21: root                               EvaluationManager.py <_prstr>179 :  # of dialogues  = 1000
RESULTS:: 13:00:21: root                               EvaluationManager.py <_prstr>179 :  Average reward  = 4.38 +- 0.63
RESULTS:: 13:00:21: root                               EvaluationManager.py <_prstr>179 :  Average success = 61.20 +- 3.02
RESULTS:: 13:00:21: root                               EvaluationManager.py <_prstr>179 :  Average turns   = 7.86 +- 0.18
RESULTS:: 13:00:21: root                                      pydial <setEvalConfig>506 :  *** Evaluating env-exploration-partial-lap-seed0-00.1: error-rate=0 num-dialogs=500 ***
RESULTS:: 13:01:56: root                               EvaluationManager.py <_prstr>179 :  Results for domain: Laptops11 --evaluated by: objective success evaluator
RESULTS:: 13:01:56: root                               EvaluationManager.py <_prstr>179 :  # of dialogues  = 500
RESULTS:: 13:01:56: root                               EvaluationManager.py <_prstr>179 :  Average reward  = 8.68 +- 0.77
RESULTS:: 13:01:56: root                               EvaluationManager.py <_prstr>179 :  Average success = 78.60 +- 3.60
RESULTS:: 13:01:56: root                               EvaluationManager.py <_prstr>179 :  Average turns   = 7.04 +- 0.21
RESULTS:: 13:01:56: root                                      pydial <train_command>857 :  List of domains: Laptops11
RESULTS:: 13:01:56: root                                         pydial <trainBatch>445 :  *** Training Iteration env-exploration-partial-lap-seed0-00.1->env-exploration-partial-lap-seed0-00.2: iter=1, error-rate=0, num-dialogs=1000 ***
RESULTS:: 13:05:55: root                               EvaluationManager.py <_prstr>179 :  Results for domain: Laptops11 --evaluated by: objective success evaluator
RESULTS:: 13:05:55: root                               EvaluationManager.py <_prstr>179 :  # of dialogues  = 1000
RESULTS:: 13:05:55: root                               EvaluationManager.py <_prstr>179 :  Average reward  = 7.48 +- 0.56
RESULTS:: 13:05:55: root                               EvaluationManager.py <_prstr>179 :  Average success = 77.10 +- 2.61
RESULTS:: 13:05:55: root                               EvaluationManager.py <_prstr>179 :  Average turns   = 7.94 +- 0.19
RESULTS:: 13:05:55: root                                      pydial <setEvalConfig>506 :  *** Evaluating env-exploration-partial-lap-seed0-00.2: error-rate=0 num-dialogs=500 ***
RESULTS:: 13:07:29: root                               EvaluationManager.py <_prstr>179 :  Results for domain: Laptops11 --evaluated by: objective success evaluator
RESULTS:: 13:07:29: root                               EvaluationManager.py <_prstr>179 :  # of dialogues  = 500
RESULTS:: 13:07:29: root                               EvaluationManager.py <_prstr>179 :  Average reward  = 6.85 +- 0.85
RESULTS:: 13:07:29: root                               EvaluationManager.py <_prstr>179 :  Average success = 69.80 +- 4.03
RESULTS:: 13:07:29: root                               EvaluationManager.py <_prstr>179 :  Average turns   = 7.11 +- 0.20
RESULTS:: 13:07:29: root                                      pydial <train_command>857 :  List of domains: Laptops11
RESULTS:: 13:07:29: root                                         pydial <trainBatch>445 :  *** Training Iteration env-exploration-partial-lap-seed0-00.2->env-exploration-partial-lap-seed0-00.3: iter=2, error-rate=0, num-dialogs=1000 ***
RESULTS:: 13:11:33: root                               EvaluationManager.py <_prstr>179 :  Results for domain: Laptops11 --evaluated by: objective success evaluator
RESULTS:: 13:11:33: root                               EvaluationManager.py <_prstr>179 :  # of dialogues  = 1000
RESULTS:: 13:11:33: root                               EvaluationManager.py <_prstr>179 :  Average reward  = 7.94 +- 0.53
RESULTS:: 13:11:33: root                               EvaluationManager.py <_prstr>179 :  Average success = 80.30 +- 2.47
RESULTS:: 13:11:33: root                               EvaluationManager.py <_prstr>179 :  Average turns   = 8.12 +- 0.19
RESULTS:: 13:11:33: root                                      pydial <setEvalConfig>506 :  *** Evaluating env-exploration-partial-lap-seed0-00.3: error-rate=0 num-dialogs=500 ***
RESULTS:: 13:13:13: root                               EvaluationManager.py <_prstr>179 :  Results for domain: Laptops11 --evaluated by: objective success evaluator
RESULTS:: 13:13:13: root                               EvaluationManager.py <_prstr>179 :  # of dialogues  = 500
RESULTS:: 13:13:13: root                               EvaluationManager.py <_prstr>179 :  Average reward  = 8.70 +- 0.77
RESULTS:: 13:13:13: root                               EvaluationManager.py <_prstr>179 :  Average success = 79.40 +- 3.55
RESULTS:: 13:13:13: root                               EvaluationManager.py <_prstr>179 :  Average turns   = 7.18 +- 0.22
RESULTS:: 13:13:13: root                                      pydial <train_command>857 :  List of domains: Laptops11
RESULTS:: 13:13:13: root                                         pydial <trainBatch>445 :  *** Training Iteration env-exploration-partial-lap-seed0-00.3->env-exploration-partial-lap-seed0-00.4: iter=3, error-rate=0, num-dialogs=1000 ***
RESULTS:: 13:17:16: root                               EvaluationManager.py <_prstr>179 :  Results for domain: Laptops11 --evaluated by: objective success evaluator
RESULTS:: 13:17:16: root                               EvaluationManager.py <_prstr>179 :  # of dialogues  = 1000
RESULTS:: 13:17:16: root                               EvaluationManager.py <_prstr>179 :  Average reward  = 7.64 +- 0.54
RESULTS:: 13:17:16: root                               EvaluationManager.py <_prstr>179 :  Average success = 78.50 +- 2.55
RESULTS:: 13:17:16: root                               EvaluationManager.py <_prstr>179 :  Average turns   = 8.06 +- 0.18
RESULTS:: 13:17:16: root                                      pydial <train_command>869 :  List of domains: Laptops11
RESULTS:: 13:17:16: root                                      pydial <setEvalConfig>506 :  *** Evaluating env-exploration-partial-lap-seed0-00.4: error-rate=0 num-dialogs=500 ***
RESULTS:: 13:18:51: root                               EvaluationManager.py <_prstr>179 :  Results for domain: Laptops11 --evaluated by: objective success evaluator
RESULTS:: 13:18:51: root                               EvaluationManager.py <_prstr>179 :  # of dialogues  = 500
RESULTS:: 13:18:51: root                               EvaluationManager.py <_prstr>179 :  Average reward  = 5.83 +- 0.90
RESULTS:: 13:18:51: root                               EvaluationManager.py <_prstr>179 :  Average success = 65.20 +- 4.19
RESULTS:: 13:18:51: root                               EvaluationManager.py <_prstr>179 :  Average turns   = 7.21 +- 0.17
RESULTS:: 13:18:51: root                                      pydial <train_command>875 :  *** Training complete. log: env-exploration-partial-lap-seed0-00.1-4.train.log - final policy is env-exploration-partial-lap-00-04
