RESULTS:: 14:43:26: root                                      pydial <train_command>857 :  List of domains: CamRestaurants
RESULTS:: 14:43:26: root                                         pydial <trainBatch>445 :  *** Training Iteration env-exploration-partial-seed9-00.0->env-exploration-partial-seed9-00.1: iter=0, error-rate=0, num-dialogs=1000 ***
RESULTS:: 14:46:18: root                               EvaluationManager.py <_prstr>179 :  Results for domain: CamRestaurants --evaluated by: objective success evaluator
RESULTS:: 14:46:18: root                               EvaluationManager.py <_prstr>179 :  # of dialogues  = 1000
RESULTS:: 14:46:18: root                               EvaluationManager.py <_prstr>179 :  Average reward  = 9.67 +- 0.51
RESULTS:: 14:46:18: root                               EvaluationManager.py <_prstr>179 :  Average success = 83.70 +- 2.29
RESULTS:: 14:46:18: root                               EvaluationManager.py <_prstr>179 :  Average turns   = 7.07 +- 0.17
RESULTS:: 14:46:18: root                                      pydial <setEvalConfig>506 :  *** Evaluating env-exploration-partial-seed9-00.1: error-rate=0 num-dialogs=500 ***
RESULTS:: 14:47:26: root                               EvaluationManager.py <_prstr>179 :  Results for domain: CamRestaurants --evaluated by: objective success evaluator
RESULTS:: 14:47:26: root                               EvaluationManager.py <_prstr>179 :  # of dialogues  = 500
RESULTS:: 14:47:26: root                               EvaluationManager.py <_prstr>179 :  Average reward  = 12.28 +- 0.52
RESULTS:: 14:47:26: root                               EvaluationManager.py <_prstr>179 :  Average success = 93.00 +- 2.24
RESULTS:: 14:47:26: root                               EvaluationManager.py <_prstr>179 :  Average turns   = 6.32 +- 0.19
RESULTS:: 14:47:26: root                                      pydial <train_command>857 :  List of domains: CamRestaurants
RESULTS:: 14:47:26: root                                         pydial <trainBatch>445 :  *** Training Iteration env-exploration-partial-seed9-00.1->env-exploration-partial-seed9-00.2: iter=1, error-rate=0, num-dialogs=1000 ***
RESULTS:: 14:50:17: root                               EvaluationManager.py <_prstr>179 :  Results for domain: CamRestaurants --evaluated by: objective success evaluator
RESULTS:: 14:50:17: root                               EvaluationManager.py <_prstr>179 :  # of dialogues  = 1000
RESULTS:: 14:50:17: root                               EvaluationManager.py <_prstr>179 :  Average reward  = 11.80 +- 0.37
RESULTS:: 14:50:17: root                               EvaluationManager.py <_prstr>179 :  Average success = 92.90 +- 1.59
RESULTS:: 14:50:17: root                               EvaluationManager.py <_prstr>179 :  Average turns   = 6.78 +- 0.16
RESULTS:: 14:50:17: root                                      pydial <setEvalConfig>506 :  *** Evaluating env-exploration-partial-seed9-00.2: error-rate=0 num-dialogs=500 ***
RESULTS:: 14:51:25: root                               EvaluationManager.py <_prstr>179 :  Results for domain: CamRestaurants --evaluated by: objective success evaluator
RESULTS:: 14:51:25: root                               EvaluationManager.py <_prstr>179 :  # of dialogues  = 500
RESULTS:: 14:51:25: root                               EvaluationManager.py <_prstr>179 :  Average reward  = 12.87 +- 0.49
RESULTS:: 14:51:25: root                               EvaluationManager.py <_prstr>179 :  Average success = 94.40 +- 2.02
RESULTS:: 14:51:25: root                               EvaluationManager.py <_prstr>179 :  Average turns   = 6.01 +- 0.20
RESULTS:: 14:51:25: root                                      pydial <train_command>857 :  List of domains: CamRestaurants
RESULTS:: 14:51:25: root                                         pydial <trainBatch>445 :  *** Training Iteration env-exploration-partial-seed9-00.2->env-exploration-partial-seed9-00.3: iter=2, error-rate=0, num-dialogs=1000 ***
RESULTS:: 14:54:18: root                               EvaluationManager.py <_prstr>179 :  Results for domain: CamRestaurants --evaluated by: objective success evaluator
RESULTS:: 14:54:18: root                               EvaluationManager.py <_prstr>179 :  # of dialogues  = 1000
RESULTS:: 14:54:18: root                               EvaluationManager.py <_prstr>179 :  Average reward  = 11.97 +- 0.34
RESULTS:: 14:54:18: root                               EvaluationManager.py <_prstr>179 :  Average success = 94.50 +- 1.41
RESULTS:: 14:54:18: root                               EvaluationManager.py <_prstr>179 :  Average turns   = 6.93 +- 0.18
RESULTS:: 14:54:18: root                                      pydial <setEvalConfig>506 :  *** Evaluating env-exploration-partial-seed9-00.3: error-rate=0 num-dialogs=500 ***
RESULTS:: 14:55:24: root                               EvaluationManager.py <_prstr>179 :  Results for domain: CamRestaurants --evaluated by: objective success evaluator
RESULTS:: 14:55:24: root                               EvaluationManager.py <_prstr>179 :  # of dialogues  = 500
RESULTS:: 14:55:24: root                               EvaluationManager.py <_prstr>179 :  Average reward  = 13.47 +- 0.37
RESULTS:: 14:55:24: root                               EvaluationManager.py <_prstr>179 :  Average success = 97.20 +- 1.45
RESULTS:: 14:55:24: root                               EvaluationManager.py <_prstr>179 :  Average turns   = 5.97 +- 0.19
RESULTS:: 14:55:24: root                                      pydial <train_command>857 :  List of domains: CamRestaurants
RESULTS:: 14:55:24: root                                         pydial <trainBatch>445 :  *** Training Iteration env-exploration-partial-seed9-00.3->env-exploration-partial-seed9-00.4: iter=3, error-rate=0, num-dialogs=1000 ***
RESULTS:: 14:58:22: root                               EvaluationManager.py <_prstr>179 :  Results for domain: CamRestaurants --evaluated by: objective success evaluator
RESULTS:: 14:58:22: root                               EvaluationManager.py <_prstr>179 :  # of dialogues  = 1000
RESULTS:: 14:58:22: root                               EvaluationManager.py <_prstr>179 :  Average reward  = 12.46 +- 0.29
RESULTS:: 14:58:22: root                               EvaluationManager.py <_prstr>179 :  Average success = 96.90 +- 1.08
RESULTS:: 14:58:22: root                               EvaluationManager.py <_prstr>179 :  Average turns   = 6.92 +- 0.18
RESULTS:: 14:58:22: root                                      pydial <train_command>869 :  List of domains: CamRestaurants
RESULTS:: 14:58:22: root                                      pydial <setEvalConfig>506 :  *** Evaluating env-exploration-partial-seed9-00.4: error-rate=0 num-dialogs=500 ***
RESULTS:: 14:59:28: root                               EvaluationManager.py <_prstr>179 :  Results for domain: CamRestaurants --evaluated by: objective success evaluator
RESULTS:: 14:59:28: root                               EvaluationManager.py <_prstr>179 :  # of dialogues  = 500
RESULTS:: 14:59:28: root                               EvaluationManager.py <_prstr>179 :  Average reward  = 12.83 +- 0.48
RESULTS:: 14:59:28: root                               EvaluationManager.py <_prstr>179 :  Average success = 94.40 +- 2.02
RESULTS:: 14:59:28: root                               EvaluationManager.py <_prstr>179 :  Average turns   = 6.05 +- 0.21
RESULTS:: 14:59:28: root                                      pydial <train_command>875 :  *** Training complete. log: env-exploration-partial-seed9-00.1-4.train.log - final policy is env-exploration-partial-00-04
