RESULTS:: 13:39:23: root                                      pydial <train_command>857 :  List of domains: CamRestaurants
RESULTS:: 13:39:23: root                                         pydial <trainBatch>445 :  *** Training Iteration env-exploration-partial-seed5-00.0->env-exploration-partial-seed5-00.1: iter=0, error-rate=0, num-dialogs=1000 ***
RESULTS:: 13:42:17: root                               EvaluationManager.py <_prstr>179 :  Results for domain: CamRestaurants --evaluated by: objective success evaluator
RESULTS:: 13:42:17: root                               EvaluationManager.py <_prstr>179 :  # of dialogues  = 1000
RESULTS:: 13:42:17: root                               EvaluationManager.py <_prstr>179 :  Average reward  = 8.91 +- 0.54
RESULTS:: 13:42:17: root                               EvaluationManager.py <_prstr>179 :  Average success = 80.60 +- 2.45
RESULTS:: 13:42:17: root                               EvaluationManager.py <_prstr>179 :  Average turns   = 7.21 +- 0.17
RESULTS:: 13:42:17: root                                      pydial <setEvalConfig>506 :  *** Evaluating env-exploration-partial-seed5-00.1: error-rate=0 num-dialogs=500 ***
RESULTS:: 13:43:27: root                               EvaluationManager.py <_prstr>179 :  Results for domain: CamRestaurants --evaluated by: objective success evaluator
RESULTS:: 13:43:27: root                               EvaluationManager.py <_prstr>179 :  # of dialogues  = 500
RESULTS:: 13:43:27: root                               EvaluationManager.py <_prstr>179 :  Average reward  = 12.60 +- 0.49
RESULTS:: 13:43:27: root                               EvaluationManager.py <_prstr>179 :  Average success = 94.20 +- 2.05
RESULTS:: 13:43:27: root                               EvaluationManager.py <_prstr>179 :  Average turns   = 6.24 +- 0.20
RESULTS:: 13:43:27: root                                      pydial <train_command>857 :  List of domains: CamRestaurants
RESULTS:: 13:43:27: root                                         pydial <trainBatch>445 :  *** Training Iteration env-exploration-partial-seed5-00.1->env-exploration-partial-seed5-00.2: iter=1, error-rate=0, num-dialogs=1000 ***
RESULTS:: 13:46:22: root                               EvaluationManager.py <_prstr>179 :  Results for domain: CamRestaurants --evaluated by: objective success evaluator
RESULTS:: 13:46:22: root                               EvaluationManager.py <_prstr>179 :  # of dialogues  = 1000
RESULTS:: 13:46:22: root                               EvaluationManager.py <_prstr>179 :  Average reward  = 12.28 +- 0.29
RESULTS:: 13:46:22: root                               EvaluationManager.py <_prstr>179 :  Average success = 96.60 +- 1.12
RESULTS:: 13:46:22: root                               EvaluationManager.py <_prstr>179 :  Average turns   = 7.04 +- 0.17
RESULTS:: 13:46:22: root                                      pydial <setEvalConfig>506 :  *** Evaluating env-exploration-partial-seed5-00.2: error-rate=0 num-dialogs=500 ***
RESULTS:: 13:47:30: root                               EvaluationManager.py <_prstr>179 :  Results for domain: CamRestaurants --evaluated by: objective success evaluator
RESULTS:: 13:47:30: root                               EvaluationManager.py <_prstr>179 :  # of dialogues  = 500
RESULTS:: 13:47:30: root                               EvaluationManager.py <_prstr>179 :  Average reward  = 12.80 +- 0.45
RESULTS:: 13:47:30: root                               EvaluationManager.py <_prstr>179 :  Average success = 95.40 +- 1.84
RESULTS:: 13:47:30: root                               EvaluationManager.py <_prstr>179 :  Average turns   = 6.28 +- 0.19
RESULTS:: 13:47:30: root                                      pydial <train_command>857 :  List of domains: CamRestaurants
RESULTS:: 13:47:30: root                                         pydial <trainBatch>445 :  *** Training Iteration env-exploration-partial-seed5-00.2->env-exploration-partial-seed5-00.3: iter=2, error-rate=0, num-dialogs=1000 ***
RESULTS:: 13:50:28: root                               EvaluationManager.py <_prstr>179 :  Results for domain: CamRestaurants --evaluated by: objective success evaluator
RESULTS:: 13:50:28: root                               EvaluationManager.py <_prstr>179 :  # of dialogues  = 1000
RESULTS:: 13:50:28: root                               EvaluationManager.py <_prstr>179 :  Average reward  = 11.47 +- 0.39
RESULTS:: 13:50:28: root                               EvaluationManager.py <_prstr>179 :  Average success = 93.00 +- 1.58
RESULTS:: 13:50:28: root                               EvaluationManager.py <_prstr>179 :  Average turns   = 7.13 +- 0.19
RESULTS:: 13:50:28: root                                      pydial <setEvalConfig>506 :  *** Evaluating env-exploration-partial-seed5-00.3: error-rate=0 num-dialogs=500 ***
RESULTS:: 13:51:35: root                               EvaluationManager.py <_prstr>179 :  Results for domain: CamRestaurants --evaluated by: objective success evaluator
RESULTS:: 13:51:35: root                               EvaluationManager.py <_prstr>179 :  # of dialogues  = 500
RESULTS:: 13:51:35: root                               EvaluationManager.py <_prstr>179 :  Average reward  = 10.66 +- 0.70
RESULTS:: 13:51:35: root                               EvaluationManager.py <_prstr>179 :  Average success = 83.60 +- 3.25
RESULTS:: 13:51:35: root                               EvaluationManager.py <_prstr>179 :  Average turns   = 6.06 +- 0.19
RESULTS:: 13:51:35: root                                      pydial <train_command>857 :  List of domains: CamRestaurants
RESULTS:: 13:51:35: root                                         pydial <trainBatch>445 :  *** Training Iteration env-exploration-partial-seed5-00.3->env-exploration-partial-seed5-00.4: iter=3, error-rate=0, num-dialogs=1000 ***
RESULTS:: 13:54:27: root                               EvaluationManager.py <_prstr>179 :  Results for domain: CamRestaurants --evaluated by: objective success evaluator
RESULTS:: 13:54:27: root                               EvaluationManager.py <_prstr>179 :  # of dialogues  = 1000
RESULTS:: 13:54:27: root                               EvaluationManager.py <_prstr>179 :  Average reward  = 12.87 +- 0.24
RESULTS:: 13:54:27: root                               EvaluationManager.py <_prstr>179 :  Average success = 98.60 +- 0.73
RESULTS:: 13:54:27: root                               EvaluationManager.py <_prstr>179 :  Average turns   = 6.85 +- 0.17
RESULTS:: 13:54:27: root                                      pydial <train_command>869 :  List of domains: CamRestaurants
RESULTS:: 13:54:27: root                                      pydial <setEvalConfig>506 :  *** Evaluating env-exploration-partial-seed5-00.4: error-rate=0 num-dialogs=500 ***
RESULTS:: 13:55:33: root                               EvaluationManager.py <_prstr>179 :  Results for domain: CamRestaurants --evaluated by: objective success evaluator
RESULTS:: 13:55:33: root                               EvaluationManager.py <_prstr>179 :  # of dialogues  = 500
RESULTS:: 13:55:33: root                               EvaluationManager.py <_prstr>179 :  Average reward  = 14.00 +- 0.22
RESULTS:: 13:55:33: root                               EvaluationManager.py <_prstr>179 :  Average success = 99.60 +- 0.55
RESULTS:: 13:55:33: root                               EvaluationManager.py <_prstr>179 :  Average turns   = 5.92 +- 0.19
RESULTS:: 13:55:33: root                                      pydial <train_command>875 :  *** Training complete. log: env-exploration-partial-seed5-00.1-4.train.log - final policy is env-exploration-partial-00-04
