RESULTS:: 16:42:53: root                                      pydial <train_command>857 :  List of domains: SFRestaurants
RESULTS:: 16:42:53: root                                         pydial <trainBatch>445 :  *** Training Iteration env-exploration-partial-sfr-seed9-00.0->env-exploration-partial-sfr-seed9-00.1: iter=0, error-rate=0, num-dialogs=1000 ***
RESULTS:: 16:47:53: root                               EvaluationManager.py <_prstr>179 :  Results for domain: SFRestaurants --evaluated by: objective success evaluator
RESULTS:: 16:47:53: root                               EvaluationManager.py <_prstr>179 :  # of dialogues  = 1000
RESULTS:: 16:47:53: root                               EvaluationManager.py <_prstr>179 :  Average reward  = 2.78 +- 0.65
RESULTS:: 16:47:53: root                               EvaluationManager.py <_prstr>179 :  Average success = 52.00 +- 3.10
RESULTS:: 16:47:53: root                               EvaluationManager.py <_prstr>179 :  Average turns   = 7.62 +- 0.16
RESULTS:: 16:47:53: root                                      pydial <setEvalConfig>506 :  *** Evaluating env-exploration-partial-sfr-seed9-00.1: error-rate=0 num-dialogs=500 ***
RESULTS:: 16:49:46: root                               EvaluationManager.py <_prstr>179 :  Results for domain: SFRestaurants --evaluated by: objective success evaluator
RESULTS:: 16:49:46: root                               EvaluationManager.py <_prstr>179 :  # of dialogues  = 500
RESULTS:: 16:49:46: root                               EvaluationManager.py <_prstr>179 :  Average reward  = 0.12 +- 0.85
RESULTS:: 16:49:46: root                               EvaluationManager.py <_prstr>179 :  Average success = 34.00 +- 4.16
RESULTS:: 16:49:46: root                               EvaluationManager.py <_prstr>179 :  Average turns   = 6.68 +- 0.11
RESULTS:: 16:49:46: root                                      pydial <train_command>857 :  List of domains: SFRestaurants
RESULTS:: 16:49:46: root                                         pydial <trainBatch>445 :  *** Training Iteration env-exploration-partial-sfr-seed9-00.1->env-exploration-partial-sfr-seed9-00.2: iter=1, error-rate=0, num-dialogs=1000 ***
RESULTS:: 16:54:56: root                               EvaluationManager.py <_prstr>179 :  Results for domain: SFRestaurants --evaluated by: objective success evaluator
RESULTS:: 16:54:56: root                               EvaluationManager.py <_prstr>179 :  # of dialogues  = 1000
RESULTS:: 16:54:56: root                               EvaluationManager.py <_prstr>179 :  Average reward  = 3.19 +- 0.63
RESULTS:: 16:54:56: root                               EvaluationManager.py <_prstr>179 :  Average success = 54.40 +- 3.09
RESULTS:: 16:54:56: root                               EvaluationManager.py <_prstr>179 :  Average turns   = 7.69 +- 0.15
RESULTS:: 16:54:56: root                                      pydial <setEvalConfig>506 :  *** Evaluating env-exploration-partial-sfr-seed9-00.2: error-rate=0 num-dialogs=500 ***
RESULTS:: 16:56:57: root                               EvaluationManager.py <_prstr>179 :  Results for domain: SFRestaurants --evaluated by: objective success evaluator
RESULTS:: 16:56:57: root                               EvaluationManager.py <_prstr>179 :  # of dialogues  = 500
RESULTS:: 16:56:57: root                               EvaluationManager.py <_prstr>179 :  Average reward  = 0.32 +- 0.91
RESULTS:: 16:56:57: root                               EvaluationManager.py <_prstr>179 :  Average success = 36.80 +- 4.24
RESULTS:: 16:56:57: root                               EvaluationManager.py <_prstr>179 :  Average turns   = 7.04 +- 0.15
RESULTS:: 16:56:57: root                                      pydial <train_command>857 :  List of domains: SFRestaurants
RESULTS:: 16:56:57: root                                         pydial <trainBatch>445 :  *** Training Iteration env-exploration-partial-sfr-seed9-00.2->env-exploration-partial-sfr-seed9-00.3: iter=2, error-rate=0, num-dialogs=1000 ***
RESULTS:: 17:02:07: root                               EvaluationManager.py <_prstr>179 :  Results for domain: SFRestaurants --evaluated by: objective success evaluator
RESULTS:: 17:02:07: root                               EvaluationManager.py <_prstr>179 :  # of dialogues  = 1000
RESULTS:: 17:02:07: root                               EvaluationManager.py <_prstr>179 :  Average reward  = 5.92 +- 0.61
RESULTS:: 17:02:07: root                               EvaluationManager.py <_prstr>179 :  Average success = 68.10 +- 2.89
RESULTS:: 17:02:07: root                               EvaluationManager.py <_prstr>179 :  Average turns   = 7.70 +- 0.16
RESULTS:: 17:02:07: root                                      pydial <setEvalConfig>506 :  *** Evaluating env-exploration-partial-sfr-seed9-00.3: error-rate=0 num-dialogs=500 ***
RESULTS:: 17:04:12: root                               EvaluationManager.py <_prstr>179 :  Results for domain: SFRestaurants --evaluated by: objective success evaluator
RESULTS:: 17:04:12: root                               EvaluationManager.py <_prstr>179 :  # of dialogues  = 500
RESULTS:: 17:04:12: root                               EvaluationManager.py <_prstr>179 :  Average reward  = 9.20 +- 0.73
RESULTS:: 17:04:12: root                               EvaluationManager.py <_prstr>179 :  Average success = 82.40 +- 3.35
RESULTS:: 17:04:12: root                               EvaluationManager.py <_prstr>179 :  Average turns   = 7.28 +- 0.21
RESULTS:: 17:04:12: root                                      pydial <train_command>857 :  List of domains: SFRestaurants
RESULTS:: 17:04:12: root                                         pydial <trainBatch>445 :  *** Training Iteration env-exploration-partial-sfr-seed9-00.3->env-exploration-partial-sfr-seed9-00.4: iter=3, error-rate=0, num-dialogs=1000 ***
RESULTS:: 17:09:26: root                               EvaluationManager.py <_prstr>179 :  Results for domain: SFRestaurants --evaluated by: objective success evaluator
RESULTS:: 17:09:26: root                               EvaluationManager.py <_prstr>179 :  # of dialogues  = 1000
RESULTS:: 17:09:26: root                               EvaluationManager.py <_prstr>179 :  Average reward  = 4.51 +- 0.64
RESULTS:: 17:09:26: root                               EvaluationManager.py <_prstr>179 :  Average success = 62.60 +- 3.00
RESULTS:: 17:09:26: root                               EvaluationManager.py <_prstr>179 :  Average turns   = 8.01 +- 0.18
RESULTS:: 17:09:26: root                                      pydial <train_command>869 :  List of domains: SFRestaurants
RESULTS:: 17:09:26: root                                      pydial <setEvalConfig>506 :  *** Evaluating env-exploration-partial-sfr-seed9-00.4: error-rate=0 num-dialogs=500 ***
RESULTS:: 17:11:28: root                               EvaluationManager.py <_prstr>179 :  Results for domain: SFRestaurants --evaluated by: objective success evaluator
RESULTS:: 17:11:28: root                               EvaluationManager.py <_prstr>179 :  # of dialogues  = 500
RESULTS:: 17:11:28: root                               EvaluationManager.py <_prstr>179 :  Average reward  = -0.64 +- 0.84
RESULTS:: 17:11:28: root                               EvaluationManager.py <_prstr>179 :  Average success = 32.80 +- 4.13
RESULTS:: 17:11:28: root                               EvaluationManager.py <_prstr>179 :  Average turns   = 7.20 +- 0.15
RESULTS:: 17:11:28: root                                      pydial <train_command>875 :  *** Training complete. log: env-exploration-partial-sfr-seed9-00.1-4.train.log - final policy is env-exploration-partial-sfr-00-04
