RESULTS:: 14:27:34: root                                      pydial <train_command>857 :  List of domains: CamRestaurants
RESULTS:: 14:27:34: root                                         pydial <trainBatch>445 :  *** Training Iteration env-exploration-partial-seed8-00.0->env-exploration-partial-seed8-00.1: iter=0, error-rate=0, num-dialogs=1000 ***
RESULTS:: 14:30:27: root                               EvaluationManager.py <_prstr>179 :  Results for domain: CamRestaurants --evaluated by: objective success evaluator
RESULTS:: 14:30:27: root                               EvaluationManager.py <_prstr>179 :  # of dialogues  = 1000
RESULTS:: 14:30:27: root                               EvaluationManager.py <_prstr>179 :  Average reward  = 8.60 +- 0.57
RESULTS:: 14:30:27: root                               EvaluationManager.py <_prstr>179 :  Average success = 78.40 +- 2.55
RESULTS:: 14:30:27: root                               EvaluationManager.py <_prstr>179 :  Average turns   = 7.08 +- 0.18
RESULTS:: 14:30:27: root                                      pydial <setEvalConfig>506 :  *** Evaluating env-exploration-partial-seed8-00.1: error-rate=0 num-dialogs=500 ***
RESULTS:: 14:31:33: root                               EvaluationManager.py <_prstr>179 :  Results for domain: CamRestaurants --evaluated by: objective success evaluator
RESULTS:: 14:31:33: root                               EvaluationManager.py <_prstr>179 :  # of dialogues  = 500
RESULTS:: 14:31:33: root                               EvaluationManager.py <_prstr>179 :  Average reward  = 12.92 +- 0.45
RESULTS:: 14:31:33: root                               EvaluationManager.py <_prstr>179 :  Average success = 95.20 +- 1.88
RESULTS:: 14:31:33: root                               EvaluationManager.py <_prstr>179 :  Average turns   = 6.12 +- 0.21
RESULTS:: 14:31:33: root                                      pydial <train_command>857 :  List of domains: CamRestaurants
RESULTS:: 14:31:33: root                                         pydial <trainBatch>445 :  *** Training Iteration env-exploration-partial-seed8-00.1->env-exploration-partial-seed8-00.2: iter=1, error-rate=0, num-dialogs=1000 ***
RESULTS:: 14:34:26: root                               EvaluationManager.py <_prstr>179 :  Results for domain: CamRestaurants --evaluated by: objective success evaluator
RESULTS:: 14:34:26: root                               EvaluationManager.py <_prstr>179 :  # of dialogues  = 1000
RESULTS:: 14:34:26: root                               EvaluationManager.py <_prstr>179 :  Average reward  = 12.26 +- 0.32
RESULTS:: 14:34:26: root                               EvaluationManager.py <_prstr>179 :  Average success = 96.10 +- 1.20
RESULTS:: 14:34:26: root                               EvaluationManager.py <_prstr>179 :  Average turns   = 6.96 +- 0.17
RESULTS:: 14:34:26: root                                      pydial <setEvalConfig>506 :  *** Evaluating env-exploration-partial-seed8-00.2: error-rate=0 num-dialogs=500 ***
RESULTS:: 14:35:33: root                               EvaluationManager.py <_prstr>179 :  Results for domain: CamRestaurants --evaluated by: objective success evaluator
RESULTS:: 14:35:33: root                               EvaluationManager.py <_prstr>179 :  # of dialogues  = 500
RESULTS:: 14:35:33: root                               EvaluationManager.py <_prstr>179 :  Average reward  = 13.36 +- 0.37
RESULTS:: 14:35:33: root                               EvaluationManager.py <_prstr>179 :  Average success = 97.20 +- 1.45
RESULTS:: 14:35:33: root                               EvaluationManager.py <_prstr>179 :  Average turns   = 6.08 +- 0.19
RESULTS:: 14:35:33: root                                      pydial <train_command>857 :  List of domains: CamRestaurants
RESULTS:: 14:35:33: root                                         pydial <trainBatch>445 :  *** Training Iteration env-exploration-partial-seed8-00.2->env-exploration-partial-seed8-00.3: iter=2, error-rate=0, num-dialogs=1000 ***
RESULTS:: 14:38:24: root                               EvaluationManager.py <_prstr>179 :  Results for domain: CamRestaurants --evaluated by: objective success evaluator
RESULTS:: 14:38:24: root                               EvaluationManager.py <_prstr>179 :  # of dialogues  = 1000
RESULTS:: 14:38:24: root                               EvaluationManager.py <_prstr>179 :  Average reward  = 12.95 +- 0.24
RESULTS:: 14:38:24: root                               EvaluationManager.py <_prstr>179 :  Average success = 98.40 +- 0.78
RESULTS:: 14:38:24: root                               EvaluationManager.py <_prstr>179 :  Average turns   = 6.73 +- 0.17
RESULTS:: 14:38:24: root                                      pydial <setEvalConfig>506 :  *** Evaluating env-exploration-partial-seed8-00.3: error-rate=0 num-dialogs=500 ***
RESULTS:: 14:39:28: root                               EvaluationManager.py <_prstr>179 :  Results for domain: CamRestaurants --evaluated by: objective success evaluator
RESULTS:: 14:39:28: root                               EvaluationManager.py <_prstr>179 :  # of dialogues  = 500
RESULTS:: 14:39:28: root                               EvaluationManager.py <_prstr>179 :  Average reward  = 14.07 +- 0.25
RESULTS:: 14:39:28: root                               EvaluationManager.py <_prstr>179 :  Average success = 99.20 +- 0.78
RESULTS:: 14:39:28: root                               EvaluationManager.py <_prstr>179 :  Average turns   = 5.77 +- 0.18
RESULTS:: 14:39:28: root                                      pydial <train_command>857 :  List of domains: CamRestaurants
RESULTS:: 14:39:28: root                                         pydial <trainBatch>445 :  *** Training Iteration env-exploration-partial-seed8-00.3->env-exploration-partial-seed8-00.4: iter=3, error-rate=0, num-dialogs=1000 ***
RESULTS:: 14:42:21: root                               EvaluationManager.py <_prstr>179 :  Results for domain: CamRestaurants --evaluated by: objective success evaluator
RESULTS:: 14:42:21: root                               EvaluationManager.py <_prstr>179 :  # of dialogues  = 1000
RESULTS:: 14:42:21: root                               EvaluationManager.py <_prstr>179 :  Average reward  = 12.86 +- 0.24
RESULTS:: 14:42:21: root                               EvaluationManager.py <_prstr>179 :  Average success = 98.50 +- 0.75
RESULTS:: 14:42:21: root                               EvaluationManager.py <_prstr>179 :  Average turns   = 6.84 +- 0.18
RESULTS:: 14:42:21: root                                      pydial <train_command>869 :  List of domains: CamRestaurants
RESULTS:: 14:42:21: root                                      pydial <setEvalConfig>506 :  *** Evaluating env-exploration-partial-seed8-00.4: error-rate=0 num-dialogs=500 ***
RESULTS:: 14:43:26: root                               EvaluationManager.py <_prstr>179 :  Results for domain: CamRestaurants --evaluated by: objective success evaluator
RESULTS:: 14:43:26: root                               EvaluationManager.py <_prstr>179 :  # of dialogues  = 500
RESULTS:: 14:43:26: root                               EvaluationManager.py <_prstr>179 :  Average reward  = 13.84 +- 0.32
RESULTS:: 14:43:26: root                               EvaluationManager.py <_prstr>179 :  Average success = 98.20 +- 1.17
RESULTS:: 14:43:26: root                               EvaluationManager.py <_prstr>179 :  Average turns   = 5.80 +- 0.18
RESULTS:: 14:43:26: root                                      pydial <train_command>875 :  *** Training complete. log: env-exploration-partial-seed8-00.1-4.train.log - final policy is env-exploration-partial-00-04
