RESULTS:: 14:25:32: root                                      pydial <train_command>857 :  List of domains: Laptops11
RESULTS:: 14:25:32: root                                         pydial <trainBatch>445 :  *** Training Iteration env-exploration-partial-lap-seed4-00.0->env-exploration-partial-lap-seed4-00.1: iter=0, error-rate=0, num-dialogs=1000 ***
RESULTS:: 14:29:18: root                               EvaluationManager.py <_prstr>179 :  Results for domain: Laptops11 --evaluated by: objective success evaluator
RESULTS:: 14:29:18: root                               EvaluationManager.py <_prstr>179 :  # of dialogues  = 1000
RESULTS:: 14:29:18: root                               EvaluationManager.py <_prstr>179 :  Average reward  = 5.11 +- 0.63
RESULTS:: 14:29:18: root                               EvaluationManager.py <_prstr>179 :  Average success = 63.60 +- 2.99
RESULTS:: 14:29:18: root                               EvaluationManager.py <_prstr>179 :  Average turns   = 7.61 +- 0.17
RESULTS:: 14:29:18: root                                      pydial <setEvalConfig>506 :  *** Evaluating env-exploration-partial-lap-seed4-00.1: error-rate=0 num-dialogs=500 ***
RESULTS:: 14:30:47: root                               EvaluationManager.py <_prstr>179 :  Results for domain: Laptops11 --evaluated by: objective success evaluator
RESULTS:: 14:30:47: root                               EvaluationManager.py <_prstr>179 :  # of dialogues  = 500
RESULTS:: 14:30:47: root                               EvaluationManager.py <_prstr>179 :  Average reward  = 2.74 +- 0.90
RESULTS:: 14:30:47: root                               EvaluationManager.py <_prstr>179 :  Average success = 46.20 +- 4.38
RESULTS:: 14:30:47: root                               EvaluationManager.py <_prstr>179 :  Average turns   = 6.50 +- 0.14
RESULTS:: 14:30:47: root                                      pydial <train_command>857 :  List of domains: Laptops11
RESULTS:: 14:30:47: root                                         pydial <trainBatch>445 :  *** Training Iteration env-exploration-partial-lap-seed4-00.1->env-exploration-partial-lap-seed4-00.2: iter=1, error-rate=0, num-dialogs=1000 ***
RESULTS:: 14:34:44: root                               EvaluationManager.py <_prstr>179 :  Results for domain: Laptops11 --evaluated by: objective success evaluator
RESULTS:: 14:34:44: root                               EvaluationManager.py <_prstr>179 :  # of dialogues  = 1000
RESULTS:: 14:34:44: root                               EvaluationManager.py <_prstr>179 :  Average reward  = 6.88 +- 0.57
RESULTS:: 14:34:44: root                               EvaluationManager.py <_prstr>179 :  Average success = 73.60 +- 2.74
RESULTS:: 14:34:44: root                               EvaluationManager.py <_prstr>179 :  Average turns   = 7.84 +- 0.19
RESULTS:: 14:34:44: root                                      pydial <setEvalConfig>506 :  *** Evaluating env-exploration-partial-lap-seed4-00.2: error-rate=0 num-dialogs=500 ***
RESULTS:: 14:36:24: root                               EvaluationManager.py <_prstr>179 :  Results for domain: Laptops11 --evaluated by: objective success evaluator
RESULTS:: 14:36:24: root                               EvaluationManager.py <_prstr>179 :  # of dialogues  = 500
RESULTS:: 14:36:24: root                               EvaluationManager.py <_prstr>179 :  Average reward  = 7.18 +- 0.83
RESULTS:: 14:36:24: root                               EvaluationManager.py <_prstr>179 :  Average success = 72.60 +- 3.92
RESULTS:: 14:36:24: root                               EvaluationManager.py <_prstr>179 :  Average turns   = 7.34 +- 0.20
RESULTS:: 14:36:24: root                                      pydial <train_command>857 :  List of domains: Laptops11
RESULTS:: 14:36:24: root                                         pydial <trainBatch>445 :  *** Training Iteration env-exploration-partial-lap-seed4-00.2->env-exploration-partial-lap-seed4-00.3: iter=2, error-rate=0, num-dialogs=1000 ***
RESULTS:: 14:40:26: root                               EvaluationManager.py <_prstr>179 :  Results for domain: Laptops11 --evaluated by: objective success evaluator
RESULTS:: 14:40:26: root                               EvaluationManager.py <_prstr>179 :  # of dialogues  = 1000
RESULTS:: 14:40:26: root                               EvaluationManager.py <_prstr>179 :  Average reward  = 7.10 +- 0.57
RESULTS:: 14:40:26: root                               EvaluationManager.py <_prstr>179 :  Average success = 75.60 +- 2.67
RESULTS:: 14:40:26: root                               EvaluationManager.py <_prstr>179 :  Average turns   = 8.02 +- 0.20
RESULTS:: 14:40:26: root                                      pydial <setEvalConfig>506 :  *** Evaluating env-exploration-partial-lap-seed4-00.3: error-rate=0 num-dialogs=500 ***
RESULTS:: 14:42:02: root                               EvaluationManager.py <_prstr>179 :  Results for domain: Laptops11 --evaluated by: objective success evaluator
RESULTS:: 14:42:02: root                               EvaluationManager.py <_prstr>179 :  # of dialogues  = 500
RESULTS:: 14:42:02: root                               EvaluationManager.py <_prstr>179 :  Average reward  = 5.93 +- 0.88
RESULTS:: 14:42:02: root                               EvaluationManager.py <_prstr>179 :  Average success = 63.80 +- 4.22
RESULTS:: 14:42:02: root                               EvaluationManager.py <_prstr>179 :  Average turns   = 6.83 +- 0.17
RESULTS:: 14:42:02: root                                      pydial <train_command>857 :  List of domains: Laptops11
RESULTS:: 14:42:02: root                                         pydial <trainBatch>445 :  *** Training Iteration env-exploration-partial-lap-seed4-00.3->env-exploration-partial-lap-seed4-00.4: iter=3, error-rate=0, num-dialogs=1000 ***
RESULTS:: 14:46:05: root                               EvaluationManager.py <_prstr>179 :  Results for domain: Laptops11 --evaluated by: objective success evaluator
RESULTS:: 14:46:05: root                               EvaluationManager.py <_prstr>179 :  # of dialogues  = 1000
RESULTS:: 14:46:05: root                               EvaluationManager.py <_prstr>179 :  Average reward  = 6.97 +- 0.56
RESULTS:: 14:46:05: root                               EvaluationManager.py <_prstr>179 :  Average success = 75.30 +- 2.68
RESULTS:: 14:46:05: root                               EvaluationManager.py <_prstr>179 :  Average turns   = 8.09 +- 0.19
RESULTS:: 14:46:05: root                                      pydial <train_command>869 :  List of domains: Laptops11
RESULTS:: 14:46:05: root                                      pydial <setEvalConfig>506 :  *** Evaluating env-exploration-partial-lap-seed4-00.4: error-rate=0 num-dialogs=500 ***
RESULTS:: 14:47:35: root                               EvaluationManager.py <_prstr>179 :  Results for domain: Laptops11 --evaluated by: objective success evaluator
RESULTS:: 14:47:35: root                               EvaluationManager.py <_prstr>179 :  # of dialogues  = 500
RESULTS:: 14:47:35: root                               EvaluationManager.py <_prstr>179 :  Average reward  = 2.61 +- 0.91
RESULTS:: 14:47:35: root                               EvaluationManager.py <_prstr>179 :  Average success = 47.80 +- 4.39
RESULTS:: 14:47:35: root                               EvaluationManager.py <_prstr>179 :  Average turns   = 6.95 +- 0.19
RESULTS:: 14:47:35: root                                      pydial <train_command>875 :  *** Training complete. log: env-exploration-partial-lap-seed4-00.1-4.train.log - final policy is env-exploration-partial-lap-00-04
