RESULTS:: 13:55:33: root                                      pydial <train_command>857 :  List of domains: CamRestaurants
RESULTS:: 13:55:33: root                                         pydial <trainBatch>445 :  *** Training Iteration env-exploration-partial-seed6-00.0->env-exploration-partial-seed6-00.1: iter=0, error-rate=0, num-dialogs=1000 ***
RESULTS:: 13:58:27: root                               EvaluationManager.py <_prstr>179 :  Results for domain: CamRestaurants --evaluated by: objective success evaluator
RESULTS:: 13:58:27: root                               EvaluationManager.py <_prstr>179 :  # of dialogues  = 1000
RESULTS:: 13:58:27: root                               EvaluationManager.py <_prstr>179 :  Average reward  = 9.02 +- 0.54
RESULTS:: 13:58:27: root                               EvaluationManager.py <_prstr>179 :  Average success = 80.40 +- 2.46
RESULTS:: 13:58:27: root                               EvaluationManager.py <_prstr>179 :  Average turns   = 7.06 +- 0.18
RESULTS:: 13:58:27: root                                      pydial <setEvalConfig>506 :  *** Evaluating env-exploration-partial-seed6-00.1: error-rate=0 num-dialogs=500 ***
RESULTS:: 13:59:36: root                               EvaluationManager.py <_prstr>179 :  Results for domain: CamRestaurants --evaluated by: objective success evaluator
RESULTS:: 13:59:36: root                               EvaluationManager.py <_prstr>179 :  # of dialogues  = 500
RESULTS:: 13:59:36: root                               EvaluationManager.py <_prstr>179 :  Average reward  = 12.51 +- 0.49
RESULTS:: 13:59:36: root                               EvaluationManager.py <_prstr>179 :  Average success = 94.00 +- 2.09
RESULTS:: 13:59:36: root                               EvaluationManager.py <_prstr>179 :  Average turns   = 6.29 +- 0.20
RESULTS:: 13:59:36: root                                      pydial <train_command>857 :  List of domains: CamRestaurants
RESULTS:: 13:59:36: root                                         pydial <trainBatch>445 :  *** Training Iteration env-exploration-partial-seed6-00.1->env-exploration-partial-seed6-00.2: iter=1, error-rate=0, num-dialogs=1000 ***
RESULTS:: 14:02:30: root                               EvaluationManager.py <_prstr>179 :  Results for domain: CamRestaurants --evaluated by: objective success evaluator
RESULTS:: 14:02:30: root                               EvaluationManager.py <_prstr>179 :  # of dialogues  = 1000
RESULTS:: 14:02:30: root                               EvaluationManager.py <_prstr>179 :  Average reward  = 11.96 +- 0.34
RESULTS:: 14:02:30: root                               EvaluationManager.py <_prstr>179 :  Average success = 94.50 +- 1.41
RESULTS:: 14:02:30: root                               EvaluationManager.py <_prstr>179 :  Average turns   = 6.94 +- 0.18
RESULTS:: 14:02:30: root                                      pydial <setEvalConfig>506 :  *** Evaluating env-exploration-partial-seed6-00.2: error-rate=0 num-dialogs=500 ***
RESULTS:: 14:03:38: root                               EvaluationManager.py <_prstr>179 :  Results for domain: CamRestaurants --evaluated by: objective success evaluator
RESULTS:: 14:03:38: root                               EvaluationManager.py <_prstr>179 :  # of dialogues  = 500
RESULTS:: 14:03:38: root                               EvaluationManager.py <_prstr>179 :  Average reward  = 13.49 +- 0.34
RESULTS:: 14:03:38: root                               EvaluationManager.py <_prstr>179 :  Average success = 98.00 +- 1.23
RESULTS:: 14:03:38: root                               EvaluationManager.py <_prstr>179 :  Average turns   = 6.11 +- 0.20
RESULTS:: 14:03:38: root                                      pydial <train_command>857 :  List of domains: CamRestaurants
RESULTS:: 14:03:38: root                                         pydial <trainBatch>445 :  *** Training Iteration env-exploration-partial-seed6-00.2->env-exploration-partial-seed6-00.3: iter=2, error-rate=0, num-dialogs=1000 ***
RESULTS:: 14:06:31: root                               EvaluationManager.py <_prstr>179 :  Results for domain: CamRestaurants --evaluated by: objective success evaluator
RESULTS:: 14:06:31: root                               EvaluationManager.py <_prstr>179 :  # of dialogues  = 1000
RESULTS:: 14:06:31: root                               EvaluationManager.py <_prstr>179 :  Average reward  = 12.23 +- 0.32
RESULTS:: 14:06:31: root                               EvaluationManager.py <_prstr>179 :  Average success = 95.20 +- 1.33
RESULTS:: 14:06:31: root                               EvaluationManager.py <_prstr>179 :  Average turns   = 6.81 +- 0.16
RESULTS:: 14:06:31: root                                      pydial <setEvalConfig>506 :  *** Evaluating env-exploration-partial-seed6-00.3: error-rate=0 num-dialogs=500 ***
RESULTS:: 14:07:38: root                               EvaluationManager.py <_prstr>179 :  Results for domain: CamRestaurants --evaluated by: objective success evaluator
RESULTS:: 14:07:38: root                               EvaluationManager.py <_prstr>179 :  # of dialogues  = 500
RESULTS:: 14:07:38: root                               EvaluationManager.py <_prstr>179 :  Average reward  = 13.36 +- 0.36
RESULTS:: 14:07:38: root                               EvaluationManager.py <_prstr>179 :  Average success = 97.40 +- 1.40
RESULTS:: 14:07:38: root                               EvaluationManager.py <_prstr>179 :  Average turns   = 6.12 +- 0.19
RESULTS:: 14:07:38: root                                      pydial <train_command>857 :  List of domains: CamRestaurants
RESULTS:: 14:07:38: root                                         pydial <trainBatch>445 :  *** Training Iteration env-exploration-partial-seed6-00.3->env-exploration-partial-seed6-00.4: iter=3, error-rate=0, num-dialogs=1000 ***
RESULTS:: 14:10:30: root                               EvaluationManager.py <_prstr>179 :  Results for domain: CamRestaurants --evaluated by: objective success evaluator
RESULTS:: 14:10:30: root                               EvaluationManager.py <_prstr>179 :  # of dialogues  = 1000
RESULTS:: 14:10:30: root                               EvaluationManager.py <_prstr>179 :  Average reward  = 12.53 +- 0.29
RESULTS:: 14:10:30: root                               EvaluationManager.py <_prstr>179 :  Average success = 96.90 +- 1.08
RESULTS:: 14:10:30: root                               EvaluationManager.py <_prstr>179 :  Average turns   = 6.85 +- 0.18
RESULTS:: 14:10:30: root                                      pydial <train_command>869 :  List of domains: CamRestaurants
RESULTS:: 14:10:30: root                                      pydial <setEvalConfig>506 :  *** Evaluating env-exploration-partial-seed6-00.4: error-rate=0 num-dialogs=500 ***
RESULTS:: 14:11:36: root                               EvaluationManager.py <_prstr>179 :  Results for domain: CamRestaurants --evaluated by: objective success evaluator
RESULTS:: 14:11:36: root                               EvaluationManager.py <_prstr>179 :  # of dialogues  = 500
RESULTS:: 14:11:36: root                               EvaluationManager.py <_prstr>179 :  Average reward  = 13.31 +- 0.40
RESULTS:: 14:11:36: root                               EvaluationManager.py <_prstr>179 :  Average success = 96.20 +- 1.68
RESULTS:: 14:11:36: root                               EvaluationManager.py <_prstr>179 :  Average turns   = 5.93 +- 0.18
RESULTS:: 14:11:36: root                                      pydial <train_command>875 :  *** Training complete. log: env-exploration-partial-seed6-00.1-4.train.log - final policy is env-exploration-partial-00-04
