RESULTS:: 15:31:43: root                                      pydial <train_command>857 :  List of domains: Laptops11
RESULTS:: 15:31:43: root                                         pydial <trainBatch>445 :  *** Training Iteration env-exploration-partial-lap-seed7-00.0->env-exploration-partial-lap-seed7-00.1: iter=0, error-rate=0, num-dialogs=1000 ***
RESULTS:: 15:35:31: root                               EvaluationManager.py <_prstr>179 :  Results for domain: Laptops11 --evaluated by: objective success evaluator
RESULTS:: 15:35:31: root                               EvaluationManager.py <_prstr>179 :  # of dialogues  = 1000
RESULTS:: 15:35:31: root                               EvaluationManager.py <_prstr>179 :  Average reward  = 4.87 +- 0.64
RESULTS:: 15:35:31: root                               EvaluationManager.py <_prstr>179 :  Average success = 64.20 +- 2.97
RESULTS:: 15:35:31: root                               EvaluationManager.py <_prstr>179 :  Average turns   = 7.97 +- 0.21
RESULTS:: 15:35:31: root                                      pydial <setEvalConfig>506 :  *** Evaluating env-exploration-partial-lap-seed7-00.1: error-rate=0 num-dialogs=500 ***
RESULTS:: 15:37:00: root                               EvaluationManager.py <_prstr>179 :  Results for domain: Laptops11 --evaluated by: objective success evaluator
RESULTS:: 15:37:00: root                               EvaluationManager.py <_prstr>179 :  # of dialogues  = 500
RESULTS:: 15:37:00: root                               EvaluationManager.py <_prstr>179 :  Average reward  = 4.86 +- 0.90
RESULTS:: 15:37:00: root                               EvaluationManager.py <_prstr>179 :  Average success = 57.40 +- 4.34
RESULTS:: 15:37:00: root                               EvaluationManager.py <_prstr>179 :  Average turns   = 6.62 +- 0.15
RESULTS:: 15:37:00: root                                      pydial <train_command>857 :  List of domains: Laptops11
RESULTS:: 15:37:00: root                                         pydial <trainBatch>445 :  *** Training Iteration env-exploration-partial-lap-seed7-00.1->env-exploration-partial-lap-seed7-00.2: iter=1, error-rate=0, num-dialogs=1000 ***
RESULTS:: 15:40:59: root                               EvaluationManager.py <_prstr>179 :  Results for domain: Laptops11 --evaluated by: objective success evaluator
RESULTS:: 15:40:59: root                               EvaluationManager.py <_prstr>179 :  # of dialogues  = 1000
RESULTS:: 15:40:59: root                               EvaluationManager.py <_prstr>179 :  Average reward  = 7.34 +- 0.55
RESULTS:: 15:40:59: root                               EvaluationManager.py <_prstr>179 :  Average success = 77.30 +- 2.60
RESULTS:: 15:40:59: root                               EvaluationManager.py <_prstr>179 :  Average turns   = 8.12 +- 0.20
RESULTS:: 15:40:59: root                                      pydial <setEvalConfig>506 :  *** Evaluating env-exploration-partial-lap-seed7-00.2: error-rate=0 num-dialogs=500 ***
RESULTS:: 15:42:27: root                               EvaluationManager.py <_prstr>179 :  Results for domain: Laptops11 --evaluated by: objective success evaluator
RESULTS:: 15:42:27: root                               EvaluationManager.py <_prstr>179 :  # of dialogues  = 500
RESULTS:: 15:42:27: root                               EvaluationManager.py <_prstr>179 :  Average reward  = 5.74 +- 0.89
RESULTS:: 15:42:27: root                               EvaluationManager.py <_prstr>179 :  Average success = 61.80 +- 4.27
RESULTS:: 15:42:27: root                               EvaluationManager.py <_prstr>179 :  Average turns   = 6.62 +- 0.16
RESULTS:: 15:42:27: root                                      pydial <train_command>857 :  List of domains: Laptops11
RESULTS:: 15:42:27: root                                         pydial <trainBatch>445 :  *** Training Iteration env-exploration-partial-lap-seed7-00.2->env-exploration-partial-lap-seed7-00.3: iter=2, error-rate=0, num-dialogs=1000 ***
RESULTS:: 15:46:25: root                               EvaluationManager.py <_prstr>179 :  Results for domain: Laptops11 --evaluated by: objective success evaluator
RESULTS:: 15:46:25: root                               EvaluationManager.py <_prstr>179 :  # of dialogues  = 1000
RESULTS:: 15:46:25: root                               EvaluationManager.py <_prstr>179 :  Average reward  = 7.71 +- 0.55
RESULTS:: 15:46:25: root                               EvaluationManager.py <_prstr>179 :  Average success = 78.00 +- 2.57
RESULTS:: 15:46:25: root                               EvaluationManager.py <_prstr>179 :  Average turns   = 7.89 +- 0.19
RESULTS:: 15:46:25: root                                      pydial <setEvalConfig>506 :  *** Evaluating env-exploration-partial-lap-seed7-00.3: error-rate=0 num-dialogs=500 ***
RESULTS:: 15:48:00: root                               EvaluationManager.py <_prstr>179 :  Results for domain: Laptops11 --evaluated by: objective success evaluator
RESULTS:: 15:48:00: root                               EvaluationManager.py <_prstr>179 :  # of dialogues  = 500
RESULTS:: 15:48:00: root                               EvaluationManager.py <_prstr>179 :  Average reward  = 6.41 +- 0.88
RESULTS:: 15:48:00: root                               EvaluationManager.py <_prstr>179 :  Average success = 68.20 +- 4.09
RESULTS:: 15:48:00: root                               EvaluationManager.py <_prstr>179 :  Average turns   = 7.23 +- 0.18
RESULTS:: 15:48:00: root                                      pydial <train_command>857 :  List of domains: Laptops11
RESULTS:: 15:48:00: root                                         pydial <trainBatch>445 :  *** Training Iteration env-exploration-partial-lap-seed7-00.3->env-exploration-partial-lap-seed7-00.4: iter=3, error-rate=0, num-dialogs=1000 ***
RESULTS:: 15:52:07: root                               EvaluationManager.py <_prstr>179 :  Results for domain: Laptops11 --evaluated by: objective success evaluator
RESULTS:: 15:52:07: root                               EvaluationManager.py <_prstr>179 :  # of dialogues  = 1000
RESULTS:: 15:52:07: root                               EvaluationManager.py <_prstr>179 :  Average reward  = 8.50 +- 0.52
RESULTS:: 15:52:07: root                               EvaluationManager.py <_prstr>179 :  Average success = 83.70 +- 2.29
RESULTS:: 15:52:07: root                               EvaluationManager.py <_prstr>179 :  Average turns   = 8.24 +- 0.21
RESULTS:: 15:52:07: root                                      pydial <train_command>869 :  List of domains: Laptops11
RESULTS:: 15:52:07: root                                      pydial <setEvalConfig>506 :  *** Evaluating env-exploration-partial-lap-seed7-00.4: error-rate=0 num-dialogs=500 ***
RESULTS:: 15:53:43: root                               EvaluationManager.py <_prstr>179 :  Results for domain: Laptops11 --evaluated by: objective success evaluator
RESULTS:: 15:53:43: root                               EvaluationManager.py <_prstr>179 :  # of dialogues  = 500
RESULTS:: 15:53:43: root                               EvaluationManager.py <_prstr>179 :  Average reward  = 8.92 +- 0.75
RESULTS:: 15:53:43: root                               EvaluationManager.py <_prstr>179 :  Average success = 80.00 +- 3.51
RESULTS:: 15:53:43: root                               EvaluationManager.py <_prstr>179 :  Average turns   = 7.08 +- 0.20
RESULTS:: 15:53:43: root                                      pydial <train_command>875 :  *** Training complete. log: env-exploration-partial-lap-seed7-00.1-4.train.log - final policy is env-exploration-partial-lap-00-04
