RESULTS:: 15:53:43: root                                      pydial <train_command>857 :  List of domains: Laptops11
RESULTS:: 15:53:43: root                                         pydial <trainBatch>445 :  *** Training Iteration env-exploration-partial-lap-seed8-00.0->env-exploration-partial-lap-seed8-00.1: iter=0, error-rate=0, num-dialogs=1000 ***
RESULTS:: 15:57:38: root                               EvaluationManager.py <_prstr>179 :  Results for domain: Laptops11 --evaluated by: objective success evaluator
RESULTS:: 15:57:38: root                               EvaluationManager.py <_prstr>179 :  # of dialogues  = 1000
RESULTS:: 15:57:38: root                               EvaluationManager.py <_prstr>179 :  Average reward  = 3.96 +- 0.66
RESULTS:: 15:57:38: root                               EvaluationManager.py <_prstr>179 :  Average success = 59.90 +- 3.04
RESULTS:: 15:57:38: root                               EvaluationManager.py <_prstr>179 :  Average turns   = 8.02 +- 0.21
RESULTS:: 15:57:38: root                                      pydial <setEvalConfig>506 :  *** Evaluating env-exploration-partial-lap-seed8-00.1: error-rate=0 num-dialogs=500 ***
RESULTS:: 15:59:06: root                               EvaluationManager.py <_prstr>179 :  Results for domain: Laptops11 --evaluated by: objective success evaluator
RESULTS:: 15:59:06: root                               EvaluationManager.py <_prstr>179 :  # of dialogues  = 500
RESULTS:: 15:59:06: root                               EvaluationManager.py <_prstr>179 :  Average reward  = 4.06 +- 0.91
RESULTS:: 15:59:06: root                               EvaluationManager.py <_prstr>179 :  Average success = 53.60 +- 4.38
RESULTS:: 15:59:06: root                               EvaluationManager.py <_prstr>179 :  Average turns   = 6.66 +- 0.14
RESULTS:: 15:59:06: root                                      pydial <train_command>857 :  List of domains: Laptops11
RESULTS:: 15:59:06: root                                         pydial <trainBatch>445 :  *** Training Iteration env-exploration-partial-lap-seed8-00.1->env-exploration-partial-lap-seed8-00.2: iter=1, error-rate=0, num-dialogs=1000 ***
RESULTS:: 16:03:00: root                               EvaluationManager.py <_prstr>179 :  Results for domain: Laptops11 --evaluated by: objective success evaluator
RESULTS:: 16:03:00: root                               EvaluationManager.py <_prstr>179 :  # of dialogues  = 1000
RESULTS:: 16:03:00: root                               EvaluationManager.py <_prstr>179 :  Average reward  = 6.79 +- 0.57
RESULTS:: 16:03:00: root                               EvaluationManager.py <_prstr>179 :  Average success = 72.70 +- 2.76
RESULTS:: 16:03:00: root                               EvaluationManager.py <_prstr>179 :  Average turns   = 7.75 +- 0.19
RESULTS:: 16:03:00: root                                      pydial <setEvalConfig>506 :  *** Evaluating env-exploration-partial-lap-seed8-00.2: error-rate=0 num-dialogs=500 ***
RESULTS:: 16:04:38: root                               EvaluationManager.py <_prstr>179 :  Results for domain: Laptops11 --evaluated by: objective success evaluator
RESULTS:: 16:04:38: root                               EvaluationManager.py <_prstr>179 :  # of dialogues  = 500
RESULTS:: 16:04:38: root                               EvaluationManager.py <_prstr>179 :  Average reward  = 8.82 +- 0.76
RESULTS:: 16:04:38: root                               EvaluationManager.py <_prstr>179 :  Average success = 79.40 +- 3.55
RESULTS:: 16:04:38: root                               EvaluationManager.py <_prstr>179 :  Average turns   = 7.06 +- 0.20
RESULTS:: 16:04:38: root                                      pydial <train_command>857 :  List of domains: Laptops11
RESULTS:: 16:04:38: root                                         pydial <trainBatch>445 :  *** Training Iteration env-exploration-partial-lap-seed8-00.2->env-exploration-partial-lap-seed8-00.3: iter=2, error-rate=0, num-dialogs=1000 ***
RESULTS:: 16:08:36: root                               EvaluationManager.py <_prstr>179 :  Results for domain: Laptops11 --evaluated by: objective success evaluator
RESULTS:: 16:08:36: root                               EvaluationManager.py <_prstr>179 :  # of dialogues  = 1000
RESULTS:: 16:08:36: root                               EvaluationManager.py <_prstr>179 :  Average reward  = 7.02 +- 0.56
RESULTS:: 16:08:36: root                               EvaluationManager.py <_prstr>179 :  Average success = 75.20 +- 2.68
RESULTS:: 16:08:36: root                               EvaluationManager.py <_prstr>179 :  Average turns   = 8.02 +- 0.19
RESULTS:: 16:08:36: root                                      pydial <setEvalConfig>506 :  *** Evaluating env-exploration-partial-lap-seed8-00.3: error-rate=0 num-dialogs=500 ***
RESULTS:: 16:10:08: root                               EvaluationManager.py <_prstr>179 :  Results for domain: Laptops11 --evaluated by: objective success evaluator
RESULTS:: 16:10:08: root                               EvaluationManager.py <_prstr>179 :  # of dialogues  = 500
RESULTS:: 16:10:08: root                               EvaluationManager.py <_prstr>179 :  Average reward  = 6.40 +- 0.86
RESULTS:: 16:10:08: root                               EvaluationManager.py <_prstr>179 :  Average success = 65.80 +- 4.17
RESULTS:: 16:10:08: root                               EvaluationManager.py <_prstr>179 :  Average turns   = 6.76 +- 0.18
RESULTS:: 16:10:08: root                                      pydial <train_command>857 :  List of domains: Laptops11
RESULTS:: 16:10:08: root                                         pydial <trainBatch>445 :  *** Training Iteration env-exploration-partial-lap-seed8-00.3->env-exploration-partial-lap-seed8-00.4: iter=3, error-rate=0, num-dialogs=1000 ***
RESULTS:: 16:14:19: root                               EvaluationManager.py <_prstr>179 :  Results for domain: Laptops11 --evaluated by: objective success evaluator
RESULTS:: 16:14:19: root                               EvaluationManager.py <_prstr>179 :  # of dialogues  = 1000
RESULTS:: 16:14:19: root                               EvaluationManager.py <_prstr>179 :  Average reward  = 7.90 +- 0.55
RESULTS:: 16:14:19: root                               EvaluationManager.py <_prstr>179 :  Average success = 81.30 +- 2.42
RESULTS:: 16:14:19: root                               EvaluationManager.py <_prstr>179 :  Average turns   = 8.36 +- 0.24
RESULTS:: 16:14:19: root                                      pydial <train_command>869 :  List of domains: Laptops11
RESULTS:: 16:14:19: root                                      pydial <setEvalConfig>506 :  *** Evaluating env-exploration-partial-lap-seed8-00.4: error-rate=0 num-dialogs=500 ***
RESULTS:: 16:15:55: root                               EvaluationManager.py <_prstr>179 :  Results for domain: Laptops11 --evaluated by: objective success evaluator
RESULTS:: 16:15:55: root                               EvaluationManager.py <_prstr>179 :  # of dialogues  = 500
RESULTS:: 16:15:55: root                               EvaluationManager.py <_prstr>179 :  Average reward  = 8.21 +- 0.80
RESULTS:: 16:15:55: root                               EvaluationManager.py <_prstr>179 :  Average success = 75.80 +- 3.76
RESULTS:: 16:15:55: root                               EvaluationManager.py <_prstr>179 :  Average turns   = 6.95 +- 0.19
RESULTS:: 16:15:55: root                                      pydial <train_command>875 :  *** Training complete. log: env-exploration-partial-lap-seed8-00.1-4.train.log - final policy is env-exploration-partial-lap-00-04
