RESULTS:: 13:23:24: root                                      pydial <train_command>857 :  List of domains: CamRestaurants
RESULTS:: 13:23:24: root                                         pydial <trainBatch>445 :  *** Training Iteration env-exploration-partial-seed4-00.0->env-exploration-partial-seed4-00.1: iter=0, error-rate=0, num-dialogs=1000 ***
RESULTS:: 13:26:19: root                               EvaluationManager.py <_prstr>179 :  Results for domain: CamRestaurants --evaluated by: objective success evaluator
RESULTS:: 13:26:19: root                               EvaluationManager.py <_prstr>179 :  # of dialogues  = 1000
RESULTS:: 13:26:19: root                               EvaluationManager.py <_prstr>179 :  Average reward  = 9.51 +- 0.51
RESULTS:: 13:26:19: root                               EvaluationManager.py <_prstr>179 :  Average success = 83.80 +- 2.29
RESULTS:: 13:26:19: root                               EvaluationManager.py <_prstr>179 :  Average turns   = 7.25 +- 0.17
RESULTS:: 13:26:19: root                                      pydial <setEvalConfig>506 :  *** Evaluating env-exploration-partial-seed4-00.1: error-rate=0 num-dialogs=500 ***
RESULTS:: 13:27:26: root                               EvaluationManager.py <_prstr>179 :  Results for domain: CamRestaurants --evaluated by: objective success evaluator
RESULTS:: 13:27:26: root                               EvaluationManager.py <_prstr>179 :  # of dialogues  = 500
RESULTS:: 13:27:26: root                               EvaluationManager.py <_prstr>179 :  Average reward  = 13.06 +- 0.40
RESULTS:: 13:27:26: root                               EvaluationManager.py <_prstr>179 :  Average success = 96.20 +- 1.68
RESULTS:: 13:27:26: root                               EvaluationManager.py <_prstr>179 :  Average turns   = 6.18 +- 0.19
RESULTS:: 13:27:26: root                                      pydial <train_command>857 :  List of domains: CamRestaurants
RESULTS:: 13:27:26: root                                         pydial <trainBatch>445 :  *** Training Iteration env-exploration-partial-seed4-00.1->env-exploration-partial-seed4-00.2: iter=1, error-rate=0, num-dialogs=1000 ***
RESULTS:: 13:30:20: root                               EvaluationManager.py <_prstr>179 :  Results for domain: CamRestaurants --evaluated by: objective success evaluator
RESULTS:: 13:30:20: root                               EvaluationManager.py <_prstr>179 :  # of dialogues  = 1000
RESULTS:: 13:30:20: root                               EvaluationManager.py <_prstr>179 :  Average reward  = 11.43 +- 0.39
RESULTS:: 13:30:20: root                               EvaluationManager.py <_prstr>179 :  Average success = 92.40 +- 1.64
RESULTS:: 13:30:20: root                               EvaluationManager.py <_prstr>179 :  Average turns   = 7.05 +- 0.19
RESULTS:: 13:30:20: root                                      pydial <setEvalConfig>506 :  *** Evaluating env-exploration-partial-seed4-00.2: error-rate=0 num-dialogs=500 ***
RESULTS:: 13:31:28: root                               EvaluationManager.py <_prstr>179 :  Results for domain: CamRestaurants --evaluated by: objective success evaluator
RESULTS:: 13:31:28: root                               EvaluationManager.py <_prstr>179 :  # of dialogues  = 500
RESULTS:: 13:31:28: root                               EvaluationManager.py <_prstr>179 :  Average reward  = 11.64 +- 0.60
RESULTS:: 13:31:28: root                               EvaluationManager.py <_prstr>179 :  Average success = 89.80 +- 2.66
RESULTS:: 13:31:28: root                               EvaluationManager.py <_prstr>179 :  Average turns   = 6.32 +- 0.20
RESULTS:: 13:31:28: root                                      pydial <train_command>857 :  List of domains: CamRestaurants
RESULTS:: 13:31:28: root                                         pydial <trainBatch>445 :  *** Training Iteration env-exploration-partial-seed4-00.2->env-exploration-partial-seed4-00.3: iter=2, error-rate=0, num-dialogs=1000 ***
RESULTS:: 13:34:22: root                               EvaluationManager.py <_prstr>179 :  Results for domain: CamRestaurants --evaluated by: objective success evaluator
RESULTS:: 13:34:22: root                               EvaluationManager.py <_prstr>179 :  # of dialogues  = 1000
RESULTS:: 13:34:22: root                               EvaluationManager.py <_prstr>179 :  Average reward  = 12.01 +- 0.34
RESULTS:: 13:34:22: root                               EvaluationManager.py <_prstr>179 :  Average success = 94.70 +- 1.39
RESULTS:: 13:34:22: root                               EvaluationManager.py <_prstr>179 :  Average turns   = 6.93 +- 0.18
RESULTS:: 13:34:22: root                                      pydial <setEvalConfig>506 :  *** Evaluating env-exploration-partial-seed4-00.3: error-rate=0 num-dialogs=500 ***
RESULTS:: 13:35:26: root                               EvaluationManager.py <_prstr>179 :  Results for domain: CamRestaurants --evaluated by: objective success evaluator
RESULTS:: 13:35:26: root                               EvaluationManager.py <_prstr>179 :  # of dialogues  = 500
RESULTS:: 13:35:26: root                               EvaluationManager.py <_prstr>179 :  Average reward  = 13.95 +- 0.26
RESULTS:: 13:35:26: root                               EvaluationManager.py <_prstr>179 :  Average success = 99.00 +- 0.87
RESULTS:: 13:35:26: root                               EvaluationManager.py <_prstr>179 :  Average turns   = 5.85 +- 0.18
RESULTS:: 13:35:26: root                                      pydial <train_command>857 :  List of domains: CamRestaurants
RESULTS:: 13:35:26: root                                         pydial <trainBatch>445 :  *** Training Iteration env-exploration-partial-seed4-00.3->env-exploration-partial-seed4-00.4: iter=3, error-rate=0, num-dialogs=1000 ***
RESULTS:: 13:38:18: root                               EvaluationManager.py <_prstr>179 :  Results for domain: CamRestaurants --evaluated by: objective success evaluator
RESULTS:: 13:38:18: root                               EvaluationManager.py <_prstr>179 :  # of dialogues  = 1000
RESULTS:: 13:38:18: root                               EvaluationManager.py <_prstr>179 :  Average reward  = 13.07 +- 0.21
RESULTS:: 13:38:18: root                               EvaluationManager.py <_prstr>179 :  Average success = 99.20 +- 0.55
RESULTS:: 13:38:18: root                               EvaluationManager.py <_prstr>179 :  Average turns   = 6.77 +- 0.17
RESULTS:: 13:38:18: root                                      pydial <train_command>869 :  List of domains: CamRestaurants
RESULTS:: 13:38:18: root                                      pydial <setEvalConfig>506 :  *** Evaluating env-exploration-partial-seed4-00.4: error-rate=0 num-dialogs=500 ***
RESULTS:: 13:39:23: root                               EvaluationManager.py <_prstr>179 :  Results for domain: CamRestaurants --evaluated by: objective success evaluator
RESULTS:: 13:39:23: root                               EvaluationManager.py <_prstr>179 :  # of dialogues  = 500
RESULTS:: 13:39:23: root                               EvaluationManager.py <_prstr>179 :  Average reward  = 13.58 +- 0.35
RESULTS:: 13:39:23: root                               EvaluationManager.py <_prstr>179 :  Average success = 97.60 +- 1.34
RESULTS:: 13:39:23: root                               EvaluationManager.py <_prstr>179 :  Average turns   = 5.94 +- 0.19
RESULTS:: 13:39:23: root                                      pydial <train_command>875 :  *** Training complete. log: env-exploration-partial-seed4-00.1-4.train.log - final policy is env-exploration-partial-00-04
