RESULTS:: 15:15:32: root                                      pydial <train_command>857 :  List of domains: SFRestaurants
RESULTS:: 15:15:32: root                                         pydial <trainBatch>445 :  *** Training Iteration env-exploration-partial-sfr-seed6-00.0->env-exploration-partial-sfr-seed6-00.1: iter=0, error-rate=0, num-dialogs=1000 ***
RESULTS:: 15:20:38: root                               EvaluationManager.py <_prstr>179 :  Results for domain: SFRestaurants --evaluated by: objective success evaluator
RESULTS:: 15:20:38: root                               EvaluationManager.py <_prstr>179 :  # of dialogues  = 1000
RESULTS:: 15:20:38: root                               EvaluationManager.py <_prstr>179 :  Average reward  = 0.61 +- 0.62
RESULTS:: 15:20:38: root                               EvaluationManager.py <_prstr>179 :  Average success = 41.70 +- 3.06
RESULTS:: 15:20:38: root                               EvaluationManager.py <_prstr>179 :  Average turns   = 7.73 +- 0.14
RESULTS:: 15:20:38: root                                      pydial <setEvalConfig>506 :  *** Evaluating env-exploration-partial-sfr-seed6-00.1: error-rate=0 num-dialogs=500 ***
RESULTS:: 15:22:35: root                               EvaluationManager.py <_prstr>179 :  Results for domain: SFRestaurants --evaluated by: objective success evaluator
RESULTS:: 15:22:35: root                               EvaluationManager.py <_prstr>179 :  # of dialogues  = 500
RESULTS:: 15:22:35: root                               EvaluationManager.py <_prstr>179 :  Average reward  = 3.25 +- 0.90
RESULTS:: 15:22:35: root                               EvaluationManager.py <_prstr>179 :  Average success = 51.40 +- 4.39
RESULTS:: 15:22:35: root                               EvaluationManager.py <_prstr>179 :  Average turns   = 7.03 +- 0.15
RESULTS:: 15:22:35: root                                      pydial <train_command>857 :  List of domains: SFRestaurants
RESULTS:: 15:22:35: root                                         pydial <trainBatch>445 :  *** Training Iteration env-exploration-partial-sfr-seed6-00.1->env-exploration-partial-sfr-seed6-00.2: iter=1, error-rate=0, num-dialogs=1000 ***
RESULTS:: 15:27:48: root                               EvaluationManager.py <_prstr>179 :  Results for domain: SFRestaurants --evaluated by: objective success evaluator
RESULTS:: 15:27:48: root                               EvaluationManager.py <_prstr>179 :  # of dialogues  = 1000
RESULTS:: 15:27:48: root                               EvaluationManager.py <_prstr>179 :  Average reward  = 3.98 +- 0.63
RESULTS:: 15:27:48: root                               EvaluationManager.py <_prstr>179 :  Average success = 58.70 +- 3.06
RESULTS:: 15:27:48: root                               EvaluationManager.py <_prstr>179 :  Average turns   = 7.76 +- 0.17
RESULTS:: 15:27:48: root                                      pydial <setEvalConfig>506 :  *** Evaluating env-exploration-partial-sfr-seed6-00.2: error-rate=0 num-dialogs=500 ***
RESULTS:: 15:29:42: root                               EvaluationManager.py <_prstr>179 :  Results for domain: SFRestaurants --evaluated by: objective success evaluator
RESULTS:: 15:29:42: root                               EvaluationManager.py <_prstr>179 :  # of dialogues  = 500
RESULTS:: 15:29:42: root                               EvaluationManager.py <_prstr>179 :  Average reward  = 2.90 +- 0.92
RESULTS:: 15:29:42: root                               EvaluationManager.py <_prstr>179 :  Average success = 48.80 +- 4.39
RESULTS:: 15:29:42: root                               EvaluationManager.py <_prstr>179 :  Average turns   = 6.86 +- 0.14
RESULTS:: 15:29:42: root                                      pydial <train_command>857 :  List of domains: SFRestaurants
RESULTS:: 15:29:42: root                                         pydial <trainBatch>445 :  *** Training Iteration env-exploration-partial-sfr-seed6-00.2->env-exploration-partial-sfr-seed6-00.3: iter=2, error-rate=0, num-dialogs=1000 ***
RESULTS:: 15:34:58: root                               EvaluationManager.py <_prstr>179 :  Results for domain: SFRestaurants --evaluated by: objective success evaluator
RESULTS:: 15:34:58: root                               EvaluationManager.py <_prstr>179 :  # of dialogues  = 1000
RESULTS:: 15:34:58: root                               EvaluationManager.py <_prstr>179 :  Average reward  = 6.83 +- 0.58
RESULTS:: 15:34:58: root                               EvaluationManager.py <_prstr>179 :  Average success = 73.90 +- 2.73
RESULTS:: 15:34:58: root                               EvaluationManager.py <_prstr>179 :  Average turns   = 7.95 +- 0.19
RESULTS:: 15:34:59: root                                      pydial <setEvalConfig>506 :  *** Evaluating env-exploration-partial-sfr-seed6-00.3: error-rate=0 num-dialogs=500 ***
RESULTS:: 15:37:00: root                               EvaluationManager.py <_prstr>179 :  Results for domain: SFRestaurants --evaluated by: objective success evaluator
RESULTS:: 15:37:00: root                               EvaluationManager.py <_prstr>179 :  # of dialogues  = 500
RESULTS:: 15:37:00: root                               EvaluationManager.py <_prstr>179 :  Average reward  = 8.50 +- 0.80
RESULTS:: 15:37:00: root                               EvaluationManager.py <_prstr>179 :  Average success = 76.80 +- 3.71
RESULTS:: 15:37:00: root                               EvaluationManager.py <_prstr>179 :  Average turns   = 6.86 +- 0.19
RESULTS:: 15:37:00: root                                      pydial <train_command>857 :  List of domains: SFRestaurants
RESULTS:: 15:37:00: root                                         pydial <trainBatch>445 :  *** Training Iteration env-exploration-partial-sfr-seed6-00.3->env-exploration-partial-sfr-seed6-00.4: iter=3, error-rate=0, num-dialogs=1000 ***
RESULTS:: 15:42:27: root                               EvaluationManager.py <_prstr>179 :  Results for domain: SFRestaurants --evaluated by: objective success evaluator
RESULTS:: 15:42:27: root                               EvaluationManager.py <_prstr>179 :  # of dialogues  = 1000
RESULTS:: 15:42:27: root                               EvaluationManager.py <_prstr>179 :  Average reward  = 9.11 +- 0.49
RESULTS:: 15:42:27: root                               EvaluationManager.py <_prstr>179 :  Average success = 85.90 +- 2.16
RESULTS:: 15:42:27: root                               EvaluationManager.py <_prstr>179 :  Average turns   = 8.07 +- 0.20
RESULTS:: 15:42:27: root                                      pydial <train_command>869 :  List of domains: SFRestaurants
RESULTS:: 15:42:27: root                                      pydial <setEvalConfig>506 :  *** Evaluating env-exploration-partial-sfr-seed6-00.4: error-rate=0 num-dialogs=500 ***
RESULTS:: 15:44:34: root                               EvaluationManager.py <_prstr>179 :  Results for domain: SFRestaurants --evaluated by: objective success evaluator
RESULTS:: 15:44:34: root                               EvaluationManager.py <_prstr>179 :  # of dialogues  = 500
RESULTS:: 15:44:34: root                               EvaluationManager.py <_prstr>179 :  Average reward  = 11.06 +- 0.57
RESULTS:: 15:44:34: root                               EvaluationManager.py <_prstr>179 :  Average success = 90.80 +- 2.54
RESULTS:: 15:44:34: root                               EvaluationManager.py <_prstr>179 :  Average turns   = 7.10 +- 0.20
RESULTS:: 15:44:34: root                                      pydial <train_command>875 :  *** Training complete. log: env-exploration-partial-sfr-seed6-00.1-4.train.log - final policy is env-exploration-partial-sfr-00-04
