RESULTS:: 13:40:46: root                                      pydial <train_command>857 :  List of domains: Laptops11
RESULTS:: 13:40:46: root                                         pydial <trainBatch>445 :  *** Training Iteration env-exploration-partial-lap-seed2-00.0->env-exploration-partial-lap-seed2-00.1: iter=0, error-rate=0, num-dialogs=1000 ***
RESULTS:: 13:44:43: root                               EvaluationManager.py <_prstr>179 :  Results for domain: Laptops11 --evaluated by: objective success evaluator
RESULTS:: 13:44:43: root                               EvaluationManager.py <_prstr>179 :  # of dialogues  = 1000
RESULTS:: 13:44:43: root                               EvaluationManager.py <_prstr>179 :  Average reward  = 5.11 +- 0.63
RESULTS:: 13:44:43: root                               EvaluationManager.py <_prstr>179 :  Average success = 65.40 +- 2.95
RESULTS:: 13:44:43: root                               EvaluationManager.py <_prstr>179 :  Average turns   = 7.97 +- 0.20
RESULTS:: 13:44:43: root                                      pydial <setEvalConfig>506 :  *** Evaluating env-exploration-partial-lap-seed2-00.1: error-rate=0 num-dialogs=500 ***
RESULTS:: 13:46:19: root                               EvaluationManager.py <_prstr>179 :  Results for domain: Laptops11 --evaluated by: objective success evaluator
RESULTS:: 13:46:19: root                               EvaluationManager.py <_prstr>179 :  # of dialogues  = 500
RESULTS:: 13:46:19: root                               EvaluationManager.py <_prstr>179 :  Average reward  = 7.72 +- 0.82
RESULTS:: 13:46:19: root                               EvaluationManager.py <_prstr>179 :  Average success = 74.00 +- 3.85
RESULTS:: 13:46:19: root                               EvaluationManager.py <_prstr>179 :  Average turns   = 7.08 +- 0.20
RESULTS:: 13:46:19: root                                      pydial <train_command>857 :  List of domains: Laptops11
RESULTS:: 13:46:19: root                                         pydial <trainBatch>445 :  *** Training Iteration env-exploration-partial-lap-seed2-00.1->env-exploration-partial-lap-seed2-00.2: iter=1, error-rate=0, num-dialogs=1000 ***
RESULTS:: 13:50:15: root                               EvaluationManager.py <_prstr>179 :  Results for domain: Laptops11 --evaluated by: objective success evaluator
RESULTS:: 13:50:15: root                               EvaluationManager.py <_prstr>179 :  # of dialogues  = 1000
RESULTS:: 13:50:15: root                               EvaluationManager.py <_prstr>179 :  Average reward  = 7.89 +- 0.54
RESULTS:: 13:50:15: root                               EvaluationManager.py <_prstr>179 :  Average success = 78.50 +- 2.55
RESULTS:: 13:50:15: root                               EvaluationManager.py <_prstr>179 :  Average turns   = 7.81 +- 0.20
RESULTS:: 13:50:15: root                                      pydial <setEvalConfig>506 :  *** Evaluating env-exploration-partial-lap-seed2-00.2: error-rate=0 num-dialogs=500 ***
RESULTS:: 13:51:51: root                               EvaluationManager.py <_prstr>179 :  Results for domain: Laptops11 --evaluated by: objective success evaluator
RESULTS:: 13:51:51: root                               EvaluationManager.py <_prstr>179 :  # of dialogues  = 500
RESULTS:: 13:51:51: root                               EvaluationManager.py <_prstr>179 :  Average reward  = 8.82 +- 0.76
RESULTS:: 13:51:51: root                               EvaluationManager.py <_prstr>179 :  Average success = 80.40 +- 3.49
RESULTS:: 13:51:51: root                               EvaluationManager.py <_prstr>179 :  Average turns   = 7.26 +- 0.21
RESULTS:: 13:51:51: root                                      pydial <train_command>857 :  List of domains: Laptops11
RESULTS:: 13:51:51: root                                         pydial <trainBatch>445 :  *** Training Iteration env-exploration-partial-lap-seed2-00.2->env-exploration-partial-lap-seed2-00.3: iter=2, error-rate=0, num-dialogs=1000 ***
RESULTS:: 13:55:52: root                               EvaluationManager.py <_prstr>179 :  Results for domain: Laptops11 --evaluated by: objective success evaluator
RESULTS:: 13:55:52: root                               EvaluationManager.py <_prstr>179 :  # of dialogues  = 1000
RESULTS:: 13:55:52: root                               EvaluationManager.py <_prstr>179 :  Average reward  = 7.01 +- 0.57
RESULTS:: 13:55:52: root                               EvaluationManager.py <_prstr>179 :  Average success = 75.30 +- 2.68
RESULTS:: 13:55:52: root                               EvaluationManager.py <_prstr>179 :  Average turns   = 8.05 +- 0.21
RESULTS:: 13:55:52: root                                      pydial <setEvalConfig>506 :  *** Evaluating env-exploration-partial-lap-seed2-00.3: error-rate=0 num-dialogs=500 ***
RESULTS:: 13:57:26: root                               EvaluationManager.py <_prstr>179 :  Results for domain: Laptops11 --evaluated by: objective success evaluator
RESULTS:: 13:57:26: root                               EvaluationManager.py <_prstr>179 :  # of dialogues  = 500
RESULTS:: 13:57:26: root                               EvaluationManager.py <_prstr>179 :  Average reward  = 7.18 +- 0.86
RESULTS:: 13:57:26: root                               EvaluationManager.py <_prstr>179 :  Average success = 70.80 +- 4.00
RESULTS:: 13:57:26: root                               EvaluationManager.py <_prstr>179 :  Average turns   = 6.98 +- 0.19
RESULTS:: 13:57:26: root                                      pydial <train_command>857 :  List of domains: Laptops11
RESULTS:: 13:57:26: root                                         pydial <trainBatch>445 :  *** Training Iteration env-exploration-partial-lap-seed2-00.3->env-exploration-partial-lap-seed2-00.4: iter=3, error-rate=0, num-dialogs=1000 ***
RESULTS:: 14:01:34: root                               EvaluationManager.py <_prstr>179 :  Results for domain: Laptops11 --evaluated by: objective success evaluator
RESULTS:: 14:01:34: root                               EvaluationManager.py <_prstr>179 :  # of dialogues  = 1000
RESULTS:: 14:01:34: root                               EvaluationManager.py <_prstr>179 :  Average reward  = 6.91 +- 0.59
RESULTS:: 14:01:34: root                               EvaluationManager.py <_prstr>179 :  Average success = 76.00 +- 2.65
RESULTS:: 14:01:34: root                               EvaluationManager.py <_prstr>179 :  Average turns   = 8.29 +- 0.22
RESULTS:: 14:01:34: root                                      pydial <train_command>869 :  List of domains: Laptops11
RESULTS:: 14:01:34: root                                      pydial <setEvalConfig>506 :  *** Evaluating env-exploration-partial-lap-seed2-00.4: error-rate=0 num-dialogs=500 ***
RESULTS:: 14:03:15: root                               EvaluationManager.py <_prstr>179 :  Results for domain: Laptops11 --evaluated by: objective success evaluator
RESULTS:: 14:03:15: root                               EvaluationManager.py <_prstr>179 :  # of dialogues  = 500
RESULTS:: 14:03:15: root                               EvaluationManager.py <_prstr>179 :  Average reward  = 8.57 +- 0.83
RESULTS:: 14:03:15: root                               EvaluationManager.py <_prstr>179 :  Average success = 80.00 +- 3.51
RESULTS:: 14:03:15: root                               EvaluationManager.py <_prstr>179 :  Average turns   = 7.43 +- 0.28
RESULTS:: 14:03:15: root                                      pydial <train_command>875 :  *** Training complete. log: env-exploration-partial-lap-seed2-00.1-4.train.log - final policy is env-exploration-partial-lap-00-04
