RESULTS:: 15:55:09: root                                      pydial <train_command>857 :  List of domains: CamRestaurants
RESULTS:: 15:55:09: root                                         pydial <trainBatch>445 :  *** Training Iteration env1-hdc-CR-seed1-00.0->env1-hdc-CR-seed1-00.1: iter=0, error-rate=0, num-dialogs=1000 ***
RESULTS:: 15:57:19: root                               EvaluationManager.py <_prstr>179 :  Results for domain: CamRestaurants --evaluated by: objective success evaluator
RESULTS:: 15:57:19: root                               EvaluationManager.py <_prstr>179 :  # of dialogues  = 1000
RESULTS:: 15:57:19: root                               EvaluationManager.py <_prstr>179 :  Average reward  = 14.03 +- 0.13
RESULTS:: 15:57:19: root                               EvaluationManager.py <_prstr>179 :  Average success = 100.00 +- 0.00
RESULTS:: 15:57:19: root                               EvaluationManager.py <_prstr>179 :  Average turns   = 5.97 +- 0.13
RESULTS:: 15:57:19: root                                      pydial <setEvalConfig>506 :  *** Evaluating env1-hdc-CR-seed1-00.1: error-rate=0 num-dialogs=500 ***
RESULTS:: 15:58:22: root                               EvaluationManager.py <_prstr>179 :  Results for domain: CamRestaurants --evaluated by: objective success evaluator
RESULTS:: 15:58:22: root                               EvaluationManager.py <_prstr>179 :  # of dialogues  = 500
RESULTS:: 15:58:22: root                               EvaluationManager.py <_prstr>179 :  Average reward  = 14.02 +- 0.18
RESULTS:: 15:58:22: root                               EvaluationManager.py <_prstr>179 :  Average success = 100.00 +- 0.00
RESULTS:: 15:58:22: root                               EvaluationManager.py <_prstr>179 :  Average turns   = 5.98 +- 0.18
RESULTS:: 15:58:22: root                                      pydial <train_command>857 :  List of domains: CamRestaurants
RESULTS:: 15:58:22: root                                         pydial <trainBatch>445 :  *** Training Iteration env1-hdc-CR-seed1-00.1->env1-hdc-CR-seed1-00.2: iter=1, error-rate=0, num-dialogs=1000 ***
RESULTS:: 16:00:27: root                               EvaluationManager.py <_prstr>179 :  Results for domain: CamRestaurants --evaluated by: objective success evaluator
RESULTS:: 16:00:27: root                               EvaluationManager.py <_prstr>179 :  # of dialogues  = 1000
RESULTS:: 16:00:27: root                               EvaluationManager.py <_prstr>179 :  Average reward  = 14.13 +- 0.14
RESULTS:: 16:00:27: root                               EvaluationManager.py <_prstr>179 :  Average success = 100.00 +- 0.00
RESULTS:: 16:00:27: root                               EvaluationManager.py <_prstr>179 :  Average turns   = 5.87 +- 0.14
RESULTS:: 16:00:27: root                                      pydial <setEvalConfig>506 :  *** Evaluating env1-hdc-CR-seed1-00.2: error-rate=0 num-dialogs=500 ***
RESULTS:: 16:01:32: root                               EvaluationManager.py <_prstr>179 :  Results for domain: CamRestaurants --evaluated by: objective success evaluator
RESULTS:: 16:01:32: root                               EvaluationManager.py <_prstr>179 :  # of dialogues  = 500
RESULTS:: 16:01:32: root                               EvaluationManager.py <_prstr>179 :  Average reward  = 14.00 +- 0.20
RESULTS:: 16:01:32: root                               EvaluationManager.py <_prstr>179 :  Average success = 100.00 +- 0.00
RESULTS:: 16:01:32: root                               EvaluationManager.py <_prstr>179 :  Average turns   = 6.00 +- 0.20
RESULTS:: 16:01:32: root                                      pydial <train_command>857 :  List of domains: CamRestaurants
RESULTS:: 16:01:32: root                                         pydial <trainBatch>445 :  *** Training Iteration env1-hdc-CR-seed1-00.2->env1-hdc-CR-seed1-00.3: iter=2, error-rate=0, num-dialogs=1000 ***
RESULTS:: 16:03:42: root                               EvaluationManager.py <_prstr>179 :  Results for domain: CamRestaurants --evaluated by: objective success evaluator
RESULTS:: 16:03:42: root                               EvaluationManager.py <_prstr>179 :  # of dialogues  = 1000
RESULTS:: 16:03:42: root                               EvaluationManager.py <_prstr>179 :  Average reward  = 13.99 +- 0.13
RESULTS:: 16:03:42: root                               EvaluationManager.py <_prstr>179 :  Average success = 100.00 +- 0.00
RESULTS:: 16:03:42: root                               EvaluationManager.py <_prstr>179 :  Average turns   = 6.01 +- 0.13
RESULTS:: 16:03:42: root                                      pydial <setEvalConfig>506 :  *** Evaluating env1-hdc-CR-seed1-00.3: error-rate=0 num-dialogs=500 ***
RESULTS:: 16:04:43: root                               EvaluationManager.py <_prstr>179 :  Results for domain: CamRestaurants --evaluated by: objective success evaluator
RESULTS:: 16:04:43: root                               EvaluationManager.py <_prstr>179 :  # of dialogues  = 500
RESULTS:: 16:04:43: root                               EvaluationManager.py <_prstr>179 :  Average reward  = 14.30 +- 0.18
RESULTS:: 16:04:43: root                               EvaluationManager.py <_prstr>179 :  Average success = 100.00 +- 0.00
RESULTS:: 16:04:43: root                               EvaluationManager.py <_prstr>179 :  Average turns   = 5.70 +- 0.18
RESULTS:: 16:04:43: root                                      pydial <train_command>857 :  List of domains: CamRestaurants
RESULTS:: 16:04:43: root                                         pydial <trainBatch>445 :  *** Training Iteration env1-hdc-CR-seed1-00.3->env1-hdc-CR-seed1-00.4: iter=3, error-rate=0, num-dialogs=1000 ***
RESULTS:: 16:06:50: root                               EvaluationManager.py <_prstr>179 :  Results for domain: CamRestaurants --evaluated by: objective success evaluator
RESULTS:: 16:06:50: root                               EvaluationManager.py <_prstr>179 :  # of dialogues  = 1000
RESULTS:: 16:06:50: root                               EvaluationManager.py <_prstr>179 :  Average reward  = 14.11 +- 0.14
RESULTS:: 16:06:50: root                               EvaluationManager.py <_prstr>179 :  Average success = 100.00 +- 0.00
RESULTS:: 16:06:50: root                               EvaluationManager.py <_prstr>179 :  Average turns   = 5.89 +- 0.14
RESULTS:: 16:06:50: root                                      pydial <train_command>869 :  List of domains: CamRestaurants
RESULTS:: 16:06:50: root                                      pydial <setEvalConfig>506 :  *** Evaluating env1-hdc-CR-seed1-00.4: error-rate=0 num-dialogs=500 ***
RESULTS:: 16:07:54: root                               EvaluationManager.py <_prstr>179 :  Results for domain: CamRestaurants --evaluated by: objective success evaluator
RESULTS:: 16:07:54: root                               EvaluationManager.py <_prstr>179 :  # of dialogues  = 500
RESULTS:: 16:07:54: root                               EvaluationManager.py <_prstr>179 :  Average reward  = 14.04 +- 0.18
RESULTS:: 16:07:54: root                               EvaluationManager.py <_prstr>179 :  Average success = 100.00 +- 0.00
RESULTS:: 16:07:54: root                               EvaluationManager.py <_prstr>179 :  Average turns   = 5.96 +- 0.18
RESULTS:: 16:07:54: root                                      pydial <train_command>875 :  *** Training complete. log: env1-hdc-CR-seed1-00.1-4.train.log - final policy is env1-hdc-CR-00-04
