RESULTS:: 22:01:34: root                                      pydial <train_command>857 :  List of domains: Laptops11
RESULTS:: 22:01:34: root                                         pydial <trainBatch>445 :  *** Training Iteration env1-hdc-LAP-seed0-00.0->env1-hdc-LAP-seed0-00.1: iter=0, error-rate=0, num-dialogs=1000 ***
RESULTS:: 22:06:01: root                               EvaluationManager.py <_prstr>179 :  Results for domain: Laptops11 --evaluated by: objective success evaluator
RESULTS:: 22:06:01: root                               EvaluationManager.py <_prstr>179 :  # of dialogues  = 1000
RESULTS:: 22:06:01: root                               EvaluationManager.py <_prstr>179 :  Average reward  = 11.82 +- 0.31
RESULTS:: 22:06:01: root                               EvaluationManager.py <_prstr>179 :  Average success = 98.00 +- 0.87
RESULTS:: 22:06:01: root                               EvaluationManager.py <_prstr>179 :  Average turns   = 7.78 +- 0.22
RESULTS:: 22:06:01: root                                      pydial <setEvalConfig>506 :  *** Evaluating env1-hdc-LAP-seed0-00.1: error-rate=0 num-dialogs=500 ***
RESULTS:: 22:07:55: root                               EvaluationManager.py <_prstr>179 :  Results for domain: Laptops11 --evaluated by: objective success evaluator
RESULTS:: 22:07:55: root                               EvaluationManager.py <_prstr>179 :  # of dialogues  = 500
RESULTS:: 22:07:55: root                               EvaluationManager.py <_prstr>179 :  Average reward  = 11.84 +- 0.46
RESULTS:: 22:07:55: root                               EvaluationManager.py <_prstr>179 :  Average success = 97.40 +- 1.40
RESULTS:: 22:07:55: root                               EvaluationManager.py <_prstr>179 :  Average turns   = 7.64 +- 0.29
RESULTS:: 22:07:55: root                                      pydial <train_command>857 :  List of domains: Laptops11
RESULTS:: 22:07:55: root                                         pydial <trainBatch>445 :  *** Training Iteration env1-hdc-LAP-seed0-00.1->env1-hdc-LAP-seed0-00.2: iter=1, error-rate=0, num-dialogs=1000 ***
RESULTS:: 22:11:41: root                               EvaluationManager.py <_prstr>179 :  Results for domain: Laptops11 --evaluated by: objective success evaluator
RESULTS:: 22:11:41: root                               EvaluationManager.py <_prstr>179 :  # of dialogues  = 1000
RESULTS:: 22:11:41: root                               EvaluationManager.py <_prstr>179 :  Average reward  = 11.78 +- 0.35
RESULTS:: 22:11:41: root                               EvaluationManager.py <_prstr>179 :  Average success = 97.10 +- 1.04
RESULTS:: 22:11:41: root                               EvaluationManager.py <_prstr>179 :  Average turns   = 7.64 +- 0.21
RESULTS:: 22:11:41: root                                      pydial <setEvalConfig>506 :  *** Evaluating env1-hdc-LAP-seed0-00.2: error-rate=0 num-dialogs=500 ***
RESULTS:: 22:13:35: root                               EvaluationManager.py <_prstr>179 :  Results for domain: Laptops11 --evaluated by: objective success evaluator
RESULTS:: 22:13:35: root                               EvaluationManager.py <_prstr>179 :  # of dialogues  = 500
RESULTS:: 22:13:35: root                               EvaluationManager.py <_prstr>179 :  Average reward  = 11.46 +- 0.51
RESULTS:: 22:13:35: root                               EvaluationManager.py <_prstr>179 :  Average success = 96.20 +- 1.68
RESULTS:: 22:13:35: root                               EvaluationManager.py <_prstr>179 :  Average turns   = 7.78 +- 0.30
RESULTS:: 22:13:35: root                                      pydial <train_command>857 :  List of domains: Laptops11
RESULTS:: 22:13:35: root                                         pydial <trainBatch>445 :  *** Training Iteration env1-hdc-LAP-seed0-00.2->env1-hdc-LAP-seed0-00.3: iter=2, error-rate=0, num-dialogs=1000 ***
RESULTS:: 22:17:18: root                               EvaluationManager.py <_prstr>179 :  Results for domain: Laptops11 --evaluated by: objective success evaluator
RESULTS:: 22:17:18: root                               EvaluationManager.py <_prstr>179 :  # of dialogues  = 1000
RESULTS:: 22:17:18: root                               EvaluationManager.py <_prstr>179 :  Average reward  = 11.91 +- 0.32
RESULTS:: 22:17:18: root                               EvaluationManager.py <_prstr>179 :  Average success = 97.30 +- 1.01
RESULTS:: 22:17:18: root                               EvaluationManager.py <_prstr>179 :  Average turns   = 7.55 +- 0.21
RESULTS:: 22:17:18: root                                      pydial <setEvalConfig>506 :  *** Evaluating env1-hdc-LAP-seed0-00.3: error-rate=0 num-dialogs=500 ***
RESULTS:: 22:19:10: root                               EvaluationManager.py <_prstr>179 :  Results for domain: Laptops11 --evaluated by: objective success evaluator
RESULTS:: 22:19:10: root                               EvaluationManager.py <_prstr>179 :  # of dialogues  = 500
RESULTS:: 22:19:10: root                               EvaluationManager.py <_prstr>179 :  Average reward  = 11.87 +- 0.49
RESULTS:: 22:19:10: root                               EvaluationManager.py <_prstr>179 :  Average success = 97.40 +- 1.40
RESULTS:: 22:19:10: root                               EvaluationManager.py <_prstr>179 :  Average turns   = 7.61 +- 0.31
RESULTS:: 22:19:10: root                                      pydial <train_command>857 :  List of domains: Laptops11
RESULTS:: 22:19:10: root                                         pydial <trainBatch>445 :  *** Training Iteration env1-hdc-LAP-seed0-00.3->env1-hdc-LAP-seed0-00.4: iter=3, error-rate=0, num-dialogs=1000 ***
RESULTS:: 22:22:58: root                               EvaluationManager.py <_prstr>179 :  Results for domain: Laptops11 --evaluated by: objective success evaluator
RESULTS:: 22:22:58: root                               EvaluationManager.py <_prstr>179 :  # of dialogues  = 1000
RESULTS:: 22:22:58: root                               EvaluationManager.py <_prstr>179 :  Average reward  = 11.69 +- 0.35
RESULTS:: 22:22:58: root                               EvaluationManager.py <_prstr>179 :  Average success = 96.90 +- 1.08
RESULTS:: 22:22:58: root                               EvaluationManager.py <_prstr>179 :  Average turns   = 7.69 +- 0.22
RESULTS:: 22:22:58: root                                      pydial <train_command>869 :  List of domains: Laptops11
RESULTS:: 22:22:58: root                                      pydial <setEvalConfig>506 :  *** Evaluating env1-hdc-LAP-seed0-00.4: error-rate=0 num-dialogs=500 ***
RESULTS:: 22:24:49: root                               EvaluationManager.py <_prstr>179 :  Results for domain: Laptops11 --evaluated by: objective success evaluator
RESULTS:: 22:24:49: root                               EvaluationManager.py <_prstr>179 :  # of dialogues  = 500
RESULTS:: 22:24:49: root                               EvaluationManager.py <_prstr>179 :  Average reward  = 11.61 +- 0.52
RESULTS:: 22:24:49: root                               EvaluationManager.py <_prstr>179 :  Average success = 96.00 +- 1.72
RESULTS:: 22:24:49: root                               EvaluationManager.py <_prstr>179 :  Average turns   = 7.59 +- 0.30
RESULTS:: 22:24:49: root                                      pydial <train_command>875 :  *** Training complete. log: env1-hdc-LAP-seed0-00.1-4.train.log - final policy is env1-hdc-LAP-00-04
