RESULTS:: 17:10:55: root                                      pydial <train_command>857 :  List of domains: CamRestaurants
RESULTS:: 17:10:55: root                                         pydial <trainBatch>445 :  *** Training Iteration env1-hdc-CR-seed7-00.0->env1-hdc-CR-seed7-00.1: iter=0, error-rate=0, num-dialogs=1000 ***
RESULTS:: 17:12:56: root                               EvaluationManager.py <_prstr>179 :  Results for domain: CamRestaurants --evaluated by: objective success evaluator
RESULTS:: 17:12:56: root                               EvaluationManager.py <_prstr>179 :  # of dialogues  = 1000
RESULTS:: 17:12:56: root                               EvaluationManager.py <_prstr>179 :  Average reward  = 14.07 +- 0.13
RESULTS:: 17:12:56: root                               EvaluationManager.py <_prstr>179 :  Average success = 100.00 +- 0.00
RESULTS:: 17:12:56: root                               EvaluationManager.py <_prstr>179 :  Average turns   = 5.93 +- 0.13
RESULTS:: 17:12:56: root                                      pydial <setEvalConfig>506 :  *** Evaluating env1-hdc-CR-seed7-00.1: error-rate=0 num-dialogs=500 ***
RESULTS:: 17:13:54: root                               EvaluationManager.py <_prstr>179 :  Results for domain: CamRestaurants --evaluated by: objective success evaluator
RESULTS:: 17:13:54: root                               EvaluationManager.py <_prstr>179 :  # of dialogues  = 500
RESULTS:: 17:13:54: root                               EvaluationManager.py <_prstr>179 :  Average reward  = 14.11 +- 0.19
RESULTS:: 17:13:54: root                               EvaluationManager.py <_prstr>179 :  Average success = 100.00 +- 0.00
RESULTS:: 17:13:54: root                               EvaluationManager.py <_prstr>179 :  Average turns   = 5.89 +- 0.19
RESULTS:: 17:13:54: root                                      pydial <train_command>857 :  List of domains: CamRestaurants
RESULTS:: 17:13:54: root                                         pydial <trainBatch>445 :  *** Training Iteration env1-hdc-CR-seed7-00.1->env1-hdc-CR-seed7-00.2: iter=1, error-rate=0, num-dialogs=1000 ***
RESULTS:: 17:15:54: root                               EvaluationManager.py <_prstr>179 :  Results for domain: CamRestaurants --evaluated by: objective success evaluator
RESULTS:: 17:15:54: root                               EvaluationManager.py <_prstr>179 :  # of dialogues  = 1000
RESULTS:: 17:15:54: root                               EvaluationManager.py <_prstr>179 :  Average reward  = 13.98 +- 0.14
RESULTS:: 17:15:54: root                               EvaluationManager.py <_prstr>179 :  Average success = 100.00 +- 0.00
RESULTS:: 17:15:54: root                               EvaluationManager.py <_prstr>179 :  Average turns   = 6.02 +- 0.14
RESULTS:: 17:15:54: root                                      pydial <setEvalConfig>506 :  *** Evaluating env1-hdc-CR-seed7-00.2: error-rate=0 num-dialogs=500 ***
RESULTS:: 17:16:53: root                               EvaluationManager.py <_prstr>179 :  Results for domain: CamRestaurants --evaluated by: objective success evaluator
RESULTS:: 17:16:53: root                               EvaluationManager.py <_prstr>179 :  # of dialogues  = 500
RESULTS:: 17:16:53: root                               EvaluationManager.py <_prstr>179 :  Average reward  = 14.21 +- 0.18
RESULTS:: 17:16:53: root                               EvaluationManager.py <_prstr>179 :  Average success = 100.00 +- 0.00
RESULTS:: 17:16:53: root                               EvaluationManager.py <_prstr>179 :  Average turns   = 5.79 +- 0.18
RESULTS:: 17:16:53: root                                      pydial <train_command>857 :  List of domains: CamRestaurants
RESULTS:: 17:16:53: root                                         pydial <trainBatch>445 :  *** Training Iteration env1-hdc-CR-seed7-00.2->env1-hdc-CR-seed7-00.3: iter=2, error-rate=0, num-dialogs=1000 ***
RESULTS:: 17:18:52: root                               EvaluationManager.py <_prstr>179 :  Results for domain: CamRestaurants --evaluated by: objective success evaluator
RESULTS:: 17:18:52: root                               EvaluationManager.py <_prstr>179 :  # of dialogues  = 1000
RESULTS:: 17:18:52: root                               EvaluationManager.py <_prstr>179 :  Average reward  = 14.28 +- 0.13
RESULTS:: 17:18:52: root                               EvaluationManager.py <_prstr>179 :  Average success = 100.00 +- 0.00
RESULTS:: 17:18:52: root                               EvaluationManager.py <_prstr>179 :  Average turns   = 5.72 +- 0.13
RESULTS:: 17:18:52: root                                      pydial <setEvalConfig>506 :  *** Evaluating env1-hdc-CR-seed7-00.3: error-rate=0 num-dialogs=500 ***
RESULTS:: 17:19:53: root                               EvaluationManager.py <_prstr>179 :  Results for domain: CamRestaurants --evaluated by: objective success evaluator
RESULTS:: 17:19:53: root                               EvaluationManager.py <_prstr>179 :  # of dialogues  = 500
RESULTS:: 17:19:53: root                               EvaluationManager.py <_prstr>179 :  Average reward  = 14.15 +- 0.20
RESULTS:: 17:19:53: root                               EvaluationManager.py <_prstr>179 :  Average success = 100.00 +- 0.00
RESULTS:: 17:19:53: root                               EvaluationManager.py <_prstr>179 :  Average turns   = 5.85 +- 0.20
RESULTS:: 17:19:53: root                                      pydial <train_command>857 :  List of domains: CamRestaurants
RESULTS:: 17:19:53: root                                         pydial <trainBatch>445 :  *** Training Iteration env1-hdc-CR-seed7-00.3->env1-hdc-CR-seed7-00.4: iter=3, error-rate=0, num-dialogs=1000 ***
RESULTS:: 17:21:55: root                               EvaluationManager.py <_prstr>179 :  Results for domain: CamRestaurants --evaluated by: objective success evaluator
RESULTS:: 17:21:55: root                               EvaluationManager.py <_prstr>179 :  # of dialogues  = 1000
RESULTS:: 17:21:55: root                               EvaluationManager.py <_prstr>179 :  Average reward  = 14.15 +- 0.13
RESULTS:: 17:21:55: root                               EvaluationManager.py <_prstr>179 :  Average success = 100.00 +- 0.00
RESULTS:: 17:21:55: root                               EvaluationManager.py <_prstr>179 :  Average turns   = 5.85 +- 0.13
RESULTS:: 17:21:55: root                                      pydial <train_command>869 :  List of domains: CamRestaurants
RESULTS:: 17:21:55: root                                      pydial <setEvalConfig>506 :  *** Evaluating env1-hdc-CR-seed7-00.4: error-rate=0 num-dialogs=500 ***
RESULTS:: 17:22:56: root                               EvaluationManager.py <_prstr>179 :  Results for domain: CamRestaurants --evaluated by: objective success evaluator
RESULTS:: 17:22:56: root                               EvaluationManager.py <_prstr>179 :  # of dialogues  = 500
RESULTS:: 17:22:56: root                               EvaluationManager.py <_prstr>179 :  Average reward  = 14.17 +- 0.17
RESULTS:: 17:22:56: root                               EvaluationManager.py <_prstr>179 :  Average success = 100.00 +- 0.00
RESULTS:: 17:22:56: root                               EvaluationManager.py <_prstr>179 :  Average turns   = 5.83 +- 0.17
RESULTS:: 17:22:56: root                                      pydial <train_command>875 :  *** Training complete. log: env1-hdc-CR-seed7-00.1-4.train.log - final policy is env1-hdc-CR-00-04
