RESULTS:: 16:33:32: root                                      pydial <train_command>857 :  List of domains: CamRestaurants
RESULTS:: 16:33:32: root                                         pydial <trainBatch>445 :  *** Training Iteration env1-hdc-CR-seed4-00.0->env1-hdc-CR-seed4-00.1: iter=0, error-rate=0, num-dialogs=1000 ***
RESULTS:: 16:35:41: root                               EvaluationManager.py <_prstr>179 :  Results for domain: CamRestaurants --evaluated by: objective success evaluator
RESULTS:: 16:35:41: root                               EvaluationManager.py <_prstr>179 :  # of dialogues  = 1000
RESULTS:: 16:35:41: root                               EvaluationManager.py <_prstr>179 :  Average reward  = 14.07 +- 0.14
RESULTS:: 16:35:41: root                               EvaluationManager.py <_prstr>179 :  Average success = 100.00 +- 0.00
RESULTS:: 16:35:41: root                               EvaluationManager.py <_prstr>179 :  Average turns   = 5.93 +- 0.14
RESULTS:: 16:35:41: root                                      pydial <setEvalConfig>506 :  *** Evaluating env1-hdc-CR-seed4-00.1: error-rate=0 num-dialogs=500 ***
RESULTS:: 16:36:44: root                               EvaluationManager.py <_prstr>179 :  Results for domain: CamRestaurants --evaluated by: objective success evaluator
RESULTS:: 16:36:44: root                               EvaluationManager.py <_prstr>179 :  # of dialogues  = 500
RESULTS:: 16:36:44: root                               EvaluationManager.py <_prstr>179 :  Average reward  = 14.19 +- 0.19
RESULTS:: 16:36:44: root                               EvaluationManager.py <_prstr>179 :  Average success = 100.00 +- 0.00
RESULTS:: 16:36:44: root                               EvaluationManager.py <_prstr>179 :  Average turns   = 5.81 +- 0.19
RESULTS:: 16:36:44: root                                      pydial <train_command>857 :  List of domains: CamRestaurants
RESULTS:: 16:36:44: root                                         pydial <trainBatch>445 :  *** Training Iteration env1-hdc-CR-seed4-00.1->env1-hdc-CR-seed4-00.2: iter=1, error-rate=0, num-dialogs=1000 ***
RESULTS:: 16:38:52: root                               EvaluationManager.py <_prstr>179 :  Results for domain: CamRestaurants --evaluated by: objective success evaluator
RESULTS:: 16:38:52: root                               EvaluationManager.py <_prstr>179 :  # of dialogues  = 1000
RESULTS:: 16:38:52: root                               EvaluationManager.py <_prstr>179 :  Average reward  = 13.96 +- 0.15
RESULTS:: 16:38:52: root                               EvaluationManager.py <_prstr>179 :  Average success = 99.90 +- 0.20
RESULTS:: 16:38:52: root                               EvaluationManager.py <_prstr>179 :  Average turns   = 6.02 +- 0.14
RESULTS:: 16:38:52: root                                      pydial <setEvalConfig>506 :  *** Evaluating env1-hdc-CR-seed4-00.2: error-rate=0 num-dialogs=500 ***
RESULTS:: 16:39:54: root                               EvaluationManager.py <_prstr>179 :  Results for domain: CamRestaurants --evaluated by: objective success evaluator
RESULTS:: 16:39:54: root                               EvaluationManager.py <_prstr>179 :  # of dialogues  = 500
RESULTS:: 16:39:54: root                               EvaluationManager.py <_prstr>179 :  Average reward  = 14.07 +- 0.20
RESULTS:: 16:39:55: root                               EvaluationManager.py <_prstr>179 :  Average success = 100.00 +- 0.00
RESULTS:: 16:39:55: root                               EvaluationManager.py <_prstr>179 :  Average turns   = 5.93 +- 0.20
RESULTS:: 16:39:55: root                                      pydial <train_command>857 :  List of domains: CamRestaurants
RESULTS:: 16:39:55: root                                         pydial <trainBatch>445 :  *** Training Iteration env1-hdc-CR-seed4-00.2->env1-hdc-CR-seed4-00.3: iter=2, error-rate=0, num-dialogs=1000 ***
RESULTS:: 16:41:57: root                               EvaluationManager.py <_prstr>179 :  Results for domain: CamRestaurants --evaluated by: objective success evaluator
RESULTS:: 16:41:57: root                               EvaluationManager.py <_prstr>179 :  # of dialogues  = 1000
RESULTS:: 16:41:57: root                               EvaluationManager.py <_prstr>179 :  Average reward  = 14.06 +- 0.13
RESULTS:: 16:41:57: root                               EvaluationManager.py <_prstr>179 :  Average success = 100.00 +- 0.00
RESULTS:: 16:41:57: root                               EvaluationManager.py <_prstr>179 :  Average turns   = 5.94 +- 0.13
RESULTS:: 16:41:57: root                                      pydial <setEvalConfig>506 :  *** Evaluating env1-hdc-CR-seed4-00.3: error-rate=0 num-dialogs=500 ***
RESULTS:: 16:43:00: root                               EvaluationManager.py <_prstr>179 :  Results for domain: CamRestaurants --evaluated by: objective success evaluator
RESULTS:: 16:43:00: root                               EvaluationManager.py <_prstr>179 :  # of dialogues  = 500
RESULTS:: 16:43:00: root                               EvaluationManager.py <_prstr>179 :  Average reward  = 13.95 +- 0.20
RESULTS:: 16:43:00: root                               EvaluationManager.py <_prstr>179 :  Average success = 100.00 +- 0.00
RESULTS:: 16:43:00: root                               EvaluationManager.py <_prstr>179 :  Average turns   = 6.05 +- 0.20
RESULTS:: 16:43:00: root                                      pydial <train_command>857 :  List of domains: CamRestaurants
RESULTS:: 16:43:00: root                                         pydial <trainBatch>445 :  *** Training Iteration env1-hdc-CR-seed4-00.3->env1-hdc-CR-seed4-00.4: iter=3, error-rate=0, num-dialogs=1000 ***
RESULTS:: 16:45:03: root                               EvaluationManager.py <_prstr>179 :  Results for domain: CamRestaurants --evaluated by: objective success evaluator
RESULTS:: 16:45:03: root                               EvaluationManager.py <_prstr>179 :  # of dialogues  = 1000
RESULTS:: 16:45:03: root                               EvaluationManager.py <_prstr>179 :  Average reward  = 14.17 +- 0.13
RESULTS:: 16:45:03: root                               EvaluationManager.py <_prstr>179 :  Average success = 100.00 +- 0.00
RESULTS:: 16:45:03: root                               EvaluationManager.py <_prstr>179 :  Average turns   = 5.83 +- 0.13
RESULTS:: 16:45:03: root                                      pydial <train_command>869 :  List of domains: CamRestaurants
RESULTS:: 16:45:03: root                                      pydial <setEvalConfig>506 :  *** Evaluating env1-hdc-CR-seed4-00.4: error-rate=0 num-dialogs=500 ***
RESULTS:: 16:46:04: root                               EvaluationManager.py <_prstr>179 :  Results for domain: CamRestaurants --evaluated by: objective success evaluator
RESULTS:: 16:46:04: root                               EvaluationManager.py <_prstr>179 :  # of dialogues  = 500
RESULTS:: 16:46:04: root                               EvaluationManager.py <_prstr>179 :  Average reward  = 14.20 +- 0.20
RESULTS:: 16:46:04: root                               EvaluationManager.py <_prstr>179 :  Average success = 100.00 +- 0.00
RESULTS:: 16:46:04: root                               EvaluationManager.py <_prstr>179 :  Average turns   = 5.80 +- 0.20
RESULTS:: 16:46:04: root                                      pydial <train_command>875 :  *** Training complete. log: env1-hdc-CR-seed4-00.1-4.train.log - final policy is env1-hdc-CR-00-04
