RESULTS:: 02:05:34: root                                      pydial <train_command>857 :  List of domains: SFRestaurants
RESULTS:: 02:05:34: root                                         pydial <trainBatch>445 :  *** Training Iteration env1-hdc-SFR-seed8-00.0->env1-hdc-SFR-seed8-00.1: iter=0, error-rate=0, num-dialogs=1000 ***
RESULTS:: 02:09:49: root                               EvaluationManager.py <_prstr>179 :  Results for domain: SFRestaurants --evaluated by: objective success evaluator
RESULTS:: 02:09:49: root                               EvaluationManager.py <_prstr>179 :  # of dialogues  = 1000
RESULTS:: 02:09:49: root                               EvaluationManager.py <_prstr>179 :  Average reward  = 12.65 +- 0.26
RESULTS:: 02:09:49: root                               EvaluationManager.py <_prstr>179 :  Average success = 98.30 +- 0.80
RESULTS:: 02:09:49: root                               EvaluationManager.py <_prstr>179 :  Average turns   = 7.01 +- 0.17
RESULTS:: 02:09:49: root                                      pydial <setEvalConfig>506 :  *** Evaluating env1-hdc-SFR-seed8-00.1: error-rate=0 num-dialogs=500 ***
RESULTS:: 02:12:02: root                               EvaluationManager.py <_prstr>179 :  Results for domain: SFRestaurants --evaluated by: objective success evaluator
RESULTS:: 02:12:02: root                               EvaluationManager.py <_prstr>179 :  # of dialogues  = 500
RESULTS:: 02:12:02: root                               EvaluationManager.py <_prstr>179 :  Average reward  = 12.33 +- 0.41
RESULTS:: 02:12:02: root                               EvaluationManager.py <_prstr>179 :  Average success = 98.00 +- 1.23
RESULTS:: 02:12:02: root                               EvaluationManager.py <_prstr>179 :  Average turns   = 7.27 +- 0.27
RESULTS:: 02:12:02: root                                      pydial <train_command>857 :  List of domains: SFRestaurants
RESULTS:: 02:12:02: root                                         pydial <trainBatch>445 :  *** Training Iteration env1-hdc-SFR-seed8-00.1->env1-hdc-SFR-seed8-00.2: iter=1, error-rate=0, num-dialogs=1000 ***
RESULTS:: 02:16:23: root                               EvaluationManager.py <_prstr>179 :  Results for domain: SFRestaurants --evaluated by: objective success evaluator
RESULTS:: 02:16:23: root                               EvaluationManager.py <_prstr>179 :  # of dialogues  = 1000
RESULTS:: 02:16:23: root                               EvaluationManager.py <_prstr>179 :  Average reward  = 12.48 +- 0.27
RESULTS:: 02:16:23: root                               EvaluationManager.py <_prstr>179 :  Average success = 98.10 +- 0.85
RESULTS:: 02:16:23: root                               EvaluationManager.py <_prstr>179 :  Average turns   = 7.14 +- 0.17
RESULTS:: 02:16:23: root                                      pydial <setEvalConfig>506 :  *** Evaluating env1-hdc-SFR-seed8-00.2: error-rate=0 num-dialogs=500 ***
RESULTS:: 02:18:32: root                               EvaluationManager.py <_prstr>179 :  Results for domain: SFRestaurants --evaluated by: objective success evaluator
RESULTS:: 02:18:32: root                               EvaluationManager.py <_prstr>179 :  # of dialogues  = 500
RESULTS:: 02:18:32: root                               EvaluationManager.py <_prstr>179 :  Average reward  = 12.71 +- 0.30
RESULTS:: 02:18:32: root                               EvaluationManager.py <_prstr>179 :  Average success = 98.80 +- 0.96
RESULTS:: 02:18:32: root                               EvaluationManager.py <_prstr>179 :  Average turns   = 7.05 +- 0.22
RESULTS:: 02:18:32: root                                      pydial <train_command>857 :  List of domains: SFRestaurants
RESULTS:: 02:18:32: root                                         pydial <trainBatch>445 :  *** Training Iteration env1-hdc-SFR-seed8-00.2->env1-hdc-SFR-seed8-00.3: iter=2, error-rate=0, num-dialogs=1000 ***
RESULTS:: 02:22:57: root                               EvaluationManager.py <_prstr>179 :  Results for domain: SFRestaurants --evaluated by: objective success evaluator
RESULTS:: 02:22:57: root                               EvaluationManager.py <_prstr>179 :  # of dialogues  = 1000
RESULTS:: 02:22:57: root                               EvaluationManager.py <_prstr>179 :  Average reward  = 12.27 +- 0.30
RESULTS:: 02:22:57: root                               EvaluationManager.py <_prstr>179 :  Average success = 97.50 +- 0.97
RESULTS:: 02:22:57: root                               EvaluationManager.py <_prstr>179 :  Average turns   = 7.23 +- 0.18
RESULTS:: 02:22:57: root                                      pydial <setEvalConfig>506 :  *** Evaluating env1-hdc-SFR-seed8-00.3: error-rate=0 num-dialogs=500 ***
RESULTS:: 02:25:06: root                               EvaluationManager.py <_prstr>179 :  Results for domain: SFRestaurants --evaluated by: objective success evaluator
RESULTS:: 02:25:06: root                               EvaluationManager.py <_prstr>179 :  # of dialogues  = 500
RESULTS:: 02:25:06: root                               EvaluationManager.py <_prstr>179 :  Average reward  = 12.33 +- 0.42
RESULTS:: 02:25:06: root                               EvaluationManager.py <_prstr>179 :  Average success = 97.20 +- 1.45
RESULTS:: 02:25:06: root                               EvaluationManager.py <_prstr>179 :  Average turns   = 7.11 +- 0.25
RESULTS:: 02:25:06: root                                      pydial <train_command>857 :  List of domains: SFRestaurants
RESULTS:: 02:25:06: root                                         pydial <trainBatch>445 :  *** Training Iteration env1-hdc-SFR-seed8-00.3->env1-hdc-SFR-seed8-00.4: iter=3, error-rate=0, num-dialogs=1000 ***
RESULTS:: 02:29:27: root                               EvaluationManager.py <_prstr>179 :  Results for domain: SFRestaurants --evaluated by: objective success evaluator
RESULTS:: 02:29:27: root                               EvaluationManager.py <_prstr>179 :  # of dialogues  = 1000
RESULTS:: 02:29:27: root                               EvaluationManager.py <_prstr>179 :  Average reward  = 12.34 +- 0.30
RESULTS:: 02:29:27: root                               EvaluationManager.py <_prstr>179 :  Average success = 97.30 +- 1.01
RESULTS:: 02:29:27: root                               EvaluationManager.py <_prstr>179 :  Average turns   = 7.12 +- 0.18
RESULTS:: 02:29:27: root                                      pydial <train_command>869 :  List of domains: SFRestaurants
RESULTS:: 02:29:27: root                                      pydial <setEvalConfig>506 :  *** Evaluating env1-hdc-SFR-seed8-00.4: error-rate=0 num-dialogs=500 ***
RESULTS:: 02:31:37: root                               EvaluationManager.py <_prstr>179 :  Results for domain: SFRestaurants --evaluated by: objective success evaluator
RESULTS:: 02:31:37: root                               EvaluationManager.py <_prstr>179 :  # of dialogues  = 500
RESULTS:: 02:31:37: root                               EvaluationManager.py <_prstr>179 :  Average reward  = 12.52 +- 0.37
RESULTS:: 02:31:37: root                               EvaluationManager.py <_prstr>179 :  Average success = 98.60 +- 1.03
RESULTS:: 02:31:37: root                               EvaluationManager.py <_prstr>179 :  Average turns   = 7.20 +- 0.26
RESULTS:: 02:31:37: root                                      pydial <train_command>875 :  *** Training complete. log: env1-hdc-SFR-seed8-00.1-4.train.log - final policy is env1-hdc-SFR-00-04
