RESULTS:: 22:24:49: root                                      pydial <train_command>857 :  List of domains: Laptops11
RESULTS:: 22:24:49: root                                         pydial <trainBatch>445 :  *** Training Iteration env1-hdc-LAP-seed1-00.0->env1-hdc-LAP-seed1-00.1: iter=0, error-rate=0, num-dialogs=1000 ***
RESULTS:: 22:28:31: root                               EvaluationManager.py <_prstr>179 :  Results for domain: Laptops11 --evaluated by: objective success evaluator
RESULTS:: 22:28:31: root                               EvaluationManager.py <_prstr>179 :  # of dialogues  = 1000
RESULTS:: 22:28:31: root                               EvaluationManager.py <_prstr>179 :  Average reward  = 11.89 +- 0.35
RESULTS:: 22:28:31: root                               EvaluationManager.py <_prstr>179 :  Average success = 97.20 +- 1.02
RESULTS:: 22:28:31: root                               EvaluationManager.py <_prstr>179 :  Average turns   = 7.54 +- 0.21
RESULTS:: 22:28:31: root                                      pydial <setEvalConfig>506 :  *** Evaluating env1-hdc-LAP-seed1-00.1: error-rate=0 num-dialogs=500 ***
RESULTS:: 22:30:22: root                               EvaluationManager.py <_prstr>179 :  Results for domain: Laptops11 --evaluated by: objective success evaluator
RESULTS:: 22:30:22: root                               EvaluationManager.py <_prstr>179 :  # of dialogues  = 500
RESULTS:: 22:30:22: root                               EvaluationManager.py <_prstr>179 :  Average reward  = 11.80 +- 0.50
RESULTS:: 22:30:22: root                               EvaluationManager.py <_prstr>179 :  Average success = 96.80 +- 1.55
RESULTS:: 22:30:22: root                               EvaluationManager.py <_prstr>179 :  Average turns   = 7.56 +- 0.29
RESULTS:: 22:30:22: root                                      pydial <train_command>857 :  List of domains: Laptops11
RESULTS:: 22:30:22: root                                         pydial <trainBatch>445 :  *** Training Iteration env1-hdc-LAP-seed1-00.1->env1-hdc-LAP-seed1-00.2: iter=1, error-rate=0, num-dialogs=1000 ***
RESULTS:: 22:34:09: root                               EvaluationManager.py <_prstr>179 :  Results for domain: Laptops11 --evaluated by: objective success evaluator
RESULTS:: 22:34:09: root                               EvaluationManager.py <_prstr>179 :  # of dialogues  = 1000
RESULTS:: 22:34:09: root                               EvaluationManager.py <_prstr>179 :  Average reward  = 11.78 +- 0.33
RESULTS:: 22:34:09: root                               EvaluationManager.py <_prstr>179 :  Average success = 97.30 +- 1.01
RESULTS:: 22:34:09: root                               EvaluationManager.py <_prstr>179 :  Average turns   = 7.68 +- 0.21
RESULTS:: 22:34:10: root                                      pydial <setEvalConfig>506 :  *** Evaluating env1-hdc-LAP-seed1-00.2: error-rate=0 num-dialogs=500 ***
RESULTS:: 22:36:05: root                               EvaluationManager.py <_prstr>179 :  Results for domain: Laptops11 --evaluated by: objective success evaluator
RESULTS:: 22:36:05: root                               EvaluationManager.py <_prstr>179 :  # of dialogues  = 500
RESULTS:: 22:36:05: root                               EvaluationManager.py <_prstr>179 :  Average reward  = 11.65 +- 0.48
RESULTS:: 22:36:05: root                               EvaluationManager.py <_prstr>179 :  Average success = 97.80 +- 1.29
RESULTS:: 22:36:05: root                               EvaluationManager.py <_prstr>179 :  Average turns   = 7.91 +- 0.32
RESULTS:: 22:36:05: root                                      pydial <train_command>857 :  List of domains: Laptops11
RESULTS:: 22:36:05: root                                         pydial <trainBatch>445 :  *** Training Iteration env1-hdc-LAP-seed1-00.2->env1-hdc-LAP-seed1-00.3: iter=2, error-rate=0, num-dialogs=1000 ***
RESULTS:: 22:39:56: root                               EvaluationManager.py <_prstr>179 :  Results for domain: Laptops11 --evaluated by: objective success evaluator
RESULTS:: 22:39:56: root                               EvaluationManager.py <_prstr>179 :  # of dialogues  = 1000
RESULTS:: 22:39:56: root                               EvaluationManager.py <_prstr>179 :  Average reward  = 11.62 +- 0.36
RESULTS:: 22:39:56: root                               EvaluationManager.py <_prstr>179 :  Average success = 96.90 +- 1.08
RESULTS:: 22:39:56: root                               EvaluationManager.py <_prstr>179 :  Average turns   = 7.76 +- 0.22
RESULTS:: 22:39:56: root                                      pydial <setEvalConfig>506 :  *** Evaluating env1-hdc-LAP-seed1-00.3: error-rate=0 num-dialogs=500 ***
RESULTS:: 22:41:55: root                               EvaluationManager.py <_prstr>179 :  Results for domain: Laptops11 --evaluated by: objective success evaluator
RESULTS:: 22:41:55: root                               EvaluationManager.py <_prstr>179 :  # of dialogues  = 500
RESULTS:: 22:41:55: root                               EvaluationManager.py <_prstr>179 :  Average reward  = 11.65 +- 0.47
RESULTS:: 22:41:55: root                               EvaluationManager.py <_prstr>179 :  Average success = 97.80 +- 1.29
RESULTS:: 22:41:55: root                               EvaluationManager.py <_prstr>179 :  Average turns   = 7.91 +- 0.31
RESULTS:: 22:41:55: root                                      pydial <train_command>857 :  List of domains: Laptops11
RESULTS:: 22:41:55: root                                         pydial <trainBatch>445 :  *** Training Iteration env1-hdc-LAP-seed1-00.3->env1-hdc-LAP-seed1-00.4: iter=3, error-rate=0, num-dialogs=1000 ***
RESULTS:: 22:45:40: root                               EvaluationManager.py <_prstr>179 :  Results for domain: Laptops11 --evaluated by: objective success evaluator
RESULTS:: 22:45:40: root                               EvaluationManager.py <_prstr>179 :  # of dialogues  = 1000
RESULTS:: 22:45:40: root                               EvaluationManager.py <_prstr>179 :  Average reward  = 11.99 +- 0.31
RESULTS:: 22:45:40: root                               EvaluationManager.py <_prstr>179 :  Average success = 97.70 +- 0.93
RESULTS:: 22:45:40: root                               EvaluationManager.py <_prstr>179 :  Average turns   = 7.55 +- 0.20
RESULTS:: 22:45:40: root                                      pydial <train_command>869 :  List of domains: Laptops11
RESULTS:: 22:45:40: root                                      pydial <setEvalConfig>506 :  *** Evaluating env1-hdc-LAP-seed1-00.4: error-rate=0 num-dialogs=500 ***
RESULTS:: 22:47:31: root                               EvaluationManager.py <_prstr>179 :  Results for domain: Laptops11 --evaluated by: objective success evaluator
RESULTS:: 22:47:31: root                               EvaluationManager.py <_prstr>179 :  # of dialogues  = 500
RESULTS:: 22:47:31: root                               EvaluationManager.py <_prstr>179 :  Average reward  = 11.86 +- 0.45
RESULTS:: 22:47:31: root                               EvaluationManager.py <_prstr>179 :  Average success = 97.00 +- 1.50
RESULTS:: 22:47:31: root                               EvaluationManager.py <_prstr>179 :  Average turns   = 7.54 +- 0.29
RESULTS:: 22:47:31: root                                      pydial <train_command>875 :  *** Training complete. log: env1-hdc-LAP-seed1-00.1-4.train.log - final policy is env1-hdc-LAP-00-04
