RESULTS:: 15:41:50: root                                      pydial <train_command>857 :  List of domains: CamRestaurants
RESULTS:: 15:41:50: root                                         pydial <trainBatch>445 :  *** Training Iteration env1-hdc-CR-seed0-00.0->env1-hdc-CR-seed0-00.1: iter=0, error-rate=0, num-dialogs=1000 ***
RESULTS:: 15:44:29: root                               EvaluationManager.py <_prstr>179 :  Results for domain: CamRestaurants --evaluated by: objective success evaluator
RESULTS:: 15:44:29: root                               EvaluationManager.py <_prstr>179 :  # of dialogues  = 1000
RESULTS:: 15:44:29: root                               EvaluationManager.py <_prstr>179 :  Average reward  = 14.06 +- 0.14
RESULTS:: 15:44:29: root                               EvaluationManager.py <_prstr>179 :  Average success = 100.00 +- 0.00
RESULTS:: 15:44:29: root                               EvaluationManager.py <_prstr>179 :  Average turns   = 5.94 +- 0.14
RESULTS:: 15:44:29: root                                      pydial <setEvalConfig>506 :  *** Evaluating env1-hdc-CR-seed0-00.1: error-rate=0 num-dialogs=500 ***
RESULTS:: 15:45:34: root                               EvaluationManager.py <_prstr>179 :  Results for domain: CamRestaurants --evaluated by: objective success evaluator
RESULTS:: 15:45:34: root                               EvaluationManager.py <_prstr>179 :  # of dialogues  = 500
RESULTS:: 15:45:34: root                               EvaluationManager.py <_prstr>179 :  Average reward  = 14.11 +- 0.19
RESULTS:: 15:45:34: root                               EvaluationManager.py <_prstr>179 :  Average success = 100.00 +- 0.00
RESULTS:: 15:45:34: root                               EvaluationManager.py <_prstr>179 :  Average turns   = 5.89 +- 0.19
RESULTS:: 15:45:34: root                                      pydial <train_command>857 :  List of domains: CamRestaurants
RESULTS:: 15:45:34: root                                         pydial <trainBatch>445 :  *** Training Iteration env1-hdc-CR-seed0-00.1->env1-hdc-CR-seed0-00.2: iter=1, error-rate=0, num-dialogs=1000 ***
RESULTS:: 15:47:43: root                               EvaluationManager.py <_prstr>179 :  Results for domain: CamRestaurants --evaluated by: objective success evaluator
RESULTS:: 15:47:43: root                               EvaluationManager.py <_prstr>179 :  # of dialogues  = 1000
RESULTS:: 15:47:43: root                               EvaluationManager.py <_prstr>179 :  Average reward  = 14.03 +- 0.13
RESULTS:: 15:47:43: root                               EvaluationManager.py <_prstr>179 :  Average success = 100.00 +- 0.00
RESULTS:: 15:47:43: root                               EvaluationManager.py <_prstr>179 :  Average turns   = 5.97 +- 0.13
RESULTS:: 15:47:43: root                                      pydial <setEvalConfig>506 :  *** Evaluating env1-hdc-CR-seed0-00.2: error-rate=0 num-dialogs=500 ***
RESULTS:: 15:48:46: root                               EvaluationManager.py <_prstr>179 :  Results for domain: CamRestaurants --evaluated by: objective success evaluator
RESULTS:: 15:48:46: root                               EvaluationManager.py <_prstr>179 :  # of dialogues  = 500
RESULTS:: 15:48:46: root                               EvaluationManager.py <_prstr>179 :  Average reward  = 14.15 +- 0.19
RESULTS:: 15:48:46: root                               EvaluationManager.py <_prstr>179 :  Average success = 100.00 +- 0.00
RESULTS:: 15:48:46: root                               EvaluationManager.py <_prstr>179 :  Average turns   = 5.85 +- 0.19
RESULTS:: 15:48:46: root                                      pydial <train_command>857 :  List of domains: CamRestaurants
RESULTS:: 15:48:46: root                                         pydial <trainBatch>445 :  *** Training Iteration env1-hdc-CR-seed0-00.2->env1-hdc-CR-seed0-00.3: iter=2, error-rate=0, num-dialogs=1000 ***
RESULTS:: 15:50:54: root                               EvaluationManager.py <_prstr>179 :  Results for domain: CamRestaurants --evaluated by: objective success evaluator
RESULTS:: 15:50:54: root                               EvaluationManager.py <_prstr>179 :  # of dialogues  = 1000
RESULTS:: 15:50:54: root                               EvaluationManager.py <_prstr>179 :  Average reward  = 14.12 +- 0.14
RESULTS:: 15:50:54: root                               EvaluationManager.py <_prstr>179 :  Average success = 100.00 +- 0.00
RESULTS:: 15:50:54: root                               EvaluationManager.py <_prstr>179 :  Average turns   = 5.88 +- 0.14
RESULTS:: 15:50:54: root                                      pydial <setEvalConfig>506 :  *** Evaluating env1-hdc-CR-seed0-00.3: error-rate=0 num-dialogs=500 ***
RESULTS:: 15:51:57: root                               EvaluationManager.py <_prstr>179 :  Results for domain: CamRestaurants --evaluated by: objective success evaluator
RESULTS:: 15:51:57: root                               EvaluationManager.py <_prstr>179 :  # of dialogues  = 500
RESULTS:: 15:51:57: root                               EvaluationManager.py <_prstr>179 :  Average reward  = 14.18 +- 0.18
RESULTS:: 15:51:57: root                               EvaluationManager.py <_prstr>179 :  Average success = 100.00 +- 0.00
RESULTS:: 15:51:57: root                               EvaluationManager.py <_prstr>179 :  Average turns   = 5.82 +- 0.18
RESULTS:: 15:51:57: root                                      pydial <train_command>857 :  List of domains: CamRestaurants
RESULTS:: 15:51:57: root                                         pydial <trainBatch>445 :  *** Training Iteration env1-hdc-CR-seed0-00.3->env1-hdc-CR-seed0-00.4: iter=3, error-rate=0, num-dialogs=1000 ***
RESULTS:: 15:54:04: root                               EvaluationManager.py <_prstr>179 :  Results for domain: CamRestaurants --evaluated by: objective success evaluator
RESULTS:: 15:54:04: root                               EvaluationManager.py <_prstr>179 :  # of dialogues  = 1000
RESULTS:: 15:54:04: root                               EvaluationManager.py <_prstr>179 :  Average reward  = 14.13 +- 0.14
RESULTS:: 15:54:04: root                               EvaluationManager.py <_prstr>179 :  Average success = 99.90 +- 0.20
RESULTS:: 15:54:04: root                               EvaluationManager.py <_prstr>179 :  Average turns   = 5.85 +- 0.13
RESULTS:: 15:54:04: root                                      pydial <train_command>869 :  List of domains: CamRestaurants
RESULTS:: 15:54:04: root                                      pydial <setEvalConfig>506 :  *** Evaluating env1-hdc-CR-seed0-00.4: error-rate=0 num-dialogs=500 ***
RESULTS:: 15:55:09: root                               EvaluationManager.py <_prstr>179 :  Results for domain: CamRestaurants --evaluated by: objective success evaluator
RESULTS:: 15:55:09: root                               EvaluationManager.py <_prstr>179 :  # of dialogues  = 500
RESULTS:: 15:55:09: root                               EvaluationManager.py <_prstr>179 :  Average reward  = 14.00 +- 0.20
RESULTS:: 15:55:09: root                               EvaluationManager.py <_prstr>179 :  Average success = 100.00 +- 0.00
RESULTS:: 15:55:09: root                               EvaluationManager.py <_prstr>179 :  Average turns   = 6.00 +- 0.20
RESULTS:: 15:55:09: root                                      pydial <train_command>875 :  *** Training complete. log: env1-hdc-CR-seed0-00.1-4.train.log - final policy is env1-hdc-CR-00-04
