RESULTS:: 02:31:37: root                                      pydial <train_command>857 :  List of domains: SFRestaurants
RESULTS:: 02:31:37: root                                         pydial <trainBatch>445 :  *** Training Iteration env1-hdc-SFR-seed9-00.0->env1-hdc-SFR-seed9-00.1: iter=0, error-rate=0, num-dialogs=1000 ***
RESULTS:: 02:36:00: root                               EvaluationManager.py <_prstr>179 :  Results for domain: SFRestaurants --evaluated by: objective success evaluator
RESULTS:: 02:36:00: root                               EvaluationManager.py <_prstr>179 :  # of dialogues  = 1000
RESULTS:: 02:36:00: root                               EvaluationManager.py <_prstr>179 :  Average reward  = 12.52 +- 0.24
RESULTS:: 02:36:00: root                               EvaluationManager.py <_prstr>179 :  Average success = 98.50 +- 0.75
RESULTS:: 02:36:00: root                               EvaluationManager.py <_prstr>179 :  Average turns   = 7.18 +- 0.17
RESULTS:: 02:36:00: root                                      pydial <setEvalConfig>506 :  *** Evaluating env1-hdc-SFR-seed9-00.1: error-rate=0 num-dialogs=500 ***
RESULTS:: 02:38:13: root                               EvaluationManager.py <_prstr>179 :  Results for domain: SFRestaurants --evaluated by: objective success evaluator
RESULTS:: 02:38:13: root                               EvaluationManager.py <_prstr>179 :  # of dialogues  = 500
RESULTS:: 02:38:13: root                               EvaluationManager.py <_prstr>179 :  Average reward  = 12.38 +- 0.34
RESULTS:: 02:38:13: root                               EvaluationManager.py <_prstr>179 :  Average success = 98.60 +- 1.03
RESULTS:: 02:38:13: root                               EvaluationManager.py <_prstr>179 :  Average turns   = 7.34 +- 0.24
RESULTS:: 02:38:13: root                                      pydial <train_command>857 :  List of domains: SFRestaurants
RESULTS:: 02:38:13: root                                         pydial <trainBatch>445 :  *** Training Iteration env1-hdc-SFR-seed9-00.1->env1-hdc-SFR-seed9-00.2: iter=1, error-rate=0, num-dialogs=1000 ***
RESULTS:: 02:42:38: root                               EvaluationManager.py <_prstr>179 :  Results for domain: SFRestaurants --evaluated by: objective success evaluator
RESULTS:: 02:42:38: root                               EvaluationManager.py <_prstr>179 :  # of dialogues  = 1000
RESULTS:: 02:42:38: root                               EvaluationManager.py <_prstr>179 :  Average reward  = 12.47 +- 0.24
RESULTS:: 02:42:38: root                               EvaluationManager.py <_prstr>179 :  Average success = 98.30 +- 0.80
RESULTS:: 02:42:38: root                               EvaluationManager.py <_prstr>179 :  Average turns   = 7.19 +- 0.16
RESULTS:: 02:42:38: root                                      pydial <setEvalConfig>506 :  *** Evaluating env1-hdc-SFR-seed9-00.2: error-rate=0 num-dialogs=500 ***
RESULTS:: 02:44:49: root                               EvaluationManager.py <_prstr>179 :  Results for domain: SFRestaurants --evaluated by: objective success evaluator
RESULTS:: 02:44:49: root                               EvaluationManager.py <_prstr>179 :  # of dialogues  = 500
RESULTS:: 02:44:49: root                               EvaluationManager.py <_prstr>179 :  Average reward  = 12.16 +- 0.46
RESULTS:: 02:44:49: root                               EvaluationManager.py <_prstr>179 :  Average success = 96.60 +- 1.59
RESULTS:: 02:44:49: root                               EvaluationManager.py <_prstr>179 :  Average turns   = 7.16 +- 0.25
RESULTS:: 02:44:49: root                                      pydial <train_command>857 :  List of domains: SFRestaurants
RESULTS:: 02:44:49: root                                         pydial <trainBatch>445 :  *** Training Iteration env1-hdc-SFR-seed9-00.2->env1-hdc-SFR-seed9-00.3: iter=2, error-rate=0, num-dialogs=1000 ***
RESULTS:: 02:49:09: root                               EvaluationManager.py <_prstr>179 :  Results for domain: SFRestaurants --evaluated by: objective success evaluator
RESULTS:: 02:49:09: root                               EvaluationManager.py <_prstr>179 :  # of dialogues  = 1000
RESULTS:: 02:49:09: root                               EvaluationManager.py <_prstr>179 :  Average reward  = 12.39 +- 0.30
RESULTS:: 02:49:09: root                               EvaluationManager.py <_prstr>179 :  Average success = 97.60 +- 0.95
RESULTS:: 02:49:09: root                               EvaluationManager.py <_prstr>179 :  Average turns   = 7.13 +- 0.18
RESULTS:: 02:49:09: root                                      pydial <setEvalConfig>506 :  *** Evaluating env1-hdc-SFR-seed9-00.3: error-rate=0 num-dialogs=500 ***
RESULTS:: 02:51:17: root                               EvaluationManager.py <_prstr>179 :  Results for domain: SFRestaurants --evaluated by: objective success evaluator
RESULTS:: 02:51:17: root                               EvaluationManager.py <_prstr>179 :  # of dialogues  = 500
RESULTS:: 02:51:17: root                               EvaluationManager.py <_prstr>179 :  Average reward  = 12.53 +- 0.38
RESULTS:: 02:51:17: root                               EvaluationManager.py <_prstr>179 :  Average success = 97.80 +- 1.29
RESULTS:: 02:51:17: root                               EvaluationManager.py <_prstr>179 :  Average turns   = 7.03 +- 0.23
RESULTS:: 02:51:17: root                                      pydial <train_command>857 :  List of domains: SFRestaurants
RESULTS:: 02:51:17: root                                         pydial <trainBatch>445 :  *** Training Iteration env1-hdc-SFR-seed9-00.3->env1-hdc-SFR-seed9-00.4: iter=3, error-rate=0, num-dialogs=1000 ***
RESULTS:: 02:55:40: root                               EvaluationManager.py <_prstr>179 :  Results for domain: SFRestaurants --evaluated by: objective success evaluator
RESULTS:: 02:55:40: root                               EvaluationManager.py <_prstr>179 :  # of dialogues  = 1000
RESULTS:: 02:55:40: root                               EvaluationManager.py <_prstr>179 :  Average reward  = 12.35 +- 0.27
RESULTS:: 02:55:40: root                               EvaluationManager.py <_prstr>179 :  Average success = 97.90 +- 0.89
RESULTS:: 02:55:40: root                               EvaluationManager.py <_prstr>179 :  Average turns   = 7.23 +- 0.18
RESULTS:: 02:55:40: root                                      pydial <train_command>869 :  List of domains: SFRestaurants
RESULTS:: 02:55:40: root                                      pydial <setEvalConfig>506 :  *** Evaluating env1-hdc-SFR-seed9-00.4: error-rate=0 num-dialogs=500 ***
RESULTS:: 02:57:51: root                               EvaluationManager.py <_prstr>179 :  Results for domain: SFRestaurants --evaluated by: objective success evaluator
RESULTS:: 02:57:51: root                               EvaluationManager.py <_prstr>179 :  # of dialogues  = 500
RESULTS:: 02:57:51: root                               EvaluationManager.py <_prstr>179 :  Average reward  = 12.40 +- 0.41
RESULTS:: 02:57:51: root                               EvaluationManager.py <_prstr>179 :  Average success = 98.20 +- 1.17
RESULTS:: 02:57:51: root                               EvaluationManager.py <_prstr>179 :  Average turns   = 7.24 +- 0.26
RESULTS:: 02:57:51: root                                      pydial <train_command>875 :  *** Training complete. log: env1-hdc-SFR-seed9-00.1-4.train.log - final policy is env1-hdc-SFR-00-04
