RESULTS:: 10:42:35: root                                      pydial <train_command>857 :  List of domains: SFRestaurants
RESULTS:: 10:42:35: root                                         pydial <trainBatch>445 :  *** Training Iteration env1-hdc-SFR-seed0-00.0->env1-hdc-SFR-seed0-00.1: iter=0, error-rate=0, num-dialogs=1000 ***
RESULTS:: 10:47:33: root                               EvaluationManager.py <_prstr>179 :  Results for domain: SFRestaurants --evaluated by: objective success evaluator
RESULTS:: 10:47:33: root                               EvaluationManager.py <_prstr>179 :  # of dialogues  = 1000
RESULTS:: 10:47:33: root                               EvaluationManager.py <_prstr>179 :  Average reward  = 12.51 +- 0.23
RESULTS:: 10:47:33: root                               EvaluationManager.py <_prstr>179 :  Average success = 98.90 +- 0.65
RESULTS:: 10:47:33: root                               EvaluationManager.py <_prstr>179 :  Average turns   = 7.27 +- 0.17
RESULTS:: 10:47:33: root                                      pydial <setEvalConfig>506 :  *** Evaluating env1-hdc-SFR-seed0-00.1: error-rate=0 num-dialogs=500 ***
RESULTS:: 10:49:40: root                               EvaluationManager.py <_prstr>179 :  Results for domain: SFRestaurants --evaluated by: objective success evaluator
RESULTS:: 10:49:40: root                               EvaluationManager.py <_prstr>179 :  # of dialogues  = 500
RESULTS:: 10:49:40: root                               EvaluationManager.py <_prstr>179 :  Average reward  = 12.46 +- 0.38
RESULTS:: 10:49:40: root                               EvaluationManager.py <_prstr>179 :  Average success = 97.40 +- 1.40
RESULTS:: 10:49:40: root                               EvaluationManager.py <_prstr>179 :  Average turns   = 7.02 +- 0.22
RESULTS:: 10:49:40: root                                      pydial <train_command>857 :  List of domains: SFRestaurants
RESULTS:: 10:49:40: root                                         pydial <trainBatch>445 :  *** Training Iteration env1-hdc-SFR-seed0-00.1->env1-hdc-SFR-seed0-00.2: iter=1, error-rate=0, num-dialogs=1000 ***
RESULTS:: 10:54:18: root                               EvaluationManager.py <_prstr>179 :  Results for domain: SFRestaurants --evaluated by: objective success evaluator
RESULTS:: 10:54:18: root                               EvaluationManager.py <_prstr>179 :  # of dialogues  = 1000
RESULTS:: 10:54:18: root                               EvaluationManager.py <_prstr>179 :  Average reward  = 12.15 +- 0.31
RESULTS:: 10:54:18: root                               EvaluationManager.py <_prstr>179 :  Average success = 97.50 +- 0.97
RESULTS:: 10:54:18: root                               EvaluationManager.py <_prstr>179 :  Average turns   = 7.35 +- 0.20
RESULTS:: 10:54:18: root                                      pydial <setEvalConfig>506 :  *** Evaluating env1-hdc-SFR-seed0-00.2: error-rate=0 num-dialogs=500 ***
RESULTS:: 10:56:36: root                               EvaluationManager.py <_prstr>179 :  Results for domain: SFRestaurants --evaluated by: objective success evaluator
RESULTS:: 10:56:36: root                               EvaluationManager.py <_prstr>179 :  # of dialogues  = 500
RESULTS:: 10:56:36: root                               EvaluationManager.py <_prstr>179 :  Average reward  = 12.52 +- 0.43
RESULTS:: 10:56:36: root                               EvaluationManager.py <_prstr>179 :  Average success = 98.20 +- 1.17
RESULTS:: 10:56:36: root                               EvaluationManager.py <_prstr>179 :  Average turns   = 7.12 +- 0.27
RESULTS:: 10:56:36: root                                      pydial <train_command>857 :  List of domains: SFRestaurants
RESULTS:: 10:56:36: root                                         pydial <trainBatch>445 :  *** Training Iteration env1-hdc-SFR-seed0-00.2->env1-hdc-SFR-seed0-00.3: iter=2, error-rate=0, num-dialogs=1000 ***
RESULTS:: 11:01:18: root                               EvaluationManager.py <_prstr>179 :  Results for domain: SFRestaurants --evaluated by: objective success evaluator
RESULTS:: 11:01:18: root                               EvaluationManager.py <_prstr>179 :  # of dialogues  = 1000
RESULTS:: 11:01:18: root                               EvaluationManager.py <_prstr>179 :  Average reward  = 12.10 +- 0.34
RESULTS:: 11:01:18: root                               EvaluationManager.py <_prstr>179 :  Average success = 97.00 +- 1.06
RESULTS:: 11:01:18: root                               EvaluationManager.py <_prstr>179 :  Average turns   = 7.30 +- 0.20
RESULTS:: 11:01:18: root                                      pydial <setEvalConfig>506 :  *** Evaluating env1-hdc-SFR-seed0-00.3: error-rate=0 num-dialogs=500 ***
RESULTS:: 11:03:35: root                               EvaluationManager.py <_prstr>179 :  Results for domain: SFRestaurants --evaluated by: objective success evaluator
RESULTS:: 11:03:35: root                               EvaluationManager.py <_prstr>179 :  # of dialogues  = 500
RESULTS:: 11:03:35: root                               EvaluationManager.py <_prstr>179 :  Average reward  = 12.24 +- 0.46
RESULTS:: 11:03:35: root                               EvaluationManager.py <_prstr>179 :  Average success = 97.60 +- 1.34
RESULTS:: 11:03:35: root                               EvaluationManager.py <_prstr>179 :  Average turns   = 7.28 +- 0.28
RESULTS:: 11:03:35: root                                      pydial <train_command>857 :  List of domains: SFRestaurants
RESULTS:: 11:03:35: root                                         pydial <trainBatch>445 :  *** Training Iteration env1-hdc-SFR-seed0-00.3->env1-hdc-SFR-seed0-00.4: iter=3, error-rate=0, num-dialogs=1000 ***
RESULTS:: 11:08:18: root                               EvaluationManager.py <_prstr>179 :  Results for domain: SFRestaurants --evaluated by: objective success evaluator
RESULTS:: 11:08:18: root                               EvaluationManager.py <_prstr>179 :  # of dialogues  = 1000
RESULTS:: 11:08:18: root                               EvaluationManager.py <_prstr>179 :  Average reward  = 12.34 +- 0.28
RESULTS:: 11:08:18: root                               EvaluationManager.py <_prstr>179 :  Average success = 98.40 +- 0.78
RESULTS:: 11:08:18: root                               EvaluationManager.py <_prstr>179 :  Average turns   = 7.34 +- 0.19
RESULTS:: 11:08:18: root                                      pydial <train_command>869 :  List of domains: SFRestaurants
RESULTS:: 11:08:18: root                                      pydial <setEvalConfig>506 :  *** Evaluating env1-hdc-SFR-seed0-00.4: error-rate=0 num-dialogs=500 ***
RESULTS:: 11:10:31: root                               EvaluationManager.py <_prstr>179 :  Results for domain: SFRestaurants --evaluated by: objective success evaluator
RESULTS:: 11:10:31: root                               EvaluationManager.py <_prstr>179 :  # of dialogues  = 500
RESULTS:: 11:10:31: root                               EvaluationManager.py <_prstr>179 :  Average reward  = 12.43 +- 0.40
RESULTS:: 11:10:31: root                               EvaluationManager.py <_prstr>179 :  Average success = 97.40 +- 1.40
RESULTS:: 11:10:31: root                               EvaluationManager.py <_prstr>179 :  Average turns   = 7.05 +- 0.24
RESULTS:: 11:10:31: root                                      pydial <train_command>875 :  *** Training complete. log: env1-hdc-SFR-seed0-00.1-4.train.log - final policy is env1-hdc-SFR-00-04
