RESULTS:: 16:58:36: root                                      pydial <train_command>857 :  List of domains: CamRestaurants
RESULTS:: 16:58:36: root                                         pydial <trainBatch>445 :  *** Training Iteration env1-hdc-CR-seed6-00.0->env1-hdc-CR-seed6-00.1: iter=0, error-rate=0, num-dialogs=1000 ***
RESULTS:: 17:00:39: root                               EvaluationManager.py <_prstr>179 :  Results for domain: CamRestaurants --evaluated by: objective success evaluator
RESULTS:: 17:00:39: root                               EvaluationManager.py <_prstr>179 :  # of dialogues  = 1000
RESULTS:: 17:00:39: root                               EvaluationManager.py <_prstr>179 :  Average reward  = 14.08 +- 0.14
RESULTS:: 17:00:39: root                               EvaluationManager.py <_prstr>179 :  Average success = 100.00 +- 0.00
RESULTS:: 17:00:39: root                               EvaluationManager.py <_prstr>179 :  Average turns   = 5.92 +- 0.14
RESULTS:: 17:00:39: root                                      pydial <setEvalConfig>506 :  *** Evaluating env1-hdc-CR-seed6-00.1: error-rate=0 num-dialogs=500 ***
RESULTS:: 17:01:41: root                               EvaluationManager.py <_prstr>179 :  Results for domain: CamRestaurants --evaluated by: objective success evaluator
RESULTS:: 17:01:41: root                               EvaluationManager.py <_prstr>179 :  # of dialogues  = 500
RESULTS:: 17:01:41: root                               EvaluationManager.py <_prstr>179 :  Average reward  = 14.15 +- 0.19
RESULTS:: 17:01:41: root                               EvaluationManager.py <_prstr>179 :  Average success = 100.00 +- 0.00
RESULTS:: 17:01:41: root                               EvaluationManager.py <_prstr>179 :  Average turns   = 5.85 +- 0.19
RESULTS:: 17:01:41: root                                      pydial <train_command>857 :  List of domains: CamRestaurants
RESULTS:: 17:01:41: root                                         pydial <trainBatch>445 :  *** Training Iteration env1-hdc-CR-seed6-00.1->env1-hdc-CR-seed6-00.2: iter=1, error-rate=0, num-dialogs=1000 ***
RESULTS:: 17:03:44: root                               EvaluationManager.py <_prstr>179 :  Results for domain: CamRestaurants --evaluated by: objective success evaluator
RESULTS:: 17:03:44: root                               EvaluationManager.py <_prstr>179 :  # of dialogues  = 1000
RESULTS:: 17:03:44: root                               EvaluationManager.py <_prstr>179 :  Average reward  = 14.14 +- 0.13
RESULTS:: 17:03:44: root                               EvaluationManager.py <_prstr>179 :  Average success = 100.00 +- 0.00
RESULTS:: 17:03:44: root                               EvaluationManager.py <_prstr>179 :  Average turns   = 5.86 +- 0.13
RESULTS:: 17:03:44: root                                      pydial <setEvalConfig>506 :  *** Evaluating env1-hdc-CR-seed6-00.2: error-rate=0 num-dialogs=500 ***
RESULTS:: 17:04:45: root                               EvaluationManager.py <_prstr>179 :  Results for domain: CamRestaurants --evaluated by: objective success evaluator
RESULTS:: 17:04:45: root                               EvaluationManager.py <_prstr>179 :  # of dialogues  = 500
RESULTS:: 17:04:45: root                               EvaluationManager.py <_prstr>179 :  Average reward  = 14.24 +- 0.18
RESULTS:: 17:04:45: root                               EvaluationManager.py <_prstr>179 :  Average success = 100.00 +- 0.00
RESULTS:: 17:04:45: root                               EvaluationManager.py <_prstr>179 :  Average turns   = 5.76 +- 0.18
RESULTS:: 17:04:45: root                                      pydial <train_command>857 :  List of domains: CamRestaurants
RESULTS:: 17:04:45: root                                         pydial <trainBatch>445 :  *** Training Iteration env1-hdc-CR-seed6-00.2->env1-hdc-CR-seed6-00.3: iter=2, error-rate=0, num-dialogs=1000 ***
RESULTS:: 17:06:50: root                               EvaluationManager.py <_prstr>179 :  Results for domain: CamRestaurants --evaluated by: objective success evaluator
RESULTS:: 17:06:50: root                               EvaluationManager.py <_prstr>179 :  # of dialogues  = 1000
RESULTS:: 17:06:50: root                               EvaluationManager.py <_prstr>179 :  Average reward  = 14.07 +- 0.13
RESULTS:: 17:06:50: root                               EvaluationManager.py <_prstr>179 :  Average success = 100.00 +- 0.00
RESULTS:: 17:06:50: root                               EvaluationManager.py <_prstr>179 :  Average turns   = 5.93 +- 0.13
RESULTS:: 17:06:50: root                                      pydial <setEvalConfig>506 :  *** Evaluating env1-hdc-CR-seed6-00.3: error-rate=0 num-dialogs=500 ***
RESULTS:: 17:07:50: root                               EvaluationManager.py <_prstr>179 :  Results for domain: CamRestaurants --evaluated by: objective success evaluator
RESULTS:: 17:07:50: root                               EvaluationManager.py <_prstr>179 :  # of dialogues  = 500
RESULTS:: 17:07:50: root                               EvaluationManager.py <_prstr>179 :  Average reward  = 14.25 +- 0.19
RESULTS:: 17:07:50: root                               EvaluationManager.py <_prstr>179 :  Average success = 100.00 +- 0.00
RESULTS:: 17:07:50: root                               EvaluationManager.py <_prstr>179 :  Average turns   = 5.75 +- 0.19
RESULTS:: 17:07:50: root                                      pydial <train_command>857 :  List of domains: CamRestaurants
RESULTS:: 17:07:50: root                                         pydial <trainBatch>445 :  *** Training Iteration env1-hdc-CR-seed6-00.3->env1-hdc-CR-seed6-00.4: iter=3, error-rate=0, num-dialogs=1000 ***
RESULTS:: 17:09:52: root                               EvaluationManager.py <_prstr>179 :  Results for domain: CamRestaurants --evaluated by: objective success evaluator
RESULTS:: 17:09:52: root                               EvaluationManager.py <_prstr>179 :  # of dialogues  = 1000
RESULTS:: 17:09:52: root                               EvaluationManager.py <_prstr>179 :  Average reward  = 14.18 +- 0.13
RESULTS:: 17:09:52: root                               EvaluationManager.py <_prstr>179 :  Average success = 100.00 +- 0.00
RESULTS:: 17:09:52: root                               EvaluationManager.py <_prstr>179 :  Average turns   = 5.82 +- 0.13
RESULTS:: 17:09:52: root                                      pydial <train_command>869 :  List of domains: CamRestaurants
RESULTS:: 17:09:52: root                                      pydial <setEvalConfig>506 :  *** Evaluating env1-hdc-CR-seed6-00.4: error-rate=0 num-dialogs=500 ***
RESULTS:: 17:10:55: root                               EvaluationManager.py <_prstr>179 :  Results for domain: CamRestaurants --evaluated by: objective success evaluator
RESULTS:: 17:10:55: root                               EvaluationManager.py <_prstr>179 :  # of dialogues  = 500
RESULTS:: 17:10:55: root                               EvaluationManager.py <_prstr>179 :  Average reward  = 13.83 +- 0.20
RESULTS:: 17:10:55: root                               EvaluationManager.py <_prstr>179 :  Average success = 100.00 +- 0.00
RESULTS:: 17:10:55: root                               EvaluationManager.py <_prstr>179 :  Average turns   = 6.17 +- 0.20
RESULTS:: 17:10:55: root                                      pydial <train_command>875 :  *** Training complete. log: env1-hdc-CR-seed6-00.1-4.train.log - final policy is env1-hdc-CR-00-04
