RESULTS:: 23:32:52: root                                      pydial <train_command>857 :  List of domains: Laptops11
RESULTS:: 23:32:52: root                                         pydial <trainBatch>445 :  *** Training Iteration env1-hdc-LAP-seed4-00.0->env1-hdc-LAP-seed4-00.1: iter=0, error-rate=0, num-dialogs=1000 ***
RESULTS:: 23:36:36: root                               EvaluationManager.py <_prstr>179 :  Results for domain: Laptops11 --evaluated by: objective success evaluator
RESULTS:: 23:36:36: root                               EvaluationManager.py <_prstr>179 :  # of dialogues  = 1000
RESULTS:: 23:36:36: root                               EvaluationManager.py <_prstr>179 :  Average reward  = 11.70 +- 0.33
RESULTS:: 23:36:36: root                               EvaluationManager.py <_prstr>179 :  Average success = 97.20 +- 1.02
RESULTS:: 23:36:36: root                               EvaluationManager.py <_prstr>179 :  Average turns   = 7.74 +- 0.21
RESULTS:: 23:36:36: root                                      pydial <setEvalConfig>506 :  *** Evaluating env1-hdc-LAP-seed4-00.1: error-rate=0 num-dialogs=500 ***
RESULTS:: 23:38:29: root                               EvaluationManager.py <_prstr>179 :  Results for domain: Laptops11 --evaluated by: objective success evaluator
RESULTS:: 23:38:29: root                               EvaluationManager.py <_prstr>179 :  # of dialogues  = 500
RESULTS:: 23:38:29: root                               EvaluationManager.py <_prstr>179 :  Average reward  = 11.48 +- 0.53
RESULTS:: 23:38:29: root                               EvaluationManager.py <_prstr>179 :  Average success = 96.20 +- 1.68
RESULTS:: 23:38:29: root                               EvaluationManager.py <_prstr>179 :  Average turns   = 7.76 +- 0.31
RESULTS:: 23:38:29: root                                      pydial <train_command>857 :  List of domains: Laptops11
RESULTS:: 23:38:29: root                                         pydial <trainBatch>445 :  *** Training Iteration env1-hdc-LAP-seed4-00.1->env1-hdc-LAP-seed4-00.2: iter=1, error-rate=0, num-dialogs=1000 ***
RESULTS:: 23:42:10: root                               EvaluationManager.py <_prstr>179 :  Results for domain: Laptops11 --evaluated by: objective success evaluator
RESULTS:: 23:42:10: root                               EvaluationManager.py <_prstr>179 :  # of dialogues  = 1000
RESULTS:: 23:42:10: root                               EvaluationManager.py <_prstr>179 :  Average reward  = 12.12 +- 0.28
RESULTS:: 23:42:10: root                               EvaluationManager.py <_prstr>179 :  Average success = 98.10 +- 0.85
RESULTS:: 23:42:10: root                               EvaluationManager.py <_prstr>179 :  Average turns   = 7.50 +- 0.19
RESULTS:: 23:42:10: root                                      pydial <setEvalConfig>506 :  *** Evaluating env1-hdc-LAP-seed4-00.2: error-rate=0 num-dialogs=500 ***
RESULTS:: 23:44:06: root                               EvaluationManager.py <_prstr>179 :  Results for domain: Laptops11 --evaluated by: objective success evaluator
RESULTS:: 23:44:06: root                               EvaluationManager.py <_prstr>179 :  # of dialogues  = 500
RESULTS:: 23:44:06: root                               EvaluationManager.py <_prstr>179 :  Average reward  = 11.55 +- 0.49
RESULTS:: 23:44:06: root                               EvaluationManager.py <_prstr>179 :  Average success = 97.20 +- 1.45
RESULTS:: 23:44:06: root                               EvaluationManager.py <_prstr>179 :  Average turns   = 7.89 +- 0.32
RESULTS:: 23:44:06: root                                      pydial <train_command>857 :  List of domains: Laptops11
RESULTS:: 23:44:06: root                                         pydial <trainBatch>445 :  *** Training Iteration env1-hdc-LAP-seed4-00.2->env1-hdc-LAP-seed4-00.3: iter=2, error-rate=0, num-dialogs=1000 ***
RESULTS:: 23:47:46: root                               EvaluationManager.py <_prstr>179 :  Results for domain: Laptops11 --evaluated by: objective success evaluator
RESULTS:: 23:47:46: root                               EvaluationManager.py <_prstr>179 :  # of dialogues  = 1000
RESULTS:: 23:47:46: root                               EvaluationManager.py <_prstr>179 :  Average reward  = 11.95 +- 0.33
RESULTS:: 23:47:46: root                               EvaluationManager.py <_prstr>179 :  Average success = 97.60 +- 0.95
RESULTS:: 23:47:46: root                               EvaluationManager.py <_prstr>179 :  Average turns   = 7.57 +- 0.21
RESULTS:: 23:47:46: root                                      pydial <setEvalConfig>506 :  *** Evaluating env1-hdc-LAP-seed4-00.3: error-rate=0 num-dialogs=500 ***
RESULTS:: 23:49:37: root                               EvaluationManager.py <_prstr>179 :  Results for domain: Laptops11 --evaluated by: objective success evaluator
RESULTS:: 23:49:37: root                               EvaluationManager.py <_prstr>179 :  # of dialogues  = 500
RESULTS:: 23:49:37: root                               EvaluationManager.py <_prstr>179 :  Average reward  = 11.96 +- 0.46
RESULTS:: 23:49:37: root                               EvaluationManager.py <_prstr>179 :  Average success = 97.40 +- 1.40
RESULTS:: 23:49:37: root                               EvaluationManager.py <_prstr>179 :  Average turns   = 7.52 +- 0.30
RESULTS:: 23:49:37: root                                      pydial <train_command>857 :  List of domains: Laptops11
RESULTS:: 23:49:37: root                                         pydial <trainBatch>445 :  *** Training Iteration env1-hdc-LAP-seed4-00.3->env1-hdc-LAP-seed4-00.4: iter=3, error-rate=0, num-dialogs=1000 ***
RESULTS:: 23:53:22: root                               EvaluationManager.py <_prstr>179 :  Results for domain: Laptops11 --evaluated by: objective success evaluator
RESULTS:: 23:53:22: root                               EvaluationManager.py <_prstr>179 :  # of dialogues  = 1000
RESULTS:: 23:53:22: root                               EvaluationManager.py <_prstr>179 :  Average reward  = 11.70 +- 0.35
RESULTS:: 23:53:22: root                               EvaluationManager.py <_prstr>179 :  Average success = 97.20 +- 1.02
RESULTS:: 23:53:22: root                               EvaluationManager.py <_prstr>179 :  Average turns   = 7.74 +- 0.22
RESULTS:: 23:53:22: root                                      pydial <train_command>869 :  List of domains: Laptops11
RESULTS:: 23:53:22: root                                      pydial <setEvalConfig>506 :  *** Evaluating env1-hdc-LAP-seed4-00.4: error-rate=0 num-dialogs=500 ***
RESULTS:: 23:55:15: root                               EvaluationManager.py <_prstr>179 :  Results for domain: Laptops11 --evaluated by: objective success evaluator
RESULTS:: 23:55:15: root                               EvaluationManager.py <_prstr>179 :  # of dialogues  = 500
RESULTS:: 23:55:15: root                               EvaluationManager.py <_prstr>179 :  Average reward  = 11.90 +- 0.44
RESULTS:: 23:55:15: root                               EvaluationManager.py <_prstr>179 :  Average success = 97.60 +- 1.34
RESULTS:: 23:55:15: root                               EvaluationManager.py <_prstr>179 :  Average turns   = 7.62 +- 0.29
RESULTS:: 23:55:15: root                                      pydial <train_command>875 :  *** Training complete. log: env1-hdc-LAP-seed4-00.1-4.train.log - final policy is env1-hdc-LAP-00-04
