RESULTS:: 00:17:37: root                                      pydial <train_command>857 :  List of domains: Laptops11
RESULTS:: 00:17:37: root                                         pydial <trainBatch>445 :  *** Training Iteration env1-hdc-LAP-seed6-00.0->env1-hdc-LAP-seed6-00.1: iter=0, error-rate=0, num-dialogs=1000 ***
RESULTS:: 00:21:14: root                               EvaluationManager.py <_prstr>179 :  Results for domain: Laptops11 --evaluated by: objective success evaluator
RESULTS:: 00:21:14: root                               EvaluationManager.py <_prstr>179 :  # of dialogues  = 1000
RESULTS:: 00:21:14: root                               EvaluationManager.py <_prstr>179 :  Average reward  = 12.19 +- 0.27
RESULTS:: 00:21:14: root                               EvaluationManager.py <_prstr>179 :  Average success = 98.30 +- 0.80
RESULTS:: 00:21:14: root                               EvaluationManager.py <_prstr>179 :  Average turns   = 7.47 +- 0.19
RESULTS:: 00:21:14: root                                      pydial <setEvalConfig>506 :  *** Evaluating env1-hdc-LAP-seed6-00.1: error-rate=0 num-dialogs=500 ***
RESULTS:: 00:23:07: root                               EvaluationManager.py <_prstr>179 :  Results for domain: Laptops11 --evaluated by: objective success evaluator
RESULTS:: 00:23:07: root                               EvaluationManager.py <_prstr>179 :  # of dialogues  = 500
RESULTS:: 00:23:07: root                               EvaluationManager.py <_prstr>179 :  Average reward  = 11.89 +- 0.48
RESULTS:: 00:23:07: root                               EvaluationManager.py <_prstr>179 :  Average success = 97.40 +- 1.40
RESULTS:: 00:23:07: root                               EvaluationManager.py <_prstr>179 :  Average turns   = 7.59 +- 0.31
RESULTS:: 00:23:07: root                                      pydial <train_command>857 :  List of domains: Laptops11
RESULTS:: 00:23:07: root                                         pydial <trainBatch>445 :  *** Training Iteration env1-hdc-LAP-seed6-00.1->env1-hdc-LAP-seed6-00.2: iter=1, error-rate=0, num-dialogs=1000 ***
RESULTS:: 00:26:55: root                               EvaluationManager.py <_prstr>179 :  Results for domain: Laptops11 --evaluated by: objective success evaluator
RESULTS:: 00:26:55: root                               EvaluationManager.py <_prstr>179 :  # of dialogues  = 1000
RESULTS:: 00:26:55: root                               EvaluationManager.py <_prstr>179 :  Average reward  = 11.60 +- 0.34
RESULTS:: 00:26:55: root                               EvaluationManager.py <_prstr>179 :  Average success = 96.80 +- 1.09
RESULTS:: 00:26:55: root                               EvaluationManager.py <_prstr>179 :  Average turns   = 7.76 +- 0.21
RESULTS:: 00:26:55: root                                      pydial <setEvalConfig>506 :  *** Evaluating env1-hdc-LAP-seed6-00.2: error-rate=0 num-dialogs=500 ***
RESULTS:: 00:28:46: root                               EvaluationManager.py <_prstr>179 :  Results for domain: Laptops11 --evaluated by: objective success evaluator
RESULTS:: 00:28:46: root                               EvaluationManager.py <_prstr>179 :  # of dialogues  = 500
RESULTS:: 00:28:46: root                               EvaluationManager.py <_prstr>179 :  Average reward  = 11.82 +- 0.50
RESULTS:: 00:28:46: root                               EvaluationManager.py <_prstr>179 :  Average success = 97.00 +- 1.50
RESULTS:: 00:28:46: root                               EvaluationManager.py <_prstr>179 :  Average turns   = 7.58 +- 0.30
RESULTS:: 00:28:46: root                                      pydial <train_command>857 :  List of domains: Laptops11
RESULTS:: 00:28:46: root                                         pydial <trainBatch>445 :  *** Training Iteration env1-hdc-LAP-seed6-00.2->env1-hdc-LAP-seed6-00.3: iter=2, error-rate=0, num-dialogs=1000 ***
RESULTS:: 00:32:31: root                               EvaluationManager.py <_prstr>179 :  Results for domain: Laptops11 --evaluated by: objective success evaluator
RESULTS:: 00:32:31: root                               EvaluationManager.py <_prstr>179 :  # of dialogues  = 1000
RESULTS:: 00:32:31: root                               EvaluationManager.py <_prstr>179 :  Average reward  = 11.87 +- 0.33
RESULTS:: 00:32:31: root                               EvaluationManager.py <_prstr>179 :  Average success = 97.40 +- 0.99
RESULTS:: 00:32:31: root                               EvaluationManager.py <_prstr>179 :  Average turns   = 7.61 +- 0.21
RESULTS:: 00:32:31: root                                      pydial <setEvalConfig>506 :  *** Evaluating env1-hdc-LAP-seed6-00.3: error-rate=0 num-dialogs=500 ***
RESULTS:: 00:34:27: root                               EvaluationManager.py <_prstr>179 :  Results for domain: Laptops11 --evaluated by: objective success evaluator
RESULTS:: 00:34:27: root                               EvaluationManager.py <_prstr>179 :  # of dialogues  = 500
RESULTS:: 00:34:27: root                               EvaluationManager.py <_prstr>179 :  Average reward  = 11.49 +- 0.54
RESULTS:: 00:34:27: root                               EvaluationManager.py <_prstr>179 :  Average success = 96.80 +- 1.55
RESULTS:: 00:34:27: root                               EvaluationManager.py <_prstr>179 :  Average turns   = 7.87 +- 0.34
RESULTS:: 00:34:27: root                                      pydial <train_command>857 :  List of domains: Laptops11
RESULTS:: 00:34:27: root                                         pydial <trainBatch>445 :  *** Training Iteration env1-hdc-LAP-seed6-00.3->env1-hdc-LAP-seed6-00.4: iter=3, error-rate=0, num-dialogs=1000 ***
RESULTS:: 02:45:26: root                               EvaluationManager.py <_prstr>179 :  Results for domain: Laptops11 --evaluated by: objective success evaluator
RESULTS:: 02:45:26: root                               EvaluationManager.py <_prstr>179 :  # of dialogues  = 1000
RESULTS:: 02:45:26: root                               EvaluationManager.py <_prstr>179 :  Average reward  = 12.05 +- 0.30
RESULTS:: 02:45:26: root                               EvaluationManager.py <_prstr>179 :  Average success = 98.10 +- 0.85
RESULTS:: 02:45:26: root                               EvaluationManager.py <_prstr>179 :  Average turns   = 7.57 +- 0.21
RESULTS:: 02:45:26: root                                      pydial <train_command>869 :  List of domains: Laptops11
RESULTS:: 02:45:26: root                                      pydial <setEvalConfig>506 :  *** Evaluating env1-hdc-LAP-seed6-00.4: error-rate=0 num-dialogs=500 ***
RESULTS:: 05:57:57: root                               EvaluationManager.py <_prstr>179 :  Results for domain: Laptops11 --evaluated by: objective success evaluator
RESULTS:: 05:57:57: root                               EvaluationManager.py <_prstr>179 :  # of dialogues  = 500
RESULTS:: 05:57:57: root                               EvaluationManager.py <_prstr>179 :  Average reward  = 11.52 +- 0.51
RESULTS:: 05:57:57: root                               EvaluationManager.py <_prstr>179 :  Average success = 96.60 +- 1.59
RESULTS:: 05:57:57: root                               EvaluationManager.py <_prstr>179 :  Average turns   = 7.80 +- 0.31
RESULTS:: 05:57:57: root                                      pydial <train_command>875 :  *** Training complete. log: env1-hdc-LAP-seed6-00.1-4.train.log - final policy is env1-hdc-LAP-00-04
