RESULTS:: 22:47:31: root                                      pydial <train_command>857 :  List of domains: Laptops11
RESULTS:: 22:47:31: root                                         pydial <trainBatch>445 :  *** Training Iteration env1-hdc-LAP-seed2-00.0->env1-hdc-LAP-seed2-00.1: iter=0, error-rate=0, num-dialogs=1000 ***
RESULTS:: 22:51:20: root                               EvaluationManager.py <_prstr>179 :  Results for domain: Laptops11 --evaluated by: objective success evaluator
RESULTS:: 22:51:20: root                               EvaluationManager.py <_prstr>179 :  # of dialogues  = 1000
RESULTS:: 22:51:20: root                               EvaluationManager.py <_prstr>179 :  Average reward  = 11.82 +- 0.34
RESULTS:: 22:51:20: root                               EvaluationManager.py <_prstr>179 :  Average success = 97.40 +- 0.99
RESULTS:: 22:51:20: root                               EvaluationManager.py <_prstr>179 :  Average turns   = 7.66 +- 0.22
RESULTS:: 22:51:20: root                                      pydial <setEvalConfig>506 :  *** Evaluating env1-hdc-LAP-seed2-00.1: error-rate=0 num-dialogs=500 ***
RESULTS:: 22:53:12: root                               EvaluationManager.py <_prstr>179 :  Results for domain: Laptops11 --evaluated by: objective success evaluator
RESULTS:: 22:53:12: root                               EvaluationManager.py <_prstr>179 :  # of dialogues  = 500
RESULTS:: 22:53:12: root                               EvaluationManager.py <_prstr>179 :  Average reward  = 11.99 +- 0.42
RESULTS:: 22:53:12: root                               EvaluationManager.py <_prstr>179 :  Average success = 97.80 +- 1.29
RESULTS:: 22:53:12: root                               EvaluationManager.py <_prstr>179 :  Average turns   = 7.57 +- 0.28
RESULTS:: 22:53:12: root                                      pydial <train_command>857 :  List of domains: Laptops11
RESULTS:: 22:53:12: root                                         pydial <trainBatch>445 :  *** Training Iteration env1-hdc-LAP-seed2-00.1->env1-hdc-LAP-seed2-00.2: iter=1, error-rate=0, num-dialogs=1000 ***
RESULTS:: 22:56:57: root                               EvaluationManager.py <_prstr>179 :  Results for domain: Laptops11 --evaluated by: objective success evaluator
RESULTS:: 22:56:57: root                               EvaluationManager.py <_prstr>179 :  # of dialogues  = 1000
RESULTS:: 22:56:57: root                               EvaluationManager.py <_prstr>179 :  Average reward  = 11.88 +- 0.33
RESULTS:: 22:56:57: root                               EvaluationManager.py <_prstr>179 :  Average success = 97.50 +- 0.97
RESULTS:: 22:56:57: root                               EvaluationManager.py <_prstr>179 :  Average turns   = 7.62 +- 0.21
RESULTS:: 22:56:57: root                                      pydial <setEvalConfig>506 :  *** Evaluating env1-hdc-LAP-seed2-00.2: error-rate=0 num-dialogs=500 ***
RESULTS:: 22:59:00: root                               EvaluationManager.py <_prstr>179 :  Results for domain: Laptops11 --evaluated by: objective success evaluator
RESULTS:: 22:59:00: root                               EvaluationManager.py <_prstr>179 :  # of dialogues  = 500
RESULTS:: 22:59:00: root                               EvaluationManager.py <_prstr>179 :  Average reward  = 11.66 +- 0.44
RESULTS:: 22:59:00: root                               EvaluationManager.py <_prstr>179 :  Average success = 97.20 +- 1.45
RESULTS:: 22:59:00: root                               EvaluationManager.py <_prstr>179 :  Average turns   = 7.78 +- 0.28
RESULTS:: 22:59:00: root                                      pydial <train_command>857 :  List of domains: Laptops11
RESULTS:: 22:59:00: root                                         pydial <trainBatch>445 :  *** Training Iteration env1-hdc-LAP-seed2-00.2->env1-hdc-LAP-seed2-00.3: iter=2, error-rate=0, num-dialogs=1000 ***
RESULTS:: 23:02:49: root                               EvaluationManager.py <_prstr>179 :  Results for domain: Laptops11 --evaluated by: objective success evaluator
RESULTS:: 23:02:49: root                               EvaluationManager.py <_prstr>179 :  # of dialogues  = 1000
RESULTS:: 23:02:49: root                               EvaluationManager.py <_prstr>179 :  Average reward  = 11.71 +- 0.35
RESULTS:: 23:02:49: root                               EvaluationManager.py <_prstr>179 :  Average success = 97.00 +- 1.06
RESULTS:: 23:02:49: root                               EvaluationManager.py <_prstr>179 :  Average turns   = 7.69 +- 0.22
RESULTS:: 23:02:49: root                                      pydial <setEvalConfig>506 :  *** Evaluating env1-hdc-LAP-seed2-00.3: error-rate=0 num-dialogs=500 ***
RESULTS:: 23:04:39: root                               EvaluationManager.py <_prstr>179 :  Results for domain: Laptops11 --evaluated by: objective success evaluator
RESULTS:: 23:04:39: root                               EvaluationManager.py <_prstr>179 :  # of dialogues  = 500
RESULTS:: 23:04:39: root                               EvaluationManager.py <_prstr>179 :  Average reward  = 12.28 +- 0.42
RESULTS:: 23:04:39: root                               EvaluationManager.py <_prstr>179 :  Average success = 98.00 +- 1.23
RESULTS:: 23:04:39: root                               EvaluationManager.py <_prstr>179 :  Average turns   = 7.32 +- 0.28
RESULTS:: 23:04:39: root                                      pydial <train_command>857 :  List of domains: Laptops11
RESULTS:: 23:04:39: root                                         pydial <trainBatch>445 :  *** Training Iteration env1-hdc-LAP-seed2-00.3->env1-hdc-LAP-seed2-00.4: iter=3, error-rate=0, num-dialogs=1000 ***
RESULTS:: 23:08:24: root                               EvaluationManager.py <_prstr>179 :  Results for domain: Laptops11 --evaluated by: objective success evaluator
RESULTS:: 23:08:24: root                               EvaluationManager.py <_prstr>179 :  # of dialogues  = 1000
RESULTS:: 23:08:24: root                               EvaluationManager.py <_prstr>179 :  Average reward  = 11.95 +- 0.29
RESULTS:: 23:08:24: root                               EvaluationManager.py <_prstr>179 :  Average success = 98.10 +- 0.85
RESULTS:: 23:08:24: root                               EvaluationManager.py <_prstr>179 :  Average turns   = 7.67 +- 0.20
RESULTS:: 23:08:24: root                                      pydial <train_command>869 :  List of domains: Laptops11
RESULTS:: 23:08:24: root                                      pydial <setEvalConfig>506 :  *** Evaluating env1-hdc-LAP-seed2-00.4: error-rate=0 num-dialogs=500 ***
RESULTS:: 23:10:14: root                               EvaluationManager.py <_prstr>179 :  Results for domain: Laptops11 --evaluated by: objective success evaluator
RESULTS:: 23:10:14: root                               EvaluationManager.py <_prstr>179 :  # of dialogues  = 500
RESULTS:: 23:10:14: root                               EvaluationManager.py <_prstr>179 :  Average reward  = 12.12 +- 0.45
RESULTS:: 23:10:14: root                               EvaluationManager.py <_prstr>179 :  Average success = 97.60 +- 1.34
RESULTS:: 23:10:14: root                               EvaluationManager.py <_prstr>179 :  Average turns   = 7.40 +- 0.29
RESULTS:: 23:10:14: root                                      pydial <train_command>875 :  *** Training complete. log: env1-hdc-LAP-seed2-00.1-4.train.log - final policy is env1-hdc-LAP-00-04
