RESULTS:: 13:25:15: root                                      pydial <train_command>857 :  List of domains: SFRestaurants
RESULTS:: 13:25:15: root                                         pydial <trainBatch>445 :  *** Training Iteration env1-hdc-SFR-seed6-00.0->env1-hdc-SFR-seed6-00.1: iter=0, error-rate=0, num-dialogs=1000 ***
RESULTS:: 13:29:33: root                               EvaluationManager.py <_prstr>179 :  Results for domain: SFRestaurants --evaluated by: objective success evaluator
RESULTS:: 13:29:33: root                               EvaluationManager.py <_prstr>179 :  # of dialogues  = 1000
RESULTS:: 13:29:33: root                               EvaluationManager.py <_prstr>179 :  Average reward  = 12.60 +- 0.26
RESULTS:: 13:29:33: root                               EvaluationManager.py <_prstr>179 :  Average success = 98.30 +- 0.80
RESULTS:: 13:29:33: root                               EvaluationManager.py <_prstr>179 :  Average turns   = 7.06 +- 0.18
RESULTS:: 13:29:33: root                                      pydial <setEvalConfig>506 :  *** Evaluating env1-hdc-SFR-seed6-00.1: error-rate=0 num-dialogs=500 ***
RESULTS:: 13:31:43: root                               EvaluationManager.py <_prstr>179 :  Results for domain: SFRestaurants --evaluated by: objective success evaluator
RESULTS:: 13:31:43: root                               EvaluationManager.py <_prstr>179 :  # of dialogues  = 500
RESULTS:: 13:31:43: root                               EvaluationManager.py <_prstr>179 :  Average reward  = 12.67 +- 0.31
RESULTS:: 13:31:43: root                               EvaluationManager.py <_prstr>179 :  Average success = 99.00 +- 0.87
RESULTS:: 13:31:43: root                               EvaluationManager.py <_prstr>179 :  Average turns   = 7.13 +- 0.24
RESULTS:: 13:31:43: root                                      pydial <train_command>857 :  List of domains: SFRestaurants
RESULTS:: 13:31:43: root                                         pydial <trainBatch>445 :  *** Training Iteration env1-hdc-SFR-seed6-00.1->env1-hdc-SFR-seed6-00.2: iter=1, error-rate=0, num-dialogs=1000 ***
RESULTS:: 13:36:05: root                               EvaluationManager.py <_prstr>179 :  Results for domain: SFRestaurants --evaluated by: objective success evaluator
RESULTS:: 13:36:05: root                               EvaluationManager.py <_prstr>179 :  # of dialogues  = 1000
RESULTS:: 13:36:05: root                               EvaluationManager.py <_prstr>179 :  Average reward  = 12.51 +- 0.25
RESULTS:: 13:36:05: root                               EvaluationManager.py <_prstr>179 :  Average success = 98.60 +- 0.73
RESULTS:: 13:36:05: root                               EvaluationManager.py <_prstr>179 :  Average turns   = 7.21 +- 0.18
RESULTS:: 13:36:05: root                                      pydial <setEvalConfig>506 :  *** Evaluating env1-hdc-SFR-seed6-00.2: error-rate=0 num-dialogs=500 ***
RESULTS:: 16:24:11: root                               EvaluationManager.py <_prstr>179 :  Results for domain: SFRestaurants --evaluated by: objective success evaluator
RESULTS:: 16:24:11: root                               EvaluationManager.py <_prstr>179 :  # of dialogues  = 500
RESULTS:: 16:24:11: root                               EvaluationManager.py <_prstr>179 :  Average reward  = 12.42 +- 0.43
RESULTS:: 16:24:11: root                               EvaluationManager.py <_prstr>179 :  Average success = 98.00 +- 1.23
RESULTS:: 16:24:11: root                               EvaluationManager.py <_prstr>179 :  Average turns   = 7.18 +- 0.25
RESULTS:: 16:24:11: root                                      pydial <train_command>857 :  List of domains: SFRestaurants
RESULTS:: 16:24:11: root                                         pydial <trainBatch>445 :  *** Training Iteration env1-hdc-SFR-seed6-00.2->env1-hdc-SFR-seed6-00.3: iter=2, error-rate=0, num-dialogs=1000 ***
RESULTS:: 22:51:47: root                               EvaluationManager.py <_prstr>179 :  Results for domain: SFRestaurants --evaluated by: objective success evaluator
RESULTS:: 22:51:47: root                               EvaluationManager.py <_prstr>179 :  # of dialogues  = 1000
RESULTS:: 22:51:47: root                               EvaluationManager.py <_prstr>179 :  Average reward  = 12.28 +- 0.28
RESULTS:: 22:51:47: root                               EvaluationManager.py <_prstr>179 :  Average success = 97.40 +- 0.99
RESULTS:: 22:51:47: root                               EvaluationManager.py <_prstr>179 :  Average turns   = 7.21 +- 0.17
RESULTS:: 22:51:47: root                                      pydial <setEvalConfig>506 :  *** Evaluating env1-hdc-SFR-seed6-00.3: error-rate=0 num-dialogs=500 ***
RESULTS:: 22:54:00: root                               EvaluationManager.py <_prstr>179 :  Results for domain: SFRestaurants --evaluated by: objective success evaluator
RESULTS:: 22:54:00: root                               EvaluationManager.py <_prstr>179 :  # of dialogues  = 500
RESULTS:: 22:54:00: root                               EvaluationManager.py <_prstr>179 :  Average reward  = 12.44 +- 0.34
RESULTS:: 22:54:00: root                               EvaluationManager.py <_prstr>179 :  Average success = 98.40 +- 1.10
RESULTS:: 22:54:00: root                               EvaluationManager.py <_prstr>179 :  Average turns   = 7.24 +- 0.23
RESULTS:: 22:54:00: root                                      pydial <train_command>857 :  List of domains: SFRestaurants
RESULTS:: 22:54:00: root                                         pydial <trainBatch>445 :  *** Training Iteration env1-hdc-SFR-seed6-00.3->env1-hdc-SFR-seed6-00.4: iter=3, error-rate=0, num-dialogs=1000 ***
RESULTS:: 22:58:15: root                               EvaluationManager.py <_prstr>179 :  Results for domain: SFRestaurants --evaluated by: objective success evaluator
RESULTS:: 22:58:15: root                               EvaluationManager.py <_prstr>179 :  # of dialogues  = 1000
RESULTS:: 22:58:15: root                               EvaluationManager.py <_prstr>179 :  Average reward  = 12.56 +- 0.27
RESULTS:: 22:58:15: root                               EvaluationManager.py <_prstr>179 :  Average success = 98.20 +- 0.83
RESULTS:: 22:58:15: root                               EvaluationManager.py <_prstr>179 :  Average turns   = 7.08 +- 0.17
RESULTS:: 22:58:15: root                                      pydial <train_command>869 :  List of domains: SFRestaurants
RESULTS:: 22:58:15: root                                      pydial <setEvalConfig>506 :  *** Evaluating env1-hdc-SFR-seed6-00.4: error-rate=0 num-dialogs=500 ***
RESULTS:: 23:00:24: root                               EvaluationManager.py <_prstr>179 :  Results for domain: SFRestaurants --evaluated by: objective success evaluator
RESULTS:: 23:00:24: root                               EvaluationManager.py <_prstr>179 :  # of dialogues  = 500
RESULTS:: 23:00:24: root                               EvaluationManager.py <_prstr>179 :  Average reward  = 12.51 +- 0.37
RESULTS:: 23:00:24: root                               EvaluationManager.py <_prstr>179 :  Average success = 98.40 +- 1.10
RESULTS:: 23:00:24: root                               EvaluationManager.py <_prstr>179 :  Average turns   = 7.17 +- 0.24
RESULTS:: 23:00:24: root                                      pydial <train_command>875 :  *** Training complete. log: env1-hdc-SFR-seed6-00.1-4.train.log - final policy is env1-hdc-SFR-00-04
