RESULTS:: 11:38:06: root                                      pydial <train_command>857 :  List of domains: SFRestaurants
RESULTS:: 11:38:06: root                                         pydial <trainBatch>445 :  *** Training Iteration env1-hdc-SFR-seed2-00.0->env1-hdc-SFR-seed2-00.1: iter=0, error-rate=0, num-dialogs=1000 ***
RESULTS:: 11:42:34: root                               EvaluationManager.py <_prstr>179 :  Results for domain: SFRestaurants --evaluated by: objective success evaluator
RESULTS:: 11:42:34: root                               EvaluationManager.py <_prstr>179 :  # of dialogues  = 1000
RESULTS:: 11:42:34: root                               EvaluationManager.py <_prstr>179 :  Average reward  = 12.44 +- 0.29
RESULTS:: 11:42:34: root                               EvaluationManager.py <_prstr>179 :  Average success = 97.80 +- 0.91
RESULTS:: 11:42:34: root                               EvaluationManager.py <_prstr>179 :  Average turns   = 7.12 +- 0.18
RESULTS:: 11:42:34: root                                      pydial <setEvalConfig>506 :  *** Evaluating env1-hdc-SFR-seed2-00.1: error-rate=0 num-dialogs=500 ***
RESULTS:: 11:44:56: root                               EvaluationManager.py <_prstr>179 :  Results for domain: SFRestaurants --evaluated by: objective success evaluator
RESULTS:: 11:44:56: root                               EvaluationManager.py <_prstr>179 :  # of dialogues  = 500
RESULTS:: 11:44:56: root                               EvaluationManager.py <_prstr>179 :  Average reward  = 12.11 +- 0.44
RESULTS:: 11:44:56: root                               EvaluationManager.py <_prstr>179 :  Average success = 97.60 +- 1.34
RESULTS:: 11:44:56: root                               EvaluationManager.py <_prstr>179 :  Average turns   = 7.41 +- 0.28
RESULTS:: 11:44:56: root                                      pydial <train_command>857 :  List of domains: SFRestaurants
RESULTS:: 11:44:56: root                                         pydial <trainBatch>445 :  *** Training Iteration env1-hdc-SFR-seed2-00.1->env1-hdc-SFR-seed2-00.2: iter=1, error-rate=0, num-dialogs=1000 ***
RESULTS:: 11:49:35: root                               EvaluationManager.py <_prstr>179 :  Results for domain: SFRestaurants --evaluated by: objective success evaluator
RESULTS:: 11:49:35: root                               EvaluationManager.py <_prstr>179 :  # of dialogues  = 1000
RESULTS:: 11:49:35: root                               EvaluationManager.py <_prstr>179 :  Average reward  = 12.41 +- 0.28
RESULTS:: 11:49:35: root                               EvaluationManager.py <_prstr>179 :  Average success = 98.20 +- 0.83
RESULTS:: 11:49:35: root                               EvaluationManager.py <_prstr>179 :  Average turns   = 7.23 +- 0.19
RESULTS:: 11:49:35: root                                      pydial <setEvalConfig>506 :  *** Evaluating env1-hdc-SFR-seed2-00.2: error-rate=0 num-dialogs=500 ***
RESULTS:: 11:51:53: root                               EvaluationManager.py <_prstr>179 :  Results for domain: SFRestaurants --evaluated by: objective success evaluator
RESULTS:: 11:51:53: root                               EvaluationManager.py <_prstr>179 :  # of dialogues  = 500
RESULTS:: 11:51:53: root                               EvaluationManager.py <_prstr>179 :  Average reward  = 12.15 +- 0.42
RESULTS:: 11:51:53: root                               EvaluationManager.py <_prstr>179 :  Average success = 96.80 +- 1.55
RESULTS:: 11:51:53: root                               EvaluationManager.py <_prstr>179 :  Average turns   = 7.21 +- 0.24
RESULTS:: 11:51:53: root                                      pydial <train_command>857 :  List of domains: SFRestaurants
RESULTS:: 11:51:53: root                                         pydial <trainBatch>445 :  *** Training Iteration env1-hdc-SFR-seed2-00.2->env1-hdc-SFR-seed2-00.3: iter=2, error-rate=0, num-dialogs=1000 ***
RESULTS:: 11:56:39: root                               EvaluationManager.py <_prstr>179 :  Results for domain: SFRestaurants --evaluated by: objective success evaluator
RESULTS:: 11:56:39: root                               EvaluationManager.py <_prstr>179 :  # of dialogues  = 1000
RESULTS:: 11:56:39: root                               EvaluationManager.py <_prstr>179 :  Average reward  = 12.37 +- 0.30
RESULTS:: 11:56:39: root                               EvaluationManager.py <_prstr>179 :  Average success = 97.80 +- 0.91
RESULTS:: 11:56:39: root                               EvaluationManager.py <_prstr>179 :  Average turns   = 7.19 +- 0.19
RESULTS:: 11:56:39: root                                      pydial <setEvalConfig>506 :  *** Evaluating env1-hdc-SFR-seed2-00.3: error-rate=0 num-dialogs=500 ***
RESULTS:: 11:59:01: root                               EvaluationManager.py <_prstr>179 :  Results for domain: SFRestaurants --evaluated by: objective success evaluator
RESULTS:: 11:59:01: root                               EvaluationManager.py <_prstr>179 :  # of dialogues  = 500
RESULTS:: 11:59:01: root                               EvaluationManager.py <_prstr>179 :  Average reward  = 12.14 +- 0.48
RESULTS:: 11:59:01: root                               EvaluationManager.py <_prstr>179 :  Average success = 97.20 +- 1.45
RESULTS:: 11:59:01: root                               EvaluationManager.py <_prstr>179 :  Average turns   = 7.30 +- 0.29
RESULTS:: 11:59:01: root                                      pydial <train_command>857 :  List of domains: SFRestaurants
RESULTS:: 11:59:01: root                                         pydial <trainBatch>445 :  *** Training Iteration env1-hdc-SFR-seed2-00.3->env1-hdc-SFR-seed2-00.4: iter=3, error-rate=0, num-dialogs=1000 ***
RESULTS:: 12:03:38: root                               EvaluationManager.py <_prstr>179 :  Results for domain: SFRestaurants --evaluated by: objective success evaluator
RESULTS:: 12:03:38: root                               EvaluationManager.py <_prstr>179 :  # of dialogues  = 1000
RESULTS:: 12:03:38: root                               EvaluationManager.py <_prstr>179 :  Average reward  = 12.16 +- 0.30
RESULTS:: 12:03:38: root                               EvaluationManager.py <_prstr>179 :  Average success = 97.20 +- 1.02
RESULTS:: 12:03:38: root                               EvaluationManager.py <_prstr>179 :  Average turns   = 7.28 +- 0.18
RESULTS:: 12:03:38: root                                      pydial <train_command>869 :  List of domains: SFRestaurants
RESULTS:: 12:03:38: root                                      pydial <setEvalConfig>506 :  *** Evaluating env1-hdc-SFR-seed2-00.4: error-rate=0 num-dialogs=500 ***
RESULTS:: 12:05:58: root                               EvaluationManager.py <_prstr>179 :  Results for domain: SFRestaurants --evaluated by: objective success evaluator
RESULTS:: 12:05:58: root                               EvaluationManager.py <_prstr>179 :  # of dialogues  = 500
RESULTS:: 12:05:58: root                               EvaluationManager.py <_prstr>179 :  Average reward  = 12.42 +- 0.43
RESULTS:: 12:05:58: root                               EvaluationManager.py <_prstr>179 :  Average success = 98.00 +- 1.23
RESULTS:: 12:05:58: root                               EvaluationManager.py <_prstr>179 :  Average turns   = 7.18 +- 0.27
RESULTS:: 12:05:58: root                                      pydial <train_command>875 :  *** Training complete. log: env1-hdc-SFR-seed2-00.1-4.train.log - final policy is env1-hdc-SFR-00-04
