RESULTS:: 17:22:56: root                                      pydial <train_command>857 :  List of domains: CamRestaurants
RESULTS:: 17:22:56: root                                         pydial <trainBatch>445 :  *** Training Iteration env1-hdc-CR-seed8-00.0->env1-hdc-CR-seed8-00.1: iter=0, error-rate=0, num-dialogs=1000 ***
RESULTS:: 17:24:58: root                               EvaluationManager.py <_prstr>179 :  Results for domain: CamRestaurants --evaluated by: objective success evaluator
RESULTS:: 17:24:58: root                               EvaluationManager.py <_prstr>179 :  # of dialogues  = 1000
RESULTS:: 17:24:58: root                               EvaluationManager.py <_prstr>179 :  Average reward  = 14.14 +- 0.13
RESULTS:: 17:24:58: root                               EvaluationManager.py <_prstr>179 :  Average success = 100.00 +- 0.00
RESULTS:: 17:24:58: root                               EvaluationManager.py <_prstr>179 :  Average turns   = 5.86 +- 0.13
RESULTS:: 17:24:58: root                                      pydial <setEvalConfig>506 :  *** Evaluating env1-hdc-CR-seed8-00.1: error-rate=0 num-dialogs=500 ***
RESULTS:: 17:26:01: root                               EvaluationManager.py <_prstr>179 :  Results for domain: CamRestaurants --evaluated by: objective success evaluator
RESULTS:: 17:26:01: root                               EvaluationManager.py <_prstr>179 :  # of dialogues  = 500
RESULTS:: 17:26:01: root                               EvaluationManager.py <_prstr>179 :  Average reward  = 14.00 +- 0.19
RESULTS:: 17:26:01: root                               EvaluationManager.py <_prstr>179 :  Average success = 100.00 +- 0.00
RESULTS:: 17:26:01: root                               EvaluationManager.py <_prstr>179 :  Average turns   = 6.00 +- 0.19
RESULTS:: 17:26:01: root                                      pydial <train_command>857 :  List of domains: CamRestaurants
RESULTS:: 17:26:01: root                                         pydial <trainBatch>445 :  *** Training Iteration env1-hdc-CR-seed8-00.1->env1-hdc-CR-seed8-00.2: iter=1, error-rate=0, num-dialogs=1000 ***
RESULTS:: 17:28:05: root                               EvaluationManager.py <_prstr>179 :  Results for domain: CamRestaurants --evaluated by: objective success evaluator
RESULTS:: 17:28:05: root                               EvaluationManager.py <_prstr>179 :  # of dialogues  = 1000
RESULTS:: 17:28:05: root                               EvaluationManager.py <_prstr>179 :  Average reward  = 14.05 +- 0.13
RESULTS:: 17:28:05: root                               EvaluationManager.py <_prstr>179 :  Average success = 100.00 +- 0.00
RESULTS:: 17:28:05: root                               EvaluationManager.py <_prstr>179 :  Average turns   = 5.95 +- 0.13
RESULTS:: 17:28:05: root                                      pydial <setEvalConfig>506 :  *** Evaluating env1-hdc-CR-seed8-00.2: error-rate=0 num-dialogs=500 ***
RESULTS:: 17:29:06: root                               EvaluationManager.py <_prstr>179 :  Results for domain: CamRestaurants --evaluated by: objective success evaluator
RESULTS:: 17:29:06: root                               EvaluationManager.py <_prstr>179 :  # of dialogues  = 500
RESULTS:: 17:29:06: root                               EvaluationManager.py <_prstr>179 :  Average reward  = 14.19 +- 0.19
RESULTS:: 17:29:06: root                               EvaluationManager.py <_prstr>179 :  Average success = 100.00 +- 0.00
RESULTS:: 17:29:06: root                               EvaluationManager.py <_prstr>179 :  Average turns   = 5.81 +- 0.19
RESULTS:: 17:29:06: root                                      pydial <train_command>857 :  List of domains: CamRestaurants
RESULTS:: 17:29:06: root                                         pydial <trainBatch>445 :  *** Training Iteration env1-hdc-CR-seed8-00.2->env1-hdc-CR-seed8-00.3: iter=2, error-rate=0, num-dialogs=1000 ***
RESULTS:: 17:31:09: root                               EvaluationManager.py <_prstr>179 :  Results for domain: CamRestaurants --evaluated by: objective success evaluator
RESULTS:: 17:31:09: root                               EvaluationManager.py <_prstr>179 :  # of dialogues  = 1000
RESULTS:: 17:31:09: root                               EvaluationManager.py <_prstr>179 :  Average reward  = 14.08 +- 0.14
RESULTS:: 17:31:09: root                               EvaluationManager.py <_prstr>179 :  Average success = 100.00 +- 0.00
RESULTS:: 17:31:09: root                               EvaluationManager.py <_prstr>179 :  Average turns   = 5.92 +- 0.14
RESULTS:: 17:31:09: root                                      pydial <setEvalConfig>506 :  *** Evaluating env1-hdc-CR-seed8-00.3: error-rate=0 num-dialogs=500 ***
RESULTS:: 17:32:11: root                               EvaluationManager.py <_prstr>179 :  Results for domain: CamRestaurants --evaluated by: objective success evaluator
RESULTS:: 17:32:11: root                               EvaluationManager.py <_prstr>179 :  # of dialogues  = 500
RESULTS:: 17:32:11: root                               EvaluationManager.py <_prstr>179 :  Average reward  = 14.10 +- 0.18
RESULTS:: 17:32:11: root                               EvaluationManager.py <_prstr>179 :  Average success = 100.00 +- 0.00
RESULTS:: 17:32:11: root                               EvaluationManager.py <_prstr>179 :  Average turns   = 5.90 +- 0.18
RESULTS:: 17:32:11: root                                      pydial <train_command>857 :  List of domains: CamRestaurants
RESULTS:: 17:32:11: root                                         pydial <trainBatch>445 :  *** Training Iteration env1-hdc-CR-seed8-00.3->env1-hdc-CR-seed8-00.4: iter=3, error-rate=0, num-dialogs=1000 ***
RESULTS:: 17:34:16: root                               EvaluationManager.py <_prstr>179 :  Results for domain: CamRestaurants --evaluated by: objective success evaluator
RESULTS:: 17:34:16: root                               EvaluationManager.py <_prstr>179 :  # of dialogues  = 1000
RESULTS:: 17:34:16: root                               EvaluationManager.py <_prstr>179 :  Average reward  = 13.90 +- 0.15
RESULTS:: 17:34:16: root                               EvaluationManager.py <_prstr>179 :  Average success = 99.90 +- 0.20
RESULTS:: 17:34:16: root                               EvaluationManager.py <_prstr>179 :  Average turns   = 6.08 +- 0.14
RESULTS:: 17:34:16: root                                      pydial <train_command>869 :  List of domains: CamRestaurants
RESULTS:: 17:34:16: root                                      pydial <setEvalConfig>506 :  *** Evaluating env1-hdc-CR-seed8-00.4: error-rate=0 num-dialogs=500 ***
RESULTS:: 17:35:19: root                               EvaluationManager.py <_prstr>179 :  Results for domain: CamRestaurants --evaluated by: objective success evaluator
RESULTS:: 17:35:19: root                               EvaluationManager.py <_prstr>179 :  # of dialogues  = 500
RESULTS:: 17:35:19: root                               EvaluationManager.py <_prstr>179 :  Average reward  = 14.10 +- 0.18
RESULTS:: 17:35:19: root                               EvaluationManager.py <_prstr>179 :  Average success = 100.00 +- 0.00
RESULTS:: 17:35:19: root                               EvaluationManager.py <_prstr>179 :  Average turns   = 5.90 +- 0.18
RESULTS:: 17:35:19: root                                      pydial <train_command>875 :  *** Training complete. log: env1-hdc-CR-seed8-00.1-4.train.log - final policy is env1-hdc-CR-00-04
