RESULTS:: 09:04:07: root                                      pydial <train_command>857 :  List of domains: Laptops11
RESULTS:: 09:04:07: root                                         pydial <trainBatch>445 :  *** Training Iteration env1-hdc-LAP-seed8-00.0->env1-hdc-LAP-seed8-00.1: iter=0, error-rate=0, num-dialogs=1000 ***
RESULTS:: 09:07:55: root                               EvaluationManager.py <_prstr>179 :  Results for domain: Laptops11 --evaluated by: objective success evaluator
RESULTS:: 09:07:55: root                               EvaluationManager.py <_prstr>179 :  # of dialogues  = 1000
RESULTS:: 09:07:55: root                               EvaluationManager.py <_prstr>179 :  Average reward  = 11.90 +- 0.33
RESULTS:: 09:07:55: root                               EvaluationManager.py <_prstr>179 :  Average success = 97.40 +- 0.99
RESULTS:: 09:07:55: root                               EvaluationManager.py <_prstr>179 :  Average turns   = 7.58 +- 0.21
RESULTS:: 09:07:55: root                                      pydial <setEvalConfig>506 :  *** Evaluating env1-hdc-LAP-seed8-00.1: error-rate=0 num-dialogs=500 ***
RESULTS:: 09:09:49: root                               EvaluationManager.py <_prstr>179 :  Results for domain: Laptops11 --evaluated by: objective success evaluator
RESULTS:: 09:09:49: root                               EvaluationManager.py <_prstr>179 :  # of dialogues  = 500
RESULTS:: 09:09:49: root                               EvaluationManager.py <_prstr>179 :  Average reward  = 11.78 +- 0.47
RESULTS:: 09:09:49: root                               EvaluationManager.py <_prstr>179 :  Average success = 97.40 +- 1.40
RESULTS:: 09:09:49: root                               EvaluationManager.py <_prstr>179 :  Average turns   = 7.70 +- 0.31
RESULTS:: 09:09:49: root                                      pydial <train_command>857 :  List of domains: Laptops11
RESULTS:: 09:09:49: root                                         pydial <trainBatch>445 :  *** Training Iteration env1-hdc-LAP-seed8-00.1->env1-hdc-LAP-seed8-00.2: iter=1, error-rate=0, num-dialogs=1000 ***
RESULTS:: 09:13:33: root                               EvaluationManager.py <_prstr>179 :  Results for domain: Laptops11 --evaluated by: objective success evaluator
RESULTS:: 09:13:33: root                               EvaluationManager.py <_prstr>179 :  # of dialogues  = 1000
RESULTS:: 09:13:33: root                               EvaluationManager.py <_prstr>179 :  Average reward  = 12.04 +- 0.31
RESULTS:: 09:13:33: root                               EvaluationManager.py <_prstr>179 :  Average success = 97.60 +- 0.95
RESULTS:: 09:13:33: root                               EvaluationManager.py <_prstr>179 :  Average turns   = 7.48 +- 0.20
RESULTS:: 09:13:33: root                                      pydial <setEvalConfig>506 :  *** Evaluating env1-hdc-LAP-seed8-00.2: error-rate=0 num-dialogs=500 ***
RESULTS:: 09:15:28: root                               EvaluationManager.py <_prstr>179 :  Results for domain: Laptops11 --evaluated by: objective success evaluator
RESULTS:: 09:15:28: root                               EvaluationManager.py <_prstr>179 :  # of dialogues  = 500
RESULTS:: 09:15:28: root                               EvaluationManager.py <_prstr>179 :  Average reward  = 11.99 +- 0.40
RESULTS:: 09:15:28: root                               EvaluationManager.py <_prstr>179 :  Average success = 98.60 +- 1.03
RESULTS:: 09:15:28: root                               EvaluationManager.py <_prstr>179 :  Average turns   = 7.73 +- 0.30
RESULTS:: 09:15:28: root                                      pydial <train_command>857 :  List of domains: Laptops11
RESULTS:: 09:15:28: root                                         pydial <trainBatch>445 :  *** Training Iteration env1-hdc-LAP-seed8-00.2->env1-hdc-LAP-seed8-00.3: iter=2, error-rate=0, num-dialogs=1000 ***
RESULTS:: 09:19:15: root                               EvaluationManager.py <_prstr>179 :  Results for domain: Laptops11 --evaluated by: objective success evaluator
RESULTS:: 09:19:15: root                               EvaluationManager.py <_prstr>179 :  # of dialogues  = 1000
RESULTS:: 09:19:15: root                               EvaluationManager.py <_prstr>179 :  Average reward  = 11.81 +- 0.32
RESULTS:: 09:19:15: root                               EvaluationManager.py <_prstr>179 :  Average success = 97.20 +- 1.02
RESULTS:: 09:19:15: root                               EvaluationManager.py <_prstr>179 :  Average turns   = 7.62 +- 0.21
RESULTS:: 09:19:15: root                                      pydial <setEvalConfig>506 :  *** Evaluating env1-hdc-LAP-seed8-00.3: error-rate=0 num-dialogs=500 ***
RESULTS:: 09:21:15: root                               EvaluationManager.py <_prstr>179 :  Results for domain: Laptops11 --evaluated by: objective success evaluator
RESULTS:: 09:21:15: root                               EvaluationManager.py <_prstr>179 :  # of dialogues  = 500
RESULTS:: 09:21:15: root                               EvaluationManager.py <_prstr>179 :  Average reward  = 11.42 +- 0.51
RESULTS:: 09:21:15: root                               EvaluationManager.py <_prstr>179 :  Average success = 96.40 +- 1.64
RESULTS:: 09:21:15: root                               EvaluationManager.py <_prstr>179 :  Average turns   = 7.86 +- 0.30
RESULTS:: 09:21:15: root                                      pydial <train_command>857 :  List of domains: Laptops11
RESULTS:: 09:21:15: root                                         pydial <trainBatch>445 :  *** Training Iteration env1-hdc-LAP-seed8-00.3->env1-hdc-LAP-seed8-00.4: iter=3, error-rate=0, num-dialogs=1000 ***
RESULTS:: 09:25:03: root                               EvaluationManager.py <_prstr>179 :  Results for domain: Laptops11 --evaluated by: objective success evaluator
RESULTS:: 09:25:03: root                               EvaluationManager.py <_prstr>179 :  # of dialogues  = 1000
RESULTS:: 09:25:03: root                               EvaluationManager.py <_prstr>179 :  Average reward  = 12.05 +- 0.31
RESULTS:: 09:25:03: root                               EvaluationManager.py <_prstr>179 :  Average success = 97.90 +- 0.89
RESULTS:: 09:25:03: root                               EvaluationManager.py <_prstr>179 :  Average turns   = 7.53 +- 0.21
RESULTS:: 09:25:03: root                                      pydial <train_command>869 :  List of domains: Laptops11
RESULTS:: 09:25:03: root                                      pydial <setEvalConfig>506 :  *** Evaluating env1-hdc-LAP-seed8-00.4: error-rate=0 num-dialogs=500 ***
RESULTS:: 09:26:59: root                               EvaluationManager.py <_prstr>179 :  Results for domain: Laptops11 --evaluated by: objective success evaluator
RESULTS:: 09:26:59: root                               EvaluationManager.py <_prstr>179 :  # of dialogues  = 500
RESULTS:: 09:26:59: root                               EvaluationManager.py <_prstr>179 :  Average reward  = 11.93 +- 0.42
RESULTS:: 09:26:59: root                               EvaluationManager.py <_prstr>179 :  Average success = 97.60 +- 1.34
RESULTS:: 09:26:59: root                               EvaluationManager.py <_prstr>179 :  Average turns   = 7.59 +- 0.28
RESULTS:: 09:26:59: root                                      pydial <train_command>875 :  *** Training complete. log: env1-hdc-LAP-seed8-00.1-4.train.log - final policy is env1-hdc-LAP-00-04
