RESULTS:: 12:05:58: root                                      pydial <train_command>857 :  List of domains: SFRestaurants
RESULTS:: 12:05:58: root                                         pydial <trainBatch>445 :  *** Training Iteration env1-hdc-SFR-seed3-00.0->env1-hdc-SFR-seed3-00.1: iter=0, error-rate=0, num-dialogs=1000 ***
RESULTS:: 12:10:37: root                               EvaluationManager.py <_prstr>179 :  Results for domain: SFRestaurants --evaluated by: objective success evaluator
RESULTS:: 12:10:37: root                               EvaluationManager.py <_prstr>179 :  # of dialogues  = 1000
RESULTS:: 12:10:37: root                               EvaluationManager.py <_prstr>179 :  Average reward  = 12.28 +- 0.30
RESULTS:: 12:10:37: root                               EvaluationManager.py <_prstr>179 :  Average success = 97.70 +- 0.93
RESULTS:: 12:10:37: root                               EvaluationManager.py <_prstr>179 :  Average turns   = 7.26 +- 0.18
RESULTS:: 12:10:37: root                                      pydial <setEvalConfig>506 :  *** Evaluating env1-hdc-SFR-seed3-00.1: error-rate=0 num-dialogs=500 ***
RESULTS:: 12:12:59: root                               EvaluationManager.py <_prstr>179 :  Results for domain: SFRestaurants --evaluated by: objective success evaluator
RESULTS:: 12:12:59: root                               EvaluationManager.py <_prstr>179 :  # of dialogues  = 500
RESULTS:: 12:12:59: root                               EvaluationManager.py <_prstr>179 :  Average reward  = 12.34 +- 0.38
RESULTS:: 12:12:59: root                               EvaluationManager.py <_prstr>179 :  Average success = 98.40 +- 1.10
RESULTS:: 12:12:59: root                               EvaluationManager.py <_prstr>179 :  Average turns   = 7.34 +- 0.26
RESULTS:: 12:12:59: root                                      pydial <train_command>857 :  List of domains: SFRestaurants
RESULTS:: 12:12:59: root                                         pydial <trainBatch>445 :  *** Training Iteration env1-hdc-SFR-seed3-00.1->env1-hdc-SFR-seed3-00.2: iter=1, error-rate=0, num-dialogs=1000 ***
RESULTS:: 12:17:16: root                               EvaluationManager.py <_prstr>179 :  Results for domain: SFRestaurants --evaluated by: objective success evaluator
RESULTS:: 12:17:16: root                               EvaluationManager.py <_prstr>179 :  # of dialogues  = 1000
RESULTS:: 12:17:16: root                               EvaluationManager.py <_prstr>179 :  Average reward  = 12.88 +- 0.21
RESULTS:: 12:17:16: root                               EvaluationManager.py <_prstr>179 :  Average success = 99.30 +- 0.52
RESULTS:: 12:17:16: root                               EvaluationManager.py <_prstr>179 :  Average turns   = 6.98 +- 0.17
RESULTS:: 12:17:16: root                                      pydial <setEvalConfig>506 :  *** Evaluating env1-hdc-SFR-seed3-00.2: error-rate=0 num-dialogs=500 ***
RESULTS:: 12:19:28: root                               EvaluationManager.py <_prstr>179 :  Results for domain: SFRestaurants --evaluated by: objective success evaluator
RESULTS:: 12:19:28: root                               EvaluationManager.py <_prstr>179 :  # of dialogues  = 500
RESULTS:: 12:19:28: root                               EvaluationManager.py <_prstr>179 :  Average reward  = 12.39 +- 0.38
RESULTS:: 12:19:28: root                               EvaluationManager.py <_prstr>179 :  Average success = 98.20 +- 1.17
RESULTS:: 12:19:28: root                               EvaluationManager.py <_prstr>179 :  Average turns   = 7.25 +- 0.25
RESULTS:: 12:19:28: root                                      pydial <train_command>857 :  List of domains: SFRestaurants
RESULTS:: 12:19:28: root                                         pydial <trainBatch>445 :  *** Training Iteration env1-hdc-SFR-seed3-00.2->env1-hdc-SFR-seed3-00.3: iter=2, error-rate=0, num-dialogs=1000 ***
RESULTS:: 12:23:53: root                               EvaluationManager.py <_prstr>179 :  Results for domain: SFRestaurants --evaluated by: objective success evaluator
RESULTS:: 12:23:53: root                               EvaluationManager.py <_prstr>179 :  # of dialogues  = 1000
RESULTS:: 12:23:53: root                               EvaluationManager.py <_prstr>179 :  Average reward  = 12.30 +- 0.28
RESULTS:: 12:23:53: root                               EvaluationManager.py <_prstr>179 :  Average success = 97.70 +- 0.93
RESULTS:: 12:23:53: root                               EvaluationManager.py <_prstr>179 :  Average turns   = 7.24 +- 0.17
RESULTS:: 12:23:53: root                                      pydial <setEvalConfig>506 :  *** Evaluating env1-hdc-SFR-seed3-00.3: error-rate=0 num-dialogs=500 ***
RESULTS:: 12:26:04: root                               EvaluationManager.py <_prstr>179 :  Results for domain: SFRestaurants --evaluated by: objective success evaluator
RESULTS:: 12:26:04: root                               EvaluationManager.py <_prstr>179 :  # of dialogues  = 500
RESULTS:: 12:26:04: root                               EvaluationManager.py <_prstr>179 :  Average reward  = 12.51 +- 0.36
RESULTS:: 12:26:04: root                               EvaluationManager.py <_prstr>179 :  Average success = 98.20 +- 1.17
RESULTS:: 12:26:04: root                               EvaluationManager.py <_prstr>179 :  Average turns   = 7.13 +- 0.23
RESULTS:: 12:26:04: root                                      pydial <train_command>857 :  List of domains: SFRestaurants
RESULTS:: 12:26:04: root                                         pydial <trainBatch>445 :  *** Training Iteration env1-hdc-SFR-seed3-00.3->env1-hdc-SFR-seed3-00.4: iter=3, error-rate=0, num-dialogs=1000 ***
RESULTS:: 12:30:30: root                               EvaluationManager.py <_prstr>179 :  Results for domain: SFRestaurants --evaluated by: objective success evaluator
RESULTS:: 12:30:30: root                               EvaluationManager.py <_prstr>179 :  # of dialogues  = 1000
RESULTS:: 12:30:30: root                               EvaluationManager.py <_prstr>179 :  Average reward  = 12.21 +- 0.30
RESULTS:: 12:30:30: root                               EvaluationManager.py <_prstr>179 :  Average success = 97.40 +- 0.99
RESULTS:: 12:30:30: root                               EvaluationManager.py <_prstr>179 :  Average turns   = 7.27 +- 0.18
RESULTS:: 12:30:30: root                                      pydial <train_command>869 :  List of domains: SFRestaurants
RESULTS:: 12:30:30: root                                      pydial <setEvalConfig>506 :  *** Evaluating env1-hdc-SFR-seed3-00.4: error-rate=0 num-dialogs=500 ***
RESULTS:: 12:32:43: root                               EvaluationManager.py <_prstr>179 :  Results for domain: SFRestaurants --evaluated by: objective success evaluator
RESULTS:: 12:32:43: root                               EvaluationManager.py <_prstr>179 :  # of dialogues  = 500
RESULTS:: 12:32:43: root                               EvaluationManager.py <_prstr>179 :  Average reward  = 12.58 +- 0.35
RESULTS:: 12:32:43: root                               EvaluationManager.py <_prstr>179 :  Average success = 98.60 +- 1.03
RESULTS:: 12:32:43: root                               EvaluationManager.py <_prstr>179 :  Average turns   = 7.14 +- 0.24
RESULTS:: 12:32:43: root                                      pydial <train_command>875 :  *** Training complete. log: env1-hdc-SFR-seed3-00.1-4.train.log - final policy is env1-hdc-SFR-00-04
