RESULTS:: 05:57:57: root                                      pydial <train_command>857 :  List of domains: Laptops11
RESULTS:: 05:57:57: root                                         pydial <trainBatch>445 :  *** Training Iteration env1-hdc-LAP-seed7-00.0->env1-hdc-LAP-seed7-00.1: iter=0, error-rate=0, num-dialogs=1000 ***
RESULTS:: 08:44:50: root                               EvaluationManager.py <_prstr>179 :  Results for domain: Laptops11 --evaluated by: objective success evaluator
RESULTS:: 08:44:50: root                               EvaluationManager.py <_prstr>179 :  # of dialogues  = 1000
RESULTS:: 08:44:50: root                               EvaluationManager.py <_prstr>179 :  Average reward  = 11.84 +- 0.32
RESULTS:: 08:44:50: root                               EvaluationManager.py <_prstr>179 :  Average success = 97.40 +- 0.99
RESULTS:: 08:44:50: root                               EvaluationManager.py <_prstr>179 :  Average turns   = 7.64 +- 0.20
RESULTS:: 08:44:50: root                                      pydial <setEvalConfig>506 :  *** Evaluating env1-hdc-LAP-seed7-00.1: error-rate=0 num-dialogs=500 ***
RESULTS:: 08:46:45: root                               EvaluationManager.py <_prstr>179 :  Results for domain: Laptops11 --evaluated by: objective success evaluator
RESULTS:: 08:46:45: root                               EvaluationManager.py <_prstr>179 :  # of dialogues  = 500
RESULTS:: 08:46:45: root                               EvaluationManager.py <_prstr>179 :  Average reward  = 11.98 +- 0.42
RESULTS:: 08:46:45: root                               EvaluationManager.py <_prstr>179 :  Average success = 98.40 +- 1.10
RESULTS:: 08:46:45: root                               EvaluationManager.py <_prstr>179 :  Average turns   = 7.70 +- 0.29
RESULTS:: 08:46:45: root                                      pydial <train_command>857 :  List of domains: Laptops11
RESULTS:: 08:46:45: root                                         pydial <trainBatch>445 :  *** Training Iteration env1-hdc-LAP-seed7-00.1->env1-hdc-LAP-seed7-00.2: iter=1, error-rate=0, num-dialogs=1000 ***
RESULTS:: 08:50:37: root                               EvaluationManager.py <_prstr>179 :  Results for domain: Laptops11 --evaluated by: objective success evaluator
RESULTS:: 08:50:37: root                               EvaluationManager.py <_prstr>179 :  # of dialogues  = 1000
RESULTS:: 08:50:37: root                               EvaluationManager.py <_prstr>179 :  Average reward  = 11.90 +- 0.32
RESULTS:: 08:50:37: root                               EvaluationManager.py <_prstr>179 :  Average success = 97.30 +- 1.01
RESULTS:: 08:50:37: root                               EvaluationManager.py <_prstr>179 :  Average turns   = 7.55 +- 0.21
RESULTS:: 08:50:37: root                                      pydial <setEvalConfig>506 :  *** Evaluating env1-hdc-LAP-seed7-00.2: error-rate=0 num-dialogs=500 ***
RESULTS:: 08:52:32: root                               EvaluationManager.py <_prstr>179 :  Results for domain: Laptops11 --evaluated by: objective success evaluator
RESULTS:: 08:52:32: root                               EvaluationManager.py <_prstr>179 :  # of dialogues  = 500
RESULTS:: 08:52:32: root                               EvaluationManager.py <_prstr>179 :  Average reward  = 11.33 +- 0.56
RESULTS:: 08:52:32: root                               EvaluationManager.py <_prstr>179 :  Average success = 95.60 +- 1.80
RESULTS:: 08:52:32: root                               EvaluationManager.py <_prstr>179 :  Average turns   = 7.79 +- 0.32
RESULTS:: 08:52:32: root                                      pydial <train_command>857 :  List of domains: Laptops11
RESULTS:: 08:52:32: root                                         pydial <trainBatch>445 :  *** Training Iteration env1-hdc-LAP-seed7-00.2->env1-hdc-LAP-seed7-00.3: iter=2, error-rate=0, num-dialogs=1000 ***
RESULTS:: 08:56:28: root                               EvaluationManager.py <_prstr>179 :  Results for domain: Laptops11 --evaluated by: objective success evaluator
RESULTS:: 08:56:28: root                               EvaluationManager.py <_prstr>179 :  # of dialogues  = 1000
RESULTS:: 08:56:28: root                               EvaluationManager.py <_prstr>179 :  Average reward  = 11.91 +- 0.28
RESULTS:: 08:56:28: root                               EvaluationManager.py <_prstr>179 :  Average success = 98.10 +- 0.85
RESULTS:: 08:56:28: root                               EvaluationManager.py <_prstr>179 :  Average turns   = 7.71 +- 0.20
RESULTS:: 08:56:28: root                                      pydial <setEvalConfig>506 :  *** Evaluating env1-hdc-LAP-seed7-00.3: error-rate=0 num-dialogs=500 ***
RESULTS:: 08:58:28: root                               EvaluationManager.py <_prstr>179 :  Results for domain: Laptops11 --evaluated by: objective success evaluator
RESULTS:: 08:58:28: root                               EvaluationManager.py <_prstr>179 :  # of dialogues  = 500
RESULTS:: 08:58:28: root                               EvaluationManager.py <_prstr>179 :  Average reward  = 11.67 +- 0.46
RESULTS:: 08:58:28: root                               EvaluationManager.py <_prstr>179 :  Average success = 97.00 +- 1.50
RESULTS:: 08:58:28: root                               EvaluationManager.py <_prstr>179 :  Average turns   = 7.73 +- 0.29
RESULTS:: 08:58:28: root                                      pydial <train_command>857 :  List of domains: Laptops11
RESULTS:: 08:58:28: root                                         pydial <trainBatch>445 :  *** Training Iteration env1-hdc-LAP-seed7-00.3->env1-hdc-LAP-seed7-00.4: iter=3, error-rate=0, num-dialogs=1000 ***
RESULTS:: 09:02:12: root                               EvaluationManager.py <_prstr>179 :  Results for domain: Laptops11 --evaluated by: objective success evaluator
RESULTS:: 09:02:12: root                               EvaluationManager.py <_prstr>179 :  # of dialogues  = 1000
RESULTS:: 09:02:12: root                               EvaluationManager.py <_prstr>179 :  Average reward  = 11.93 +- 0.35
RESULTS:: 09:02:12: root                               EvaluationManager.py <_prstr>179 :  Average success = 96.80 +- 1.09
RESULTS:: 09:02:12: root                               EvaluationManager.py <_prstr>179 :  Average turns   = 7.43 +- 0.21
RESULTS:: 09:02:12: root                                      pydial <train_command>869 :  List of domains: Laptops11
RESULTS:: 09:02:12: root                                      pydial <setEvalConfig>506 :  *** Evaluating env1-hdc-LAP-seed7-00.4: error-rate=0 num-dialogs=500 ***
RESULTS:: 09:04:07: root                               EvaluationManager.py <_prstr>179 :  Results for domain: Laptops11 --evaluated by: objective success evaluator
RESULTS:: 09:04:07: root                               EvaluationManager.py <_prstr>179 :  # of dialogues  = 500
RESULTS:: 09:04:07: root                               EvaluationManager.py <_prstr>179 :  Average reward  = 11.82 +- 0.47
RESULTS:: 09:04:07: root                               EvaluationManager.py <_prstr>179 :  Average success = 97.00 +- 1.50
RESULTS:: 09:04:07: root                               EvaluationManager.py <_prstr>179 :  Average turns   = 7.58 +- 0.29
RESULTS:: 09:04:07: root                                      pydial <train_command>875 :  *** Training complete. log: env1-hdc-LAP-seed7-00.1-4.train.log - final policy is env1-hdc-LAP-00-04
