RESULTS:: 16:07:54: root                                      pydial <train_command>857 :  List of domains: CamRestaurants
RESULTS:: 16:07:54: root                                         pydial <trainBatch>445 :  *** Training Iteration env1-hdc-CR-seed2-00.0->env1-hdc-CR-seed2-00.1: iter=0, error-rate=0, num-dialogs=1000 ***
RESULTS:: 16:10:01: root                               EvaluationManager.py <_prstr>179 :  Results for domain: CamRestaurants --evaluated by: objective success evaluator
RESULTS:: 16:10:01: root                               EvaluationManager.py <_prstr>179 :  # of dialogues  = 1000
RESULTS:: 16:10:01: root                               EvaluationManager.py <_prstr>179 :  Average reward  = 14.10 +- 0.13
RESULTS:: 16:10:01: root                               EvaluationManager.py <_prstr>179 :  Average success = 100.00 +- 0.00
RESULTS:: 16:10:01: root                               EvaluationManager.py <_prstr>179 :  Average turns   = 5.90 +- 0.13
RESULTS:: 16:10:01: root                                      pydial <setEvalConfig>506 :  *** Evaluating env1-hdc-CR-seed2-00.1: error-rate=0 num-dialogs=500 ***
RESULTS:: 16:11:05: root                               EvaluationManager.py <_prstr>179 :  Results for domain: CamRestaurants --evaluated by: objective success evaluator
RESULTS:: 16:11:05: root                               EvaluationManager.py <_prstr>179 :  # of dialogues  = 500
RESULTS:: 16:11:05: root                               EvaluationManager.py <_prstr>179 :  Average reward  = 14.09 +- 0.20
RESULTS:: 16:11:05: root                               EvaluationManager.py <_prstr>179 :  Average success = 100.00 +- 0.00
RESULTS:: 16:11:05: root                               EvaluationManager.py <_prstr>179 :  Average turns   = 5.91 +- 0.20
RESULTS:: 16:11:05: root                                      pydial <train_command>857 :  List of domains: CamRestaurants
RESULTS:: 16:11:05: root                                         pydial <trainBatch>445 :  *** Training Iteration env1-hdc-CR-seed2-00.1->env1-hdc-CR-seed2-00.2: iter=1, error-rate=0, num-dialogs=1000 ***
RESULTS:: 16:13:14: root                               EvaluationManager.py <_prstr>179 :  Results for domain: CamRestaurants --evaluated by: objective success evaluator
RESULTS:: 16:13:14: root                               EvaluationManager.py <_prstr>179 :  # of dialogues  = 1000
RESULTS:: 16:13:14: root                               EvaluationManager.py <_prstr>179 :  Average reward  = 14.06 +- 0.13
RESULTS:: 16:13:14: root                               EvaluationManager.py <_prstr>179 :  Average success = 100.00 +- 0.00
RESULTS:: 16:13:14: root                               EvaluationManager.py <_prstr>179 :  Average turns   = 5.94 +- 0.13
RESULTS:: 16:13:14: root                                      pydial <setEvalConfig>506 :  *** Evaluating env1-hdc-CR-seed2-00.2: error-rate=0 num-dialogs=500 ***
RESULTS:: 16:14:17: root                               EvaluationManager.py <_prstr>179 :  Results for domain: CamRestaurants --evaluated by: objective success evaluator
RESULTS:: 16:14:17: root                               EvaluationManager.py <_prstr>179 :  # of dialogues  = 500
RESULTS:: 16:14:17: root                               EvaluationManager.py <_prstr>179 :  Average reward  = 14.10 +- 0.18
RESULTS:: 16:14:17: root                               EvaluationManager.py <_prstr>179 :  Average success = 100.00 +- 0.00
RESULTS:: 16:14:17: root                               EvaluationManager.py <_prstr>179 :  Average turns   = 5.90 +- 0.18
RESULTS:: 16:14:17: root                                      pydial <train_command>857 :  List of domains: CamRestaurants
RESULTS:: 16:14:17: root                                         pydial <trainBatch>445 :  *** Training Iteration env1-hdc-CR-seed2-00.2->env1-hdc-CR-seed2-00.3: iter=2, error-rate=0, num-dialogs=1000 ***
RESULTS:: 16:16:28: root                               EvaluationManager.py <_prstr>179 :  Results for domain: CamRestaurants --evaluated by: objective success evaluator
RESULTS:: 16:16:28: root                               EvaluationManager.py <_prstr>179 :  # of dialogues  = 1000
RESULTS:: 16:16:28: root                               EvaluationManager.py <_prstr>179 :  Average reward  = 13.96 +- 0.13
RESULTS:: 16:16:28: root                               EvaluationManager.py <_prstr>179 :  Average success = 100.00 +- 0.00
RESULTS:: 16:16:28: root                               EvaluationManager.py <_prstr>179 :  Average turns   = 6.04 +- 0.13
RESULTS:: 16:16:28: root                                      pydial <setEvalConfig>506 :  *** Evaluating env1-hdc-CR-seed2-00.3: error-rate=0 num-dialogs=500 ***
RESULTS:: 16:17:32: root                               EvaluationManager.py <_prstr>179 :  Results for domain: CamRestaurants --evaluated by: objective success evaluator
RESULTS:: 16:17:32: root                               EvaluationManager.py <_prstr>179 :  # of dialogues  = 500
RESULTS:: 16:17:32: root                               EvaluationManager.py <_prstr>179 :  Average reward  = 14.09 +- 0.19
RESULTS:: 16:17:32: root                               EvaluationManager.py <_prstr>179 :  Average success = 100.00 +- 0.00
RESULTS:: 16:17:32: root                               EvaluationManager.py <_prstr>179 :  Average turns   = 5.91 +- 0.19
RESULTS:: 16:17:32: root                                      pydial <train_command>857 :  List of domains: CamRestaurants
RESULTS:: 16:17:32: root                                         pydial <trainBatch>445 :  *** Training Iteration env1-hdc-CR-seed2-00.3->env1-hdc-CR-seed2-00.4: iter=3, error-rate=0, num-dialogs=1000 ***
RESULTS:: 16:19:39: root                               EvaluationManager.py <_prstr>179 :  Results for domain: CamRestaurants --evaluated by: objective success evaluator
RESULTS:: 16:19:39: root                               EvaluationManager.py <_prstr>179 :  # of dialogues  = 1000
RESULTS:: 16:19:39: root                               EvaluationManager.py <_prstr>179 :  Average reward  = 14.07 +- 0.13
RESULTS:: 16:19:39: root                               EvaluationManager.py <_prstr>179 :  Average success = 100.00 +- 0.00
RESULTS:: 16:19:39: root                               EvaluationManager.py <_prstr>179 :  Average turns   = 5.93 +- 0.13
RESULTS:: 16:19:39: root                                      pydial <train_command>869 :  List of domains: CamRestaurants
RESULTS:: 16:19:39: root                                      pydial <setEvalConfig>506 :  *** Evaluating env1-hdc-CR-seed2-00.4: error-rate=0 num-dialogs=500 ***
RESULTS:: 16:20:44: root                               EvaluationManager.py <_prstr>179 :  Results for domain: CamRestaurants --evaluated by: objective success evaluator
RESULTS:: 16:20:44: root                               EvaluationManager.py <_prstr>179 :  # of dialogues  = 500
RESULTS:: 16:20:44: root                               EvaluationManager.py <_prstr>179 :  Average reward  = 13.97 +- 0.19
RESULTS:: 16:20:44: root                               EvaluationManager.py <_prstr>179 :  Average success = 100.00 +- 0.00
RESULTS:: 16:20:44: root                               EvaluationManager.py <_prstr>179 :  Average turns   = 6.03 +- 0.19
RESULTS:: 16:20:44: root                                      pydial <train_command>875 :  *** Training complete. log: env1-hdc-CR-seed2-00.1-4.train.log - final policy is env1-hdc-CR-00-04
