RESULTS:: 22:08:25: root                                      pydial <train_command>857 :  List of domains: SFRestaurants
RESULTS:: 22:08:25: root                                         pydial <trainBatch>445 :  *** Training Iteration env6-hdc-SFR-seed3-30.0->env6-hdc-SFR-seed3-30.1: iter=0, error-rate=30, num-dialogs=1000 ***
RESULTS:: 22:14:02: root                               EvaluationManager.py <_prstr>179 :  Results for domain: SFRestaurants --evaluated by: objective success evaluator
RESULTS:: 22:14:02: root                               EvaluationManager.py <_prstr>179 :  # of dialogues  = 1000
RESULTS:: 22:14:02: root                               EvaluationManager.py <_prstr>179 :  Average reward  = 6.34 +- 0.58
RESULTS:: 22:14:02: root                               EvaluationManager.py <_prstr>179 :  Average success = 80.10 +- 2.48
RESULTS:: 22:14:02: root                               EvaluationManager.py <_prstr>179 :  Average turns   = 9.68 +- 0.24
RESULTS:: 22:14:02: root                                      pydial <setEvalConfig>506 :  *** Evaluating env6-hdc-SFR-seed3-30.1: error-rate=30 num-dialogs=500 ***
RESULTS:: 22:16:52: root                               EvaluationManager.py <_prstr>179 :  Results for domain: SFRestaurants --evaluated by: objective success evaluator
RESULTS:: 22:16:52: root                               EvaluationManager.py <_prstr>179 :  # of dialogues  = 500
RESULTS:: 22:16:52: root                               EvaluationManager.py <_prstr>179 :  Average reward  = 6.52 +- 0.79
RESULTS:: 22:16:52: root                               EvaluationManager.py <_prstr>179 :  Average success = 80.60 +- 3.47
RESULTS:: 22:16:52: root                               EvaluationManager.py <_prstr>179 :  Average turns   = 9.60 +- 0.33
RESULTS:: 22:16:52: root                                      pydial <train_command>857 :  List of domains: SFRestaurants
RESULTS:: 22:16:52: root                                         pydial <trainBatch>445 :  *** Training Iteration env6-hdc-SFR-seed3-30.1->env6-hdc-SFR-seed3-30.2: iter=1, error-rate=30, num-dialogs=1000 ***
RESULTS:: 22:22:25: root                               EvaluationManager.py <_prstr>179 :  Results for domain: SFRestaurants --evaluated by: objective success evaluator
RESULTS:: 22:22:25: root                               EvaluationManager.py <_prstr>179 :  # of dialogues  = 1000
RESULTS:: 22:22:25: root                               EvaluationManager.py <_prstr>179 :  Average reward  = 6.97 +- 0.57
RESULTS:: 22:22:25: root                               EvaluationManager.py <_prstr>179 :  Average success = 82.50 +- 2.36
RESULTS:: 22:22:25: root                               EvaluationManager.py <_prstr>179 :  Average turns   = 9.53 +- 0.24
RESULTS:: 22:22:25: root                                      pydial <setEvalConfig>506 :  *** Evaluating env6-hdc-SFR-seed3-30.2: error-rate=30 num-dialogs=500 ***
RESULTS:: 22:25:21: root                               EvaluationManager.py <_prstr>179 :  Results for domain: SFRestaurants --evaluated by: objective success evaluator
RESULTS:: 22:25:21: root                               EvaluationManager.py <_prstr>179 :  # of dialogues  = 500
RESULTS:: 22:25:21: root                               EvaluationManager.py <_prstr>179 :  Average reward  = 6.33 +- 0.85
RESULTS:: 22:25:21: root                               EvaluationManager.py <_prstr>179 :  Average success = 80.20 +- 3.50
RESULTS:: 22:25:21: root                               EvaluationManager.py <_prstr>179 :  Average turns   = 9.71 +- 0.38
RESULTS:: 22:25:21: root                                      pydial <train_command>857 :  List of domains: SFRestaurants
RESULTS:: 22:25:21: root                                         pydial <trainBatch>445 :  *** Training Iteration env6-hdc-SFR-seed3-30.2->env6-hdc-SFR-seed3-30.3: iter=2, error-rate=30, num-dialogs=1000 ***
RESULTS:: 22:30:43: root                               EvaluationManager.py <_prstr>179 :  Results for domain: SFRestaurants --evaluated by: objective success evaluator
RESULTS:: 22:30:43: root                               EvaluationManager.py <_prstr>179 :  # of dialogues  = 1000
RESULTS:: 22:30:43: root                               EvaluationManager.py <_prstr>179 :  Average reward  = 6.96 +- 0.57
RESULTS:: 22:30:43: root                               EvaluationManager.py <_prstr>179 :  Average success = 81.60 +- 2.40
RESULTS:: 22:30:43: root                               EvaluationManager.py <_prstr>179 :  Average turns   = 9.36 +- 0.23
RESULTS:: 22:30:43: root                                      pydial <setEvalConfig>506 :  *** Evaluating env6-hdc-SFR-seed3-30.3: error-rate=30 num-dialogs=500 ***
RESULTS:: 22:33:33: root                               EvaluationManager.py <_prstr>179 :  Results for domain: SFRestaurants --evaluated by: objective success evaluator
RESULTS:: 22:33:33: root                               EvaluationManager.py <_prstr>179 :  # of dialogues  = 500
RESULTS:: 22:33:33: root                               EvaluationManager.py <_prstr>179 :  Average reward  = 6.52 +- 0.81
RESULTS:: 22:33:33: root                               EvaluationManager.py <_prstr>179 :  Average success = 80.20 +- 3.50
RESULTS:: 22:33:33: root                               EvaluationManager.py <_prstr>179 :  Average turns   = 9.52 +- 0.35
RESULTS:: 22:33:33: root                                      pydial <train_command>857 :  List of domains: SFRestaurants
RESULTS:: 22:33:33: root                                         pydial <trainBatch>445 :  *** Training Iteration env6-hdc-SFR-seed3-30.3->env6-hdc-SFR-seed3-30.4: iter=3, error-rate=30, num-dialogs=1000 ***
RESULTS:: 22:38:56: root                               EvaluationManager.py <_prstr>179 :  Results for domain: SFRestaurants --evaluated by: objective success evaluator
RESULTS:: 22:38:56: root                               EvaluationManager.py <_prstr>179 :  # of dialogues  = 1000
RESULTS:: 22:38:56: root                               EvaluationManager.py <_prstr>179 :  Average reward  = 6.58 +- 0.58
RESULTS:: 22:38:56: root                               EvaluationManager.py <_prstr>179 :  Average success = 81.20 +- 2.42
RESULTS:: 22:38:56: root                               EvaluationManager.py <_prstr>179 :  Average turns   = 9.66 +- 0.25
RESULTS:: 22:38:56: root                                      pydial <train_command>869 :  List of domains: SFRestaurants
RESULTS:: 22:38:56: root                                      pydial <setEvalConfig>506 :  *** Evaluating env6-hdc-SFR-seed3-30.4: error-rate=30 num-dialogs=500 ***
RESULTS:: 22:41:39: root                               EvaluationManager.py <_prstr>179 :  Results for domain: SFRestaurants --evaluated by: objective success evaluator
RESULTS:: 22:41:39: root                               EvaluationManager.py <_prstr>179 :  # of dialogues  = 500
RESULTS:: 22:41:39: root                               EvaluationManager.py <_prstr>179 :  Average reward  = 6.72 +- 0.81
RESULTS:: 22:41:39: root                               EvaluationManager.py <_prstr>179 :  Average success = 81.60 +- 3.40
RESULTS:: 22:41:39: root                               EvaluationManager.py <_prstr>179 :  Average turns   = 9.60 +- 0.36
RESULTS:: 22:41:39: root                                      pydial <train_command>875 :  *** Training complete. log: env6-hdc-SFR-seed3-30.1-4.train.log - final policy is env6-hdc-SFR-30-04
