RESULTS:: 20:27:53: root                                      pydial <train_command>857 :  List of domains: SFRestaurants
RESULTS:: 20:27:53: root                                         pydial <trainBatch>445 :  *** Training Iteration env6-hdc-SFR-seed0-30.0->env6-hdc-SFR-seed0-30.1: iter=0, error-rate=30, num-dialogs=1000 ***
RESULTS:: 20:33:34: root                               EvaluationManager.py <_prstr>179 :  Results for domain: SFRestaurants --evaluated by: objective success evaluator
RESULTS:: 20:33:34: root                               EvaluationManager.py <_prstr>179 :  # of dialogues  = 1000
RESULTS:: 20:33:34: root                               EvaluationManager.py <_prstr>179 :  Average reward  = 5.90 +- 0.62
RESULTS:: 20:33:34: root                               EvaluationManager.py <_prstr>179 :  Average success = 78.90 +- 2.53
RESULTS:: 20:33:34: root                               EvaluationManager.py <_prstr>179 :  Average turns   = 9.88 +- 0.26
RESULTS:: 20:33:34: root                                      pydial <setEvalConfig>506 :  *** Evaluating env6-hdc-SFR-seed0-30.1: error-rate=30 num-dialogs=500 ***
RESULTS:: 20:36:24: root                               EvaluationManager.py <_prstr>179 :  Results for domain: SFRestaurants --evaluated by: objective success evaluator
RESULTS:: 20:36:24: root                               EvaluationManager.py <_prstr>179 :  # of dialogues  = 500
RESULTS:: 20:36:24: root                               EvaluationManager.py <_prstr>179 :  Average reward  = 6.72 +- 0.80
RESULTS:: 20:36:24: root                               EvaluationManager.py <_prstr>179 :  Average success = 81.60 +- 3.40
RESULTS:: 20:36:24: root                               EvaluationManager.py <_prstr>179 :  Average turns   = 9.60 +- 0.32
RESULTS:: 20:36:24: root                                      pydial <train_command>857 :  List of domains: SFRestaurants
RESULTS:: 20:36:24: root                                         pydial <trainBatch>445 :  *** Training Iteration env6-hdc-SFR-seed0-30.1->env6-hdc-SFR-seed0-30.2: iter=1, error-rate=30, num-dialogs=1000 ***
RESULTS:: 20:41:58: root                               EvaluationManager.py <_prstr>179 :  Results for domain: SFRestaurants --evaluated by: objective success evaluator
RESULTS:: 20:41:58: root                               EvaluationManager.py <_prstr>179 :  # of dialogues  = 1000
RESULTS:: 20:41:58: root                               EvaluationManager.py <_prstr>179 :  Average reward  = 5.82 +- 0.61
RESULTS:: 20:41:58: root                               EvaluationManager.py <_prstr>179 :  Average success = 79.50 +- 2.51
RESULTS:: 20:41:58: root                               EvaluationManager.py <_prstr>179 :  Average turns   = 10.08 +- 0.28
RESULTS:: 20:41:58: root                                      pydial <setEvalConfig>506 :  *** Evaluating env6-hdc-SFR-seed0-30.2: error-rate=30 num-dialogs=500 ***
RESULTS:: 20:44:52: root                               EvaluationManager.py <_prstr>179 :  Results for domain: SFRestaurants --evaluated by: objective success evaluator
RESULTS:: 20:44:52: root                               EvaluationManager.py <_prstr>179 :  # of dialogues  = 500
RESULTS:: 20:44:52: root                               EvaluationManager.py <_prstr>179 :  Average reward  = 6.57 +- 0.85
RESULTS:: 20:44:52: root                               EvaluationManager.py <_prstr>179 :  Average success = 81.80 +- 3.39
RESULTS:: 20:44:52: root                               EvaluationManager.py <_prstr>179 :  Average turns   = 9.79 +- 0.38
RESULTS:: 20:44:52: root                                      pydial <train_command>857 :  List of domains: SFRestaurants
RESULTS:: 20:44:52: root                                         pydial <trainBatch>445 :  *** Training Iteration env6-hdc-SFR-seed0-30.2->env6-hdc-SFR-seed0-30.3: iter=2, error-rate=30, num-dialogs=1000 ***
RESULTS:: 20:50:26: root                               EvaluationManager.py <_prstr>179 :  Results for domain: SFRestaurants --evaluated by: objective success evaluator
RESULTS:: 20:50:26: root                               EvaluationManager.py <_prstr>179 :  # of dialogues  = 1000
RESULTS:: 20:50:26: root                               EvaluationManager.py <_prstr>179 :  Average reward  = 6.37 +- 0.60
RESULTS:: 20:50:26: root                               EvaluationManager.py <_prstr>179 :  Average success = 81.10 +- 2.43
RESULTS:: 20:50:26: root                               EvaluationManager.py <_prstr>179 :  Average turns   = 9.85 +- 0.27
RESULTS:: 20:50:26: root                                      pydial <setEvalConfig>506 :  *** Evaluating env6-hdc-SFR-seed0-30.3: error-rate=30 num-dialogs=500 ***
RESULTS:: 20:53:12: root                               EvaluationManager.py <_prstr>179 :  Results for domain: SFRestaurants --evaluated by: objective success evaluator
RESULTS:: 20:53:12: root                               EvaluationManager.py <_prstr>179 :  # of dialogues  = 500
RESULTS:: 20:53:12: root                               EvaluationManager.py <_prstr>179 :  Average reward  = 5.57 +- 0.86
RESULTS:: 20:53:12: root                               EvaluationManager.py <_prstr>179 :  Average success = 77.80 +- 3.65
RESULTS:: 20:53:12: root                               EvaluationManager.py <_prstr>179 :  Average turns   = 9.99 +- 0.36
RESULTS:: 20:53:12: root                                      pydial <train_command>857 :  List of domains: SFRestaurants
RESULTS:: 20:53:12: root                                         pydial <trainBatch>445 :  *** Training Iteration env6-hdc-SFR-seed0-30.3->env6-hdc-SFR-seed0-30.4: iter=3, error-rate=30, num-dialogs=1000 ***
RESULTS:: 20:58:38: root                               EvaluationManager.py <_prstr>179 :  Results for domain: SFRestaurants --evaluated by: objective success evaluator
RESULTS:: 20:58:38: root                               EvaluationManager.py <_prstr>179 :  # of dialogues  = 1000
RESULTS:: 20:58:38: root                               EvaluationManager.py <_prstr>179 :  Average reward  = 5.81 +- 0.61
RESULTS:: 20:58:38: root                               EvaluationManager.py <_prstr>179 :  Average success = 79.10 +- 2.52
RESULTS:: 20:58:38: root                               EvaluationManager.py <_prstr>179 :  Average turns   = 10.01 +- 0.27
RESULTS:: 20:58:38: root                                      pydial <train_command>869 :  List of domains: SFRestaurants
RESULTS:: 20:58:38: root                                      pydial <setEvalConfig>506 :  *** Evaluating env6-hdc-SFR-seed0-30.4: error-rate=30 num-dialogs=500 ***
RESULTS:: 21:01:22: root                               EvaluationManager.py <_prstr>179 :  Results for domain: SFRestaurants --evaluated by: objective success evaluator
RESULTS:: 21:01:22: root                               EvaluationManager.py <_prstr>179 :  # of dialogues  = 500
RESULTS:: 21:01:22: root                               EvaluationManager.py <_prstr>179 :  Average reward  = 5.79 +- 0.85
RESULTS:: 21:01:22: root                               EvaluationManager.py <_prstr>179 :  Average success = 76.40 +- 3.73
RESULTS:: 21:01:22: root                               EvaluationManager.py <_prstr>179 :  Average turns   = 9.49 +- 0.33
RESULTS:: 21:01:22: root                                      pydial <train_command>875 :  *** Training complete. log: env6-hdc-SFR-seed0-30.1-4.train.log - final policy is env6-hdc-SFR-30-04
