RESULTS:: 10:01:51: root                                      pydial <train_command>857 :  List of domains: SFRestaurants
RESULTS:: 10:01:51: root                                         pydial <trainBatch>445 :  *** Training Iteration env6-hdc-SFR-seed6-30.0->env6-hdc-SFR-seed6-30.1: iter=0, error-rate=30, num-dialogs=1000 ***
RESULTS:: 10:07:36: root                               EvaluationManager.py <_prstr>179 :  Results for domain: SFRestaurants --evaluated by: objective success evaluator
RESULTS:: 10:07:36: root                               EvaluationManager.py <_prstr>179 :  # of dialogues  = 1000
RESULTS:: 10:07:36: root                               EvaluationManager.py <_prstr>179 :  Average reward  = 6.21 +- 0.61
RESULTS:: 10:07:36: root                               EvaluationManager.py <_prstr>179 :  Average success = 79.60 +- 2.50
RESULTS:: 10:07:36: root                               EvaluationManager.py <_prstr>179 :  Average turns   = 9.71 +- 0.27
RESULTS:: 10:07:36: root                                      pydial <setEvalConfig>506 :  *** Evaluating env6-hdc-SFR-seed6-30.1: error-rate=30 num-dialogs=500 ***
RESULTS:: 10:10:24: root                               EvaluationManager.py <_prstr>179 :  Results for domain: SFRestaurants --evaluated by: objective success evaluator
RESULTS:: 10:10:24: root                               EvaluationManager.py <_prstr>179 :  # of dialogues  = 500
RESULTS:: 10:10:24: root                               EvaluationManager.py <_prstr>179 :  Average reward  = 6.46 +- 0.88
RESULTS:: 10:10:24: root                               EvaluationManager.py <_prstr>179 :  Average success = 79.20 +- 3.57
RESULTS:: 10:10:24: root                               EvaluationManager.py <_prstr>179 :  Average turns   = 9.38 +- 0.38
RESULTS:: 10:10:24: root                                      pydial <train_command>857 :  List of domains: SFRestaurants
RESULTS:: 10:10:24: root                                         pydial <trainBatch>445 :  *** Training Iteration env6-hdc-SFR-seed6-30.1->env6-hdc-SFR-seed6-30.2: iter=1, error-rate=30, num-dialogs=1000 ***
RESULTS:: 10:16:08: root                               EvaluationManager.py <_prstr>179 :  Results for domain: SFRestaurants --evaluated by: objective success evaluator
RESULTS:: 10:16:08: root                               EvaluationManager.py <_prstr>179 :  # of dialogues  = 1000
RESULTS:: 10:16:08: root                               EvaluationManager.py <_prstr>179 :  Average reward  = 5.58 +- 0.63
RESULTS:: 10:16:08: root                               EvaluationManager.py <_prstr>179 :  Average success = 78.10 +- 2.57
RESULTS:: 10:16:08: root                               EvaluationManager.py <_prstr>179 :  Average turns   = 10.04 +- 0.28
RESULTS:: 10:16:08: root                                      pydial <setEvalConfig>506 :  *** Evaluating env6-hdc-SFR-seed6-30.2: error-rate=30 num-dialogs=500 ***
RESULTS:: 10:18:58: root                               EvaluationManager.py <_prstr>179 :  Results for domain: SFRestaurants --evaluated by: objective success evaluator
RESULTS:: 10:18:58: root                               EvaluationManager.py <_prstr>179 :  # of dialogues  = 500
RESULTS:: 10:18:58: root                               EvaluationManager.py <_prstr>179 :  Average reward  = 6.88 +- 0.79
RESULTS:: 10:18:58: root                               EvaluationManager.py <_prstr>179 :  Average success = 81.20 +- 3.43
RESULTS:: 10:18:58: root                               EvaluationManager.py <_prstr>179 :  Average turns   = 9.36 +- 0.33
RESULTS:: 10:18:58: root                                      pydial <train_command>857 :  List of domains: SFRestaurants
RESULTS:: 10:18:58: root                                         pydial <trainBatch>445 :  *** Training Iteration env6-hdc-SFR-seed6-30.2->env6-hdc-SFR-seed6-30.3: iter=2, error-rate=30, num-dialogs=1000 ***
RESULTS:: 10:24:45: root                               EvaluationManager.py <_prstr>179 :  Results for domain: SFRestaurants --evaluated by: objective success evaluator
RESULTS:: 10:24:45: root                               EvaluationManager.py <_prstr>179 :  # of dialogues  = 1000
RESULTS:: 10:24:45: root                               EvaluationManager.py <_prstr>179 :  Average reward  = 5.33 +- 0.64
RESULTS:: 10:24:45: root                               EvaluationManager.py <_prstr>179 :  Average success = 76.90 +- 2.62
RESULTS:: 10:24:45: root                               EvaluationManager.py <_prstr>179 :  Average turns   = 10.05 +- 0.27
RESULTS:: 10:24:45: root                                      pydial <setEvalConfig>506 :  *** Evaluating env6-hdc-SFR-seed6-30.3: error-rate=30 num-dialogs=500 ***
RESULTS:: 10:27:33: root                               EvaluationManager.py <_prstr>179 :  Results for domain: SFRestaurants --evaluated by: objective success evaluator
RESULTS:: 10:27:33: root                               EvaluationManager.py <_prstr>179 :  # of dialogues  = 500
RESULTS:: 10:27:33: root                               EvaluationManager.py <_prstr>179 :  Average reward  = 6.33 +- 0.85
RESULTS:: 10:27:33: root                               EvaluationManager.py <_prstr>179 :  Average success = 78.80 +- 3.59
RESULTS:: 10:27:33: root                               EvaluationManager.py <_prstr>179 :  Average turns   = 9.43 +- 0.34
RESULTS:: 10:27:33: root                                      pydial <train_command>857 :  List of domains: SFRestaurants
RESULTS:: 10:27:33: root                                         pydial <trainBatch>445 :  *** Training Iteration env6-hdc-SFR-seed6-30.3->env6-hdc-SFR-seed6-30.4: iter=3, error-rate=30, num-dialogs=1000 ***
RESULTS:: 10:33:09: root                               EvaluationManager.py <_prstr>179 :  Results for domain: SFRestaurants --evaluated by: objective success evaluator
RESULTS:: 10:33:09: root                               EvaluationManager.py <_prstr>179 :  # of dialogues  = 1000
RESULTS:: 10:33:09: root                               EvaluationManager.py <_prstr>179 :  Average reward  = 6.52 +- 0.58
RESULTS:: 10:33:09: root                               EvaluationManager.py <_prstr>179 :  Average success = 80.40 +- 2.46
RESULTS:: 10:33:09: root                               EvaluationManager.py <_prstr>179 :  Average turns   = 9.56 +- 0.24
RESULTS:: 10:33:09: root                                      pydial <train_command>869 :  List of domains: SFRestaurants
RESULTS:: 10:33:09: root                                      pydial <setEvalConfig>506 :  *** Evaluating env6-hdc-SFR-seed6-30.4: error-rate=30 num-dialogs=500 ***
RESULTS:: 10:35:58: root                               EvaluationManager.py <_prstr>179 :  Results for domain: SFRestaurants --evaluated by: objective success evaluator
RESULTS:: 10:35:58: root                               EvaluationManager.py <_prstr>179 :  # of dialogues  = 500
RESULTS:: 10:35:58: root                               EvaluationManager.py <_prstr>179 :  Average reward  = 6.27 +- 0.85
RESULTS:: 10:35:58: root                               EvaluationManager.py <_prstr>179 :  Average success = 80.60 +- 3.47
RESULTS:: 10:35:58: root                               EvaluationManager.py <_prstr>179 :  Average turns   = 9.85 +- 0.38
RESULTS:: 10:35:58: root                                      pydial <train_command>875 :  *** Training complete. log: env6-hdc-SFR-seed6-30.1-4.train.log - final policy is env6-hdc-SFR-30-04
